---------------------------------------------------------------
[ 2021-01-21T01:14:00+08:00 ] 112.96.100.56 GET /qr/21.html
[ info ] qr.zy13.net/qr/21.html [运行时间：0.124800s][吞吐率：8.01req/s] [内存消耗：2,039.66kb] [文件加载：51]
[ info ] [ LANG ] D:\wwwroot\qr\thinkphp\lang\zh-cn.php
[ info ] [ ROUTE ] array (
  'type' => 'module',
  'module' => 
  array (
    0 => NULL,
    1 => 'index',
    2 => 'qr',
  ),
  'convert' => false,
)
[ info ] [ HEADER ] array (
  'accept-language' => 'zh-CN,zh;q=0.9,en-US;q=0.8,en;q=0.7',
  'accept-encoding' => 'gzip, deflate',
  'x-requested-with' => 'com.tencent.mm',
  'accept' => 'text/html,application/xhtml+xml,application/xml;q=0.9,image/webp,image/apng,*/*;q=0.8,application/signed-exchange;v=b3',
  'user-agent' => 'Mozilla/5.0 (Linux; Android 10; Redmi K20 Pro Build/QKQ1.190825.002; wv) AppleWebKit/537.36 (KHTML, like Gecko) Version/4.0 Chrome/77.0.3865.120 MQQBrowser/6.2 TBS/045511 Mobile Safari/537.36 MMWEBID/3007 MicroMessenger/7.0.22.1820(0x2700163B) Process/tools WeChat/arm64 Weixin NetType/4G Language/zh_CN ABI/arm64',
  'upgrade-insecure-requests' => '1',
  'connection' => 'close',
  'host' => 'qr.zy13.net',
)
[ info ] [ PARAM ] array (
  'id' => '21',
)
[ info ] [ RUN ] app\index\controller\Index->qr[ D:\wwwroot\qr\application\index\controller\Index.php ]
[ info ] [ DB ] INIT mysql
[ info ] [ CACHE ] INIT File
[ info ] [ VIEW ] D:\wwwroot\qr\public/../application/index\view\index\wx.html [ array (
  0 => 'pay_url',
  1 => 'pay_name',
) ]
[ info ] [ LOG ] INIT File
[ sql ] [ DB ] CONNECT:[ UseTime:0.015600s ] mysql:host=127.0.0.1;port=3306;dbname=pay_db;charset=utf8
[ sql ] [ SQL ] SHOW COLUMNS FROM `gy_code` [ RunTime:0.015600s ]
[ sql ] [ SQL ] SELECT * FROM `gy_code` WHERE  `id` = 21 LIMIT 1 [ RunTime:0.000000s ]
[ sql ] [ SQL ] UPDATE `gy_code`  SET `number`=`number`+1  WHERE  `id` = 21 [ RunTime:0.000000s ]
---------------------------------------------------------------
[ 2021-01-21T01:14:00+08:00 ] 112.96.100.56 GET /api.html?text=wxp://f2f0mp6y_f9fgUHvLY6SsbKJRGC4I54GxSeXHm4OImpORMc=
[ info ] qr.zy13.net/api.html?text=wxp://f2f0mp6y_f9fgUHvLY6SsbKJRGC4I54GxSeXHm4OImpORMc= [运行时间：0.093600s][吞吐率：10.68req/s] [内存消耗：1,824.98kb] [文件加载：41]
[ info ] [ LANG ] D:\wwwroot\qr\thinkphp\lang\zh-cn.php
[ info ] [ ROUTE ] array (
  'type' => 'module',
  'module' => 
  array (
    0 => NULL,
    1 => 'index',
    2 => 'api',
  ),
  'convert' => false,
)
[ info ] [ HEADER ] array (
  'accept-language' => 'zh-CN,zh;q=0.9,en-US;q=0.8,en;q=0.7',
  'accept-encoding' => 'gzip, deflate',
  'referer' => 'http://qr.zy13.net/qr/21.html',
  'x-requested-with' => 'com.tencent.mm',
  'accept' => 'image/webp,image/wxpic,image/sharpp,image/apng,image/tpg,image/*,*/*;q=0.8',
  'user-agent' => 'Mozilla/5.0 (Linux; Android 10; Redmi K20 Pro Build/QKQ1.190825.002; wv) AppleWebKit/537.36 (KHTML, like Gecko) Version/4.0 Chrome/77.0.3865.120 MQQBrowser/6.2 TBS/045511 Mobile Safari/537.36 MMWEBID/3007 MicroMessenger/7.0.22.1820(0x2700163B) Process/tools WeChat/arm64 Weixin NetType/4G Language/zh_CN ABI/arm64',
  'connection' => 'close',
  'host' => 'qr.zy13.net',
)
[ info ] [ PARAM ] array (
  'text' => 'wxp://f2f0mp6y_f9fgUHvLY6SsbKJRGC4I54GxSeXHm4OImpORMc=',
)
[ info ] [ RUN ] app\index\controller\Index->api[ D:\wwwroot\qr\application\index\controller\Index.php ]
[ info ] [ LOG ] INIT File
---------------------------------------------------------------
[ 2021-01-21T01:14:52+08:00 ] 101.89.239.216 GET /qr/21.html
[ info ] qr.zy13.net/qr/21.html [运行时间：0.124800s][吞吐率：8.01req/s] [内存消耗：2,038.13kb] [文件加载：51]
[ info ] [ LANG ] D:\wwwroot\qr\thinkphp\lang\zh-cn.php
[ info ] [ ROUTE ] array (
  'type' => 'module',
  'module' => 
  array (
    0 => NULL,
    1 => 'index',
    2 => 'qr',
  ),
  'convert' => false,
)
[ info ] [ HEADER ] array (
  'connection' => 'close',
  'host' => 'qr.zy13.net',
  'accept-language' => 'zh-CN,zh;q=0.8,en-US;q=0.6,en;q=0.4',
  'accept' => '*/*',
  'user-agent' => 'Mozilla/5.0 (Linux; Android 4.4.4; Coolpad Y82-520 Build/KTU84P) AppleWebKit/537.36 (KHTML, like Gecko) Version/4.0 Chrome/33.0.0.0 Mobile Safari/537.36 MicroMessenger/6.5.4.1000 NetType/4G Language/zh_CN',
)
[ info ] [ PARAM ] array (
  'id' => '21',
)
[ info ] [ RUN ] app\index\controller\Index->qr[ D:\wwwroot\qr\application\index\controller\Index.php ]
[ info ] [ DB ] INIT mysql
[ info ] [ CACHE ] INIT File
[ info ] [ VIEW ] D:\wwwroot\qr\public/../application/index\view\index\wx.html [ array (
  0 => 'pay_url',
  1 => 'pay_name',
) ]
[ info ] [ LOG ] INIT File
[ sql ] [ DB ] CONNECT:[ UseTime:0.015600s ] mysql:host=127.0.0.1;port=3306;dbname=pay_db;charset=utf8
[ sql ] [ SQL ] SHOW COLUMNS FROM `gy_code` [ RunTime:0.015600s ]
[ sql ] [ SQL ] SELECT * FROM `gy_code` WHERE  `id` = 21 LIMIT 1 [ RunTime:0.000000s ]
[ sql ] [ SQL ] UPDATE `gy_code`  SET `number`=`number`+1  WHERE  `id` = 21 [ RunTime:0.000000s ]
---------------------------------------------------------------
[ 2021-01-21T05:45:30+08:00 ] 54.36.148.97 GET /
[ info ] qr.zy13.net/ [运行时间：0.109200s][吞吐率：9.16req/s] [内存消耗：2,031.37kb] [文件加载：50]
[ info ] [ LANG ] D:\wwwroot\qr\thinkphp\lang\zh-cn.php
[ info ] [ ROUTE ] array (
  'type' => 'module',
  'module' => 
  array (
    0 => NULL,
    1 => 'index',
    2 => 'index',
  ),
  'convert' => false,
)
[ info ] [ HEADER ] array (
  'connection' => 'close',
  'accept-encoding' => 'deflate, gzip, br',
  'accept' => '*/*',
  'user-agent' => 'Mozilla/5.0 (compatible; AhrefsBot/7.0; +http://ahrefs.com/robot/)',
  'host' => 'qr.zy13.net',
)
[ info ] [ PARAM ] array (
)
[ info ] [ RUN ] app\index\controller\Index->index[ D:\wwwroot\qr\application\index\controller\Index.php ]
[ info ] [ DB ] INIT mysql
[ info ] [ VIEW ] D:\wwwroot\qr\public/../application/index\view\index\index.html [ array (
  0 => 'count',
  1 => 'total',
  2 => 'number',
) ]
[ info ] [ LOG ] INIT File
[ sql ] [ DB ] CONNECT:[ UseTime:0.015600s ] mysql:host=127.0.0.1;port=3306;dbname=pay_db;charset=utf8
[ sql ] [ SQL ] SHOW COLUMNS FROM `gy_code` [ RunTime:0.000000s ]
[ sql ] [ SQL ] SELECT COUNT(*) AS tp_count FROM `gy_code` WHERE  ( `time` > 1611158400 AND `time` < 1611179130 ) LIMIT 1 [ RunTime:0.015600s ]
[ sql ] [ SQL ] SELECT COUNT(*) AS tp_count FROM `gy_code` LIMIT 1 [ RunTime:0.000000s ]
[ sql ] [ SQL ] SELECT SUM(number) AS tp_sum FROM `gy_code` LIMIT 1 [ RunTime:0.000000s ]
---------------------------------------------------------------
[ 2021-01-21T07:42:21+08:00 ] 61.129.6.251 GET /
[ info ] qr.zy13.net/ [运行时间：0.093601s][吞吐率：10.68req/s] [内存消耗：2,031.38kb] [文件加载：50]
[ info ] [ LANG ] D:\wwwroot\qr\thinkphp\lang\zh-cn.php
[ info ] [ ROUTE ] array (
  'type' => 'module',
  'module' => 
  array (
    0 => NULL,
    1 => 'index',
    2 => 'index',
  ),
  'convert' => false,
)
[ info ] [ HEADER ] array (
  'connection' => 'close',
  'host' => 'qr.zy13.net',
  'accept-language' => 'zh-CN,zh;q=0.8,en-US;q=0.6,en;q=0.4',
  'accept' => '*/*',
  'user-agent' => 'Mozilla/5.0 (Windows NT 6.1; WOW64) AppleWebKit/537.36 (KHTML, like Gecko) Chrome/56.0.2924.87 Safari/537.36',
)
[ info ] [ PARAM ] array (
)
[ info ] [ RUN ] app\index\controller\Index->index[ D:\wwwroot\qr\application\index\controller\Index.php ]
[ info ] [ DB ] INIT mysql
[ info ] [ VIEW ] D:\wwwroot\qr\public/../application/index\view\index\index.html [ array (
  0 => 'count',
  1 => 'total',
  2 => 'number',
) ]
[ info ] [ LOG ] INIT File
[ sql ] [ DB ] CONNECT:[ UseTime:0.015600s ] mysql:host=127.0.0.1;port=3306;dbname=pay_db;charset=utf8
[ sql ] [ SQL ] SHOW COLUMNS FROM `gy_code` [ RunTime:0.000000s ]
[ sql ] [ SQL ] SELECT COUNT(*) AS tp_count FROM `gy_code` WHERE  ( `time` > 1611158400 AND `time` < 1611186141 ) LIMIT 1 [ RunTime:0.000000s ]
[ sql ] [ SQL ] SELECT COUNT(*) AS tp_count FROM `gy_code` LIMIT 1 [ RunTime:0.000000s ]
[ sql ] [ SQL ] SELECT SUM(number) AS tp_sum FROM `gy_code` LIMIT 1 [ RunTime:0.015601s ]
---------------------------------------------------------------
[ 2021-01-21T16:21:33+08:00 ] 1.27.232.69 GET /
[ info ] qr.zy13.net/ [运行时间：0.124800s][吞吐率：8.01req/s] [内存消耗：2,032.34kb] [文件加载：50]
[ info ] [ LANG ] D:\wwwroot\qr\thinkphp\lang\zh-cn.php
[ info ] [ ROUTE ] array (
  'type' => 'module',
  'module' => 
  array (
    0 => NULL,
    1 => 'index',
    2 => 'index',
  ),
  'convert' => false,
)
[ info ] [ HEADER ] array (
  'accept-language' => 'zh-CN,zh;q=0.9',
  'accept-encoding' => 'gzip, deflate',
  'referer' => 'https://link.csdn.net/?target=http%3A%2F%2Fqr.zy13.net%2F',
  'accept' => 'text/html,application/xhtml+xml,application/xml;q=0.9,image/webp,image/apng,*/*;q=0.8,application/signed-exchange;v=b3',
  'user-agent' => 'Mozilla/5.0 (Windows NT 10.0; WOW64) AppleWebKit/537.36 (KHTML, like Gecko) Chrome/78.0.3904.108 Safari/537.36',
  'upgrade-insecure-requests' => '1',
  'connection' => 'close',
  'host' => 'qr.zy13.net',
)
[ info ] [ PARAM ] array (
)
[ info ] [ RUN ] app\index\controller\Index->index[ D:\wwwroot\qr\application\index\controller\Index.php ]
[ info ] [ DB ] INIT mysql
[ info ] [ VIEW ] D:\wwwroot\qr\public/../application/index\view\index\index.html [ array (
  0 => 'count',
  1 => 'total',
  2 => 'number',
) ]
[ info ] [ LOG ] INIT File
[ sql ] [ DB ] CONNECT:[ UseTime:0.000000s ] mysql:host=127.0.0.1;port=3306;dbname=pay_db;charset=utf8
[ sql ] [ SQL ] SHOW COLUMNS FROM `gy_code` [ RunTime:0.015600s ]
[ sql ] [ SQL ] SELECT COUNT(*) AS tp_count FROM `gy_code` WHERE  ( `time` > 1611158400 AND `time` < 1611217293 ) LIMIT 1 [ RunTime:0.000000s ]
[ sql ] [ SQL ] SELECT COUNT(*) AS tp_count FROM `gy_code` LIMIT 1 [ RunTime:0.000000s ]
[ sql ] [ SQL ] SELECT SUM(number) AS tp_sum FROM `gy_code` LIMIT 1 [ RunTime:0.000000s ]
---------------------------------------------------------------
[ 2021-01-21T17:27:44+08:00 ] 175.7.89.150 GET /
[ info ] qr.zy13.net/ [运行时间：0.124800s][吞吐率：8.01req/s] [内存消耗：2,032.63kb] [文件加载：50]
[ info ] [ LANG ] D:\wwwroot\qr\thinkphp\lang\zh-cn.php
[ info ] [ ROUTE ] array (
  'type' => 'module',
  'module' => 
  array (
    0 => NULL,
    1 => 'index',
    2 => 'index',
  ),
  'convert' => false,
)
[ info ] [ HEADER ] array (
  'accept-language' => 'zh-CN,zh;q=0.9,en-US;q=0.8,en;q=0.7',
  'accept-encoding' => 'gzip, deflate',
  'referer' => 'https://blog.csdn.net/qq15577969/article/details/105181958',
  'accept' => 'text/html,application/xhtml+xml,application/xml;q=0.9,image/webp,image/apng,*/*;q=0.8',
  'user-agent' => 'Mozilla/5.0 (Linux; Android 7.1.0; M6 Note Build/JRO03H) AppleWebKit/537.36 (KHTML, like Gecko) Version/4.0 Chrome/62.0.3202.97 MZBrowser/8.1.0 Mobile Safari/537.36',
  'upgrade-insecure-requests' => '1',
  'connection' => 'close',
  'host' => 'qr.zy13.net',
)
[ info ] [ PARAM ] array (
)
[ info ] [ RUN ] app\index\controller\Index->index[ D:\wwwroot\qr\application\index\controller\Index.php ]
[ info ] [ DB ] INIT mysql
[ info ] [ VIEW ] D:\wwwroot\qr\public/../application/index\view\index\index.html [ array (
  0 => 'count',
  1 => 'total',
  2 => 'number',
) ]
[ info ] [ LOG ] INIT File
[ sql ] [ DB ] CONNECT:[ UseTime:0.000000s ] mysql:host=127.0.0.1;port=3306;dbname=pay_db;charset=utf8
[ sql ] [ SQL ] SHOW COLUMNS FROM `gy_code` [ RunTime:0.000000s ]
[ sql ] [ SQL ] SELECT COUNT(*) AS tp_count FROM `gy_code` WHERE  ( `time` > 1611158400 AND `time` < 1611221264 ) LIMIT 1 [ RunTime:0.000000s ]
[ sql ] [ SQL ] SELECT COUNT(*) AS tp_count FROM `gy_code` LIMIT 1 [ RunTime:0.000000s ]
[ sql ] [ SQL ] SELECT SUM(number) AS tp_sum FROM `gy_code` LIMIT 1 [ RunTime:0.000000s ]
---------------------------------------------------------------
[ 2021-01-21T17:28:16+08:00 ] 175.7.89.150 POST /uploads/alipay.html
[ info ] qr.zy13.net/uploads/alipay.html [运行时间：7.410013s][吞吐率：0.13req/s] [内存消耗：3,396.61kb] [文件加载：89]
[ info ] [ LANG ] D:\wwwroot\qr\thinkphp\lang\zh-cn.php
[ info ] [ ROUTE ] array (
  'type' => 'module',
  'module' => 
  array (
    0 => NULL,
    1 => 'index',
    2 => 'uploads',
  ),
  'convert' => false,
)
[ info ] [ HEADER ] array (
  'accept-language' => 'zh-CN,zh;q=0.9,en-US;q=0.8,en;q=0.7',
  'accept-encoding' => 'gzip, deflate',
  'referer' => 'http://qr.zy13.net/',
  'content-type' => 'multipart/form-data; boundary=----WebKitFormBoundaryami5LNSATqv3kpUX',
  'user-agent' => 'Mozilla/5.0 (Linux; Android 7.1.0; M6 Note Build/JRO03H) AppleWebKit/537.36 (KHTML, like Gecko) Version/4.0 Chrome/62.0.3202.97 MZBrowser/8.1.0 Mobile Safari/537.36',
  'x-requested-with' => 'XMLHttpRequest',
  'origin' => 'http://qr.zy13.net',
  'accept' => 'application/json, text/javascript, */*; q=0.01',
  'content-length' => '266540',
  'connection' => 'close',
  'host' => 'qr.zy13.net',
)
[ info ] [ PARAM ] array (
  'pay' => 'alipay',
)
[ info ] [ RUN ] app\index\controller\Index->uploads[ D:\wwwroot\qr\application\index\controller\Index.php ]
[ info ] [ LOG ] INIT File
---------------------------------------------------------------
[ 2021-01-21T17:29:00+08:00 ] 175.7.89.150 POST /uploads/alipay.html
[ info ] qr.zy13.net/uploads/alipay.html [运行时间：7.160413s][吞吐率：0.14req/s] [内存消耗：3,396.46kb] [文件加载：89]
[ info ] [ LANG ] D:\wwwroot\qr\thinkphp\lang\zh-cn.php
[ info ] [ ROUTE ] array (
  'type' => 'module',
  'module' => 
  array (
    0 => NULL,
    1 => 'index',
    2 => 'uploads',
  ),
  'convert' => false,
)
[ info ] [ HEADER ] array (
  'accept-language' => 'zh-CN,zh;q=0.9,en-US;q=0.8,en;q=0.7',
  'accept-encoding' => 'gzip, deflate',
  'referer' => 'http://qr.zy13.net/',
  'content-type' => 'multipart/form-data; boundary=----WebKitFormBoundarykubti0hKV0BEDtrM',
  'user-agent' => 'Mozilla/5.0 (Linux; Android 7.1.0; M6 Note Build/JRO03H) AppleWebKit/537.36 (KHTML, like Gecko) Version/4.0 Chrome/62.0.3202.97 MZBrowser/8.1.0 Mobile Safari/537.36',
  'x-requested-with' => 'XMLHttpRequest',
  'origin' => 'http://qr.zy13.net',
  'accept' => 'application/json, text/javascript, */*; q=0.01',
  'content-length' => '282976',
  'connection' => 'close',
  'host' => 'qr.zy13.net',
)
[ info ] [ PARAM ] array (
  'pay' => 'alipay',
)
[ info ] [ RUN ] app\index\controller\Index->uploads[ D:\wwwroot\qr\application\index\controller\Index.php ]
[ info ] [ LOG ] INIT File
---------------------------------------------------------------
[ 2021-01-21T22:29:54+08:00 ] 61.158.146.14 GET /qr/19.html
[ info ] qr.zy13.net/qr/19.html [运行时间：0.140400s][吞吐率：7.12req/s] [内存消耗：1,973.02kb] [文件加载：48]
[ info ] [ LANG ] D:\wwwroot\qr\thinkphp\lang\zh-cn.php
[ info ] [ ROUTE ] array (
  'type' => 'module',
  'module' => 
  array (
    0 => NULL,
    1 => 'index',
    2 => 'qr',
  ),
  'convert' => false,
)
[ info ] [ HEADER ] array (
  'connection' => 'close',
  'host' => 'qr.zy13.net',
  'accept-encoding' => 'gzip',
  'accept-language' => 'zh-CN,en-US;q=0.9',
  'x-mass-tappid' => '20000067',
  'user-agent' => 'Mozilla/5.0 (Linux; U; Android 10; zh-CN; Redmi K20 Pro Build/QKQ1.190825.002) AppleWebKit/537.36 (KHTML, like Gecko) Version/4.0 Chrome/69.0.3497.100 UWS/3.22.1.73 Mobile Safari/537.36 UCBS/3.22.1.73_201208174214 NebulaSDK/1.8.100112 Nebula AlipayDefined(nt:WIFI,ws:393|0|2.75,ac:sp) AliApp(AP/10.2.10.7020) AlipayClient/10.2.10.7020 Language/zh-Hans useStatusBar/true isConcaveScreen/false Region/CN NebulaX/1.0.0 Ariver/1.0.0',
  'upgrade-insecure-requests' => '1',
  'x-requested-with' => 'com.eg.android.AlipayGphone',
  'accept' => 'text/html,application/xhtml+xml,application/xml;q=0.9,image/webp,image/apng,*/*;q=0.8',
)
[ info ] [ PARAM ] array (
  'id' => '19',
)
[ info ] [ RUN ] app\index\controller\Index->qr[ D:\wwwroot\qr\application\index\controller\Index.php ]
[ info ] [ DB ] INIT mysql
[ info ] [ CACHE ] INIT File
[ info ] [ LOG ] INIT File
[ sql ] [ DB ] CONNECT:[ UseTime:0.031200s ] mysql:host=127.0.0.1;port=3306;dbname=pay_db;charset=utf8
[ sql ] [ SQL ] SHOW COLUMNS FROM `gy_code` [ RunTime:0.015600s ]
[ sql ] [ SQL ] SELECT * FROM `gy_code` WHERE  `id` = 19 LIMIT 1 [ RunTime:0.000000s ]
[ sql ] [ SQL ] UPDATE `gy_code`  SET `number`=`number`+1  WHERE  `id` = 19 [ RunTime:0.000000s ]
---------------------------------------------------------------
[ 2021-01-21T22:30:11+08:00 ] 61.158.146.14 GET /qr/19.html
[ info ] qr.zy13.net/qr/19.html [运行时间：0.109201s][吞吐率：9.16req/s] [内存消耗：1,973.02kb] [文件加载：48]
[ info ] [ LANG ] D:\wwwroot\qr\thinkphp\lang\zh-cn.php
[ info ] [ ROUTE ] array (
  'type' => 'module',
  'module' => 
  array (
    0 => NULL,
    1 => 'index',
    2 => 'qr',
  ),
  'convert' => false,
)
[ info ] [ HEADER ] array (
  'connection' => 'close',
  'host' => 'qr.zy13.net',
  'accept-encoding' => 'gzip',
  'accept-language' => 'zh-CN,en-US;q=0.9',
  'x-mass-tappid' => '20000067',
  'user-agent' => 'Mozilla/5.0 (Linux; U; Android 10; zh-CN; Redmi K20 Pro Build/QKQ1.190825.002) AppleWebKit/537.36 (KHTML, like Gecko) Version/4.0 Chrome/69.0.3497.100 UWS/3.22.1.73 Mobile Safari/537.36 UCBS/3.22.1.73_201208174214 NebulaSDK/1.8.100112 Nebula AlipayDefined(nt:WIFI,ws:393|0|2.75,ac:sp) AliApp(AP/10.2.10.7020) AlipayClient/10.2.10.7020 Language/zh-Hans useStatusBar/true isConcaveScreen/false Region/CN NebulaX/1.0.0 Ariver/1.0.0',
  'upgrade-insecure-requests' => '1',
  'x-requested-with' => 'com.eg.android.AlipayGphone',
  'accept' => 'text/html,application/xhtml+xml,application/xml;q=0.9,image/webp,image/apng,*/*;q=0.8',
)
[ info ] [ PARAM ] array (
  'id' => '19',
)
[ info ] [ RUN ] app\index\controller\Index->qr[ D:\wwwroot\qr\application\index\controller\Index.php ]
[ info ] [ DB ] INIT mysql
[ info ] [ CACHE ] INIT File
[ info ] [ LOG ] INIT File
[ sql ] [ DB ] CONNECT:[ UseTime:0.000000s ] mysql:host=127.0.0.1;port=3306;dbname=pay_db;charset=utf8
[ sql ] [ SQL ] SHOW COLUMNS FROM `gy_code` [ RunTime:0.015600s ]
[ sql ] [ SQL ] SELECT * FROM `gy_code` WHERE  `id` = 19 LIMIT 1 [ RunTime:0.000000s ]
[ sql ] [ SQL ] UPDATE `gy_code`  SET `number`=`number`+1  WHERE  `id` = 19 [ RunTime:0.000000s ]
---------------------------------------------------------------
[ 2021-01-21T23:31:24+08:00 ] 180.163.220.68 GET /
[ info ] qr.zy13.net/ [运行时间：0.109200s][吞吐率：9.16req/s] [内存消耗：2,032.99kb] [文件加载：50]
[ info ] [ LANG ] D:\wwwroot\qr\thinkphp\lang\zh-cn.php
[ info ] [ ROUTE ] array (
  'type' => 'module',
  'module' => 
  array (
    0 => NULL,
    1 => 'index',
    2 => 'index',
  ),
  'convert' => false,
)
[ info ] [ HEADER ] array (
  'accept-encoding' => 'gzip, deflate',
  'referer' => 'http://baidu.com/',
  'accept' => 'text/html,application/xhtml+xml,application/xml;q=0.9,image/webp,image/apng,*/*;q=0.8',
  'user-agent' => 'Mozilla/5.0 (Linux; U; Android 8.1.0; zh-CN; EML-AL00 Build/HUAWEIEML-AL00) AppleWebKit/537.36 (KHTML, like Gecko) Version/4.0 Chrome/57.0.2987.108 baidu.sogo.uc.UCBrowser/11.9.4.974 UWS/2.13.1.48 Mobile Safari/537.36 AliApp(DingTalk/4.5.11) com.alibaba.android.rimet/10487439 Channel/227200 language/zh-CN',
  'upgrade-insecure-requests' => '1',
  'cache-control' => 'no-cache',
  'pragma' => 'no-cache',
  'connection' => 'close',
  'host' => 'qr.zy13.net',
)
[ info ] [ PARAM ] array (
)
[ info ] [ RUN ] app\index\controller\Index->index[ D:\wwwroot\qr\application\index\controller\Index.php ]
[ info ] [ DB ] INIT mysql
[ info ] [ VIEW ] D:\wwwroot\qr\public/../application/index\view\index\index.html [ array (
  0 => 'count',
  1 => 'total',
  2 => 'number',
) ]
[ info ] [ LOG ] INIT File
[ sql ] [ DB ] CONNECT:[ UseTime:0.000000s ] mysql:host=127.0.0.1;port=3306;dbname=pay_db;charset=utf8
[ sql ] [ SQL ] SHOW COLUMNS FROM `gy_code` [ RunTime:0.015600s ]
[ sql ] [ SQL ] SELECT COUNT(*) AS tp_count FROM `gy_code` WHERE  ( `time` > 1611158400 AND `time` < 1611243084 ) LIMIT 1 [ RunTime:0.000000s ]
[ sql ] [ SQL ] SELECT COUNT(*) AS tp_count FROM `gy_code` LIMIT 1 [ RunTime:0.000000s ]
[ sql ] [ SQL ] SELECT SUM(number) AS tp_sum FROM `gy_code` LIMIT 1 [ RunTime:0.000000s ]
