---------------------------------------------------------------
[ 2021-01-24T01:38:29+08:00 ] 117.136.44.172 GET /
[ info ] qr.zy13.net/ [运行时间：0.124801s][吞吐率：8.01req/s] [内存消耗：2,032.77kb] [文件加载：50]
[ info ] [ LANG ] D:\wwwroot\qr\thinkphp\lang\zh-cn.php
[ info ] [ ROUTE ] array (
  'type' => 'module',
  'module' => 
  array (
    0 => NULL,
    1 => 'index',
    2 => 'index',
  ),
  'convert' => false,
)
[ info ] [ HEADER ] array (
  'accept-language' => 'zh-CN,zh;q=0.9,en-US;q=0.8,en;q=0.7',
  'accept-encoding' => 'gzip, deflate',
  'referer' => 'https://blog.csdn.net/qq15577969/article/details/105181958',
  'accept' => 'text/html,application/xhtml+xml,application/xml;q=0.9,image/webp,image/apng,*/*;q=0.8,application/signed-exchange;v=b3;q=0.9',
  'user-agent' => 'Mozilla/5.0 (Linux; U; Android 9; zh-cn; Redmi S2 Build/PKQ1.181203.001) AppleWebKit/537.36 (KHTML, like Gecko) Version/4.0 Chrome/79.0.3945.147 Mobile Safari/537.36 XiaoMi/MiuiBrowser/13.7.16',
  'upgrade-insecure-requests' => '1',
  'connection' => 'close',
  'host' => 'qr.zy13.net',
)
[ info ] [ PARAM ] array (
)
[ info ] [ RUN ] app\index\controller\Index->index[ D:\wwwroot\qr\application\index\controller\Index.php ]
[ info ] [ DB ] INIT mysql
[ info ] [ VIEW ] D:\wwwroot\qr\public/../application/index\view\index\index.html [ array (
  0 => 'count',
  1 => 'total',
  2 => 'number',
) ]
[ info ] [ LOG ] INIT File
[ sql ] [ DB ] CONNECT:[ UseTime:0.015600s ] mysql:host=127.0.0.1;port=3306;dbname=pay_db;charset=utf8
[ sql ] [ SQL ] SHOW COLUMNS FROM `gy_code` [ RunTime:0.000000s ]
[ sql ] [ SQL ] SELECT COUNT(*) AS tp_count FROM `gy_code` WHERE  ( `time` > 1611417600 AND `time` < 1611423509 ) LIMIT 1 [ RunTime:0.015600s ]
[ sql ] [ SQL ] SELECT COUNT(*) AS tp_count FROM `gy_code` LIMIT 1 [ RunTime:0.000000s ]
[ sql ] [ SQL ] SELECT SUM(number) AS tp_sum FROM `gy_code` LIMIT 1 [ RunTime:0.000000s ]
---------------------------------------------------------------
[ 2021-01-24T01:39:57+08:00 ] 117.136.44.172 GET /
[ info ] qr.zy13.net/ [运行时间：0.124800s][吞吐率：8.01req/s] [内存消耗：2,032.77kb] [文件加载：50]
[ info ] [ LANG ] D:\wwwroot\qr\thinkphp\lang\zh-cn.php
[ info ] [ ROUTE ] array (
  'type' => 'module',
  'module' => 
  array (
    0 => NULL,
    1 => 'index',
    2 => 'index',
  ),
  'convert' => false,
)
[ info ] [ HEADER ] array (
  'accept-language' => 'zh-CN,zh;q=0.9,en-US;q=0.8,en;q=0.7',
  'accept-encoding' => 'gzip, deflate',
  'referer' => 'https://blog.csdn.net/qq15577969/article/details/105181958',
  'accept' => 'text/html,application/xhtml+xml,application/xml;q=0.9,image/webp,image/apng,*/*;q=0.8,application/signed-exchange;v=b3;q=0.9',
  'user-agent' => 'Mozilla/5.0 (Linux; U; Android 9; zh-cn; Redmi S2 Build/PKQ1.181203.001) AppleWebKit/537.36 (KHTML, like Gecko) Version/4.0 Chrome/79.0.3945.147 Mobile Safari/537.36 XiaoMi/MiuiBrowser/13.7.16',
  'upgrade-insecure-requests' => '1',
  'connection' => 'close',
  'host' => 'qr.zy13.net',
)
[ info ] [ PARAM ] array (
)
[ info ] [ RUN ] app\index\controller\Index->index[ D:\wwwroot\qr\application\index\controller\Index.php ]
[ info ] [ DB ] INIT mysql
[ info ] [ VIEW ] D:\wwwroot\qr\public/../application/index\view\index\index.html [ array (
  0 => 'count',
  1 => 'total',
  2 => 'number',
) ]
[ info ] [ LOG ] INIT File
[ sql ] [ DB ] CONNECT:[ UseTime:0.000000s ] mysql:host=127.0.0.1;port=3306;dbname=pay_db;charset=utf8
[ sql ] [ SQL ] SHOW COLUMNS FROM `gy_code` [ RunTime:0.015600s ]
[ sql ] [ SQL ] SELECT COUNT(*) AS tp_count FROM `gy_code` WHERE  ( `time` > 1611417600 AND `time` < 1611423597 ) LIMIT 1 [ RunTime:0.000000s ]
[ sql ] [ SQL ] SELECT COUNT(*) AS tp_count FROM `gy_code` LIMIT 1 [ RunTime:0.000000s ]
[ sql ] [ SQL ] SELECT SUM(number) AS tp_sum FROM `gy_code` LIMIT 1 [ RunTime:0.000000s ]
---------------------------------------------------------------
[ 2021-01-24T01:40:03+08:00 ] 117.136.44.172 GET /
[ info ] qr.zy13.net/ [运行时间：0.124801s][吞吐率：8.01req/s] [内存消耗：2,032.77kb] [文件加载：50]
[ info ] [ LANG ] D:\wwwroot\qr\thinkphp\lang\zh-cn.php
[ info ] [ ROUTE ] array (
  'type' => 'module',
  'module' => 
  array (
    0 => NULL,
    1 => 'index',
    2 => 'index',
  ),
  'convert' => false,
)
[ info ] [ HEADER ] array (
  'accept-language' => 'zh-CN,zh;q=0.9,en-US;q=0.8,en;q=0.7',
  'accept-encoding' => 'gzip, deflate',
  'referer' => 'https://blog.csdn.net/qq15577969/article/details/105181958',
  'accept' => 'text/html,application/xhtml+xml,application/xml;q=0.9,image/webp,image/apng,*/*;q=0.8,application/signed-exchange;v=b3;q=0.9',
  'user-agent' => 'Mozilla/5.0 (Linux; U; Android 9; zh-cn; Redmi S2 Build/PKQ1.181203.001) AppleWebKit/537.36 (KHTML, like Gecko) Version/4.0 Chrome/79.0.3945.147 Mobile Safari/537.36 XiaoMi/MiuiBrowser/13.7.16',
  'upgrade-insecure-requests' => '1',
  'connection' => 'close',
  'host' => 'qr.zy13.net',
)
[ info ] [ PARAM ] array (
)
[ info ] [ RUN ] app\index\controller\Index->index[ D:\wwwroot\qr\application\index\controller\Index.php ]
[ info ] [ DB ] INIT mysql
[ info ] [ VIEW ] D:\wwwroot\qr\public/../application/index\view\index\index.html [ array (
  0 => 'count',
  1 => 'total',
  2 => 'number',
) ]
[ info ] [ LOG ] INIT File
[ sql ] [ DB ] CONNECT:[ UseTime:0.000000s ] mysql:host=127.0.0.1;port=3306;dbname=pay_db;charset=utf8
[ sql ] [ SQL ] SHOW COLUMNS FROM `gy_code` [ RunTime:0.015600s ]
[ sql ] [ SQL ] SELECT COUNT(*) AS tp_count FROM `gy_code` WHERE  ( `time` > 1611417600 AND `time` < 1611423603 ) LIMIT 1 [ RunTime:0.000000s ]
[ sql ] [ SQL ] SELECT COUNT(*) AS tp_count FROM `gy_code` LIMIT 1 [ RunTime:0.000000s ]
[ sql ] [ SQL ] SELECT SUM(number) AS tp_sum FROM `gy_code` LIMIT 1 [ RunTime:0.000000s ]
---------------------------------------------------------------
[ 2021-01-24T01:40:50+08:00 ] 117.136.44.172 POST /uploads/wechat.html
[ info ] qr.zy13.net/uploads/wechat.html [运行时间：3.073205s][吞吐率：0.33req/s] [内存消耗：3,396.01kb] [文件加载：89]
[ info ] [ LANG ] D:\wwwroot\qr\thinkphp\lang\zh-cn.php
[ info ] [ ROUTE ] array (
  'type' => 'module',
  'module' => 
  array (
    0 => NULL,
    1 => 'index',
    2 => 'uploads',
  ),
  'convert' => false,
)
[ info ] [ HEADER ] array (
  'accept-language' => 'zh-CN,zh;q=0.9,en-US;q=0.8,en;q=0.7',
  'accept-encoding' => 'gzip, deflate',
  'referer' => 'http://qr.zy13.net/',
  'content-type' => 'multipart/form-data; boundary=----WebKitFormBoundaryIXDdDAYS6V41Zm0Z',
  'user-agent' => 'Mozilla/5.0 (Linux; U; Android 9; zh-cn; Redmi S2 Build/PKQ1.181203.001) AppleWebKit/537.36 (KHTML, like Gecko) Version/4.0 Chrome/79.0.3945.147 Mobile Safari/537.36 XiaoMi/MiuiBrowser/13.7.16',
  'x-requested-with' => 'XMLHttpRequest',
  'origin' => 'http://qr.zy13.net',
  'accept' => 'application/json, text/javascript, */*; q=0.01',
  'content-length' => '76375',
  'connection' => 'close',
  'host' => 'qr.zy13.net',
)
[ info ] [ PARAM ] array (
  'pay' => 'wechat',
)
[ info ] [ RUN ] app\index\controller\Index->uploads[ D:\wwwroot\qr\application\index\controller\Index.php ]
[ info ] [ LOG ] INIT File
---------------------------------------------------------------
[ 2021-01-24T02:20:18+08:00 ] 117.136.64.72 GET /
[ info ] qr.zy13.net/ [运行时间：0.109200s][吞吐率：9.16req/s] [内存消耗：2,032.55kb] [文件加载：50]
[ info ] [ LANG ] D:\wwwroot\qr\thinkphp\lang\zh-cn.php
[ info ] [ ROUTE ] array (
  'type' => 'module',
  'module' => 
  array (
    0 => NULL,
    1 => 'index',
    2 => 'index',
  ),
  'convert' => false,
)
[ info ] [ HEADER ] array (
  'accept-language' => 'zh-CN,zh;q=0.9',
  'accept-encoding' => 'gzip, deflate',
  'referer' => 'https://blog.csdn.net/qq15577969/article/details/105181958',
  'accept' => 'text/html,application/xhtml+xml,application/xml;q=0.9,image/webp,image/apng,*/*;q=0.8',
  'user-agent' => 'Mozilla/5.0 (Linux; U; Android 10; zh-cn; PCKM00 Build/QKQ1.190915.002) AppleWebKit/537.36 (KHTML, like Gecko) Version/4.0 Chrome/70.0.3538.80 Mobile Safari/537.36 HeyTapBrowser/40.7.16.2',
  'upgrade-insecure-requests' => '1',
  'connection' => 'close',
  'host' => 'qr.zy13.net',
)
[ info ] [ PARAM ] array (
)
[ info ] [ RUN ] app\index\controller\Index->index[ D:\wwwroot\qr\application\index\controller\Index.php ]
[ info ] [ DB ] INIT mysql
[ info ] [ VIEW ] D:\wwwroot\qr\public/../application/index\view\index\index.html [ array (
  0 => 'count',
  1 => 'total',
  2 => 'number',
) ]
[ info ] [ LOG ] INIT File
[ sql ] [ DB ] CONNECT:[ UseTime:0.015600s ] mysql:host=127.0.0.1;port=3306;dbname=pay_db;charset=utf8
[ sql ] [ SQL ] SHOW COLUMNS FROM `gy_code` [ RunTime:0.000000s ]
[ sql ] [ SQL ] SELECT COUNT(*) AS tp_count FROM `gy_code` WHERE  ( `time` > 1611417600 AND `time` < 1611426018 ) LIMIT 1 [ RunTime:0.000000s ]
[ sql ] [ SQL ] SELECT COUNT(*) AS tp_count FROM `gy_code` LIMIT 1 [ RunTime:0.000000s ]
[ sql ] [ SQL ] SELECT SUM(number) AS tp_sum FROM `gy_code` LIMIT 1 [ RunTime:0.000000s ]
---------------------------------------------------------------
[ 2021-01-24T02:24:16+08:00 ] 42.236.10.75 GET /
[ info ] qr.zy13.net/ [运行时间：0.109200s][吞吐率：9.16req/s] [内存消耗：2,032.99kb] [文件加载：50]
[ info ] [ LANG ] D:\wwwroot\qr\thinkphp\lang\zh-cn.php
[ info ] [ ROUTE ] array (
  'type' => 'module',
  'module' => 
  array (
    0 => NULL,
    1 => 'index',
    2 => 'index',
  ),
  'convert' => false,
)
[ info ] [ HEADER ] array (
  'accept-encoding' => 'gzip, deflate',
  'referer' => 'http://baidu.com/',
  'accept' => 'text/html,application/xhtml+xml,application/xml;q=0.9,image/webp,image/apng,*/*;q=0.8',
  'user-agent' => 'Mozilla/5.0 (Linux; U; Android 8.1.0; zh-CN; EML-AL00 Build/HUAWEIEML-AL00) AppleWebKit/537.36 (KHTML, like Gecko) Version/4.0 Chrome/57.0.2987.108 baidu.sogo.uc.UCBrowser/11.9.4.974 UWS/2.13.1.48 Mobile Safari/537.36 AliApp(DingTalk/4.5.11) com.alibaba.android.rimet/10487439 Channel/227200 language/zh-CN',
  'upgrade-insecure-requests' => '1',
  'cache-control' => 'no-cache',
  'pragma' => 'no-cache',
  'connection' => 'close',
  'host' => 'qr.zy13.net',
)
[ info ] [ PARAM ] array (
)
[ info ] [ RUN ] app\index\controller\Index->index[ D:\wwwroot\qr\application\index\controller\Index.php ]
[ info ] [ DB ] INIT mysql
[ info ] [ VIEW ] D:\wwwroot\qr\public/../application/index\view\index\index.html [ array (
  0 => 'count',
  1 => 'total',
  2 => 'number',
) ]
[ info ] [ LOG ] INIT File
[ sql ] [ DB ] CONNECT:[ UseTime:0.015600s ] mysql:host=127.0.0.1;port=3306;dbname=pay_db;charset=utf8
[ sql ] [ SQL ] SHOW COLUMNS FROM `gy_code` [ RunTime:0.000000s ]
[ sql ] [ SQL ] SELECT COUNT(*) AS tp_count FROM `gy_code` WHERE  ( `time` > 1611417600 AND `time` < 1611426256 ) LIMIT 1 [ RunTime:0.015600s ]
[ sql ] [ SQL ] SELECT COUNT(*) AS tp_count FROM `gy_code` LIMIT 1 [ RunTime:0.000000s ]
[ sql ] [ SQL ] SELECT SUM(number) AS tp_sum FROM `gy_code` LIMIT 1 [ RunTime:0.000000s ]
---------------------------------------------------------------
[ 2021-01-24T03:08:52+08:00 ] 122.13.163.184 GET /
[ info ] qr.zy13.net/ [运行时间：0.140400s][吞吐率：7.12req/s] [内存消耗：2,031.42kb] [文件加载：50]
[ info ] [ LANG ] D:\wwwroot\qr\thinkphp\lang\zh-cn.php
[ info ] [ ROUTE ] array (
  'type' => 'module',
  'module' => 
  array (
    0 => NULL,
    1 => 'index',
    2 => 'index',
  ),
  'convert' => false,
)
[ info ] [ HEADER ] array (
  'connection' => 'close',
  'accept-encoding' => 'gzip, deflate',
  'accept' => '*/*',
  'user-agent' => 'Mozilla/5.0 (Windows NT 6.1; Win64; x64) AppleWebKit/537.36 (KHTML, like Gecko) Chrome/40.0.2214.85 Safari/537.36',
  'host' => 'qr.zy13.net',
)
[ info ] [ PARAM ] array (
)
[ info ] [ RUN ] app\index\controller\Index->index[ D:\wwwroot\qr\application\index\controller\Index.php ]
[ info ] [ DB ] INIT mysql
[ info ] [ VIEW ] D:\wwwroot\qr\public/../application/index\view\index\index.html [ array (
  0 => 'count',
  1 => 'total',
  2 => 'number',
) ]
[ info ] [ LOG ] INIT File
[ sql ] [ DB ] CONNECT:[ UseTime:0.015600s ] mysql:host=127.0.0.1;port=3306;dbname=pay_db;charset=utf8
[ sql ] [ SQL ] SHOW COLUMNS FROM `gy_code` [ RunTime:0.000000s ]
[ sql ] [ SQL ] SELECT COUNT(*) AS tp_count FROM `gy_code` WHERE  ( `time` > 1611417600 AND `time` < 1611428932 ) LIMIT 1 [ RunTime:0.015600s ]
[ sql ] [ SQL ] SELECT COUNT(*) AS tp_count FROM `gy_code` LIMIT 1 [ RunTime:0.000000s ]
[ sql ] [ SQL ] SELECT SUM(number) AS tp_sum FROM `gy_code` LIMIT 1 [ RunTime:0.000000s ]
---------------------------------------------------------------
[ 2021-01-24T03:08:52+08:00 ] 122.13.163.184 GET /
[ info ] qr.zy13.net/ [运行时间：0.109200s][吞吐率：9.16req/s] [内存消耗：2,031.42kb] [文件加载：50]
[ info ] [ LANG ] D:\wwwroot\qr\thinkphp\lang\zh-cn.php
[ info ] [ ROUTE ] array (
  'type' => 'module',
  'module' => 
  array (
    0 => NULL,
    1 => 'index',
    2 => 'index',
  ),
  'convert' => false,
)
[ info ] [ HEADER ] array (
  'connection' => 'close',
  'accept-encoding' => 'gzip, deflate',
  'accept' => '*/*',
  'user-agent' => 'Mozilla/5.0 (Windows NT 6.1; Win64; x64) AppleWebKit/537.36 (KHTML, like Gecko) Chrome/40.0.2214.85 Safari/537.36',
  'host' => 'qr.zy13.net',
)
[ info ] [ PARAM ] array (
)
[ info ] [ RUN ] app\index\controller\Index->index[ D:\wwwroot\qr\application\index\controller\Index.php ]
[ info ] [ DB ] INIT mysql
[ info ] [ VIEW ] D:\wwwroot\qr\public/../application/index\view\index\index.html [ array (
  0 => 'count',
  1 => 'total',
  2 => 'number',
) ]
[ info ] [ LOG ] INIT File
[ sql ] [ DB ] CONNECT:[ UseTime:0.000000s ] mysql:host=127.0.0.1;port=3306;dbname=pay_db;charset=utf8
[ sql ] [ SQL ] SHOW COLUMNS FROM `gy_code` [ RunTime:0.015600s ]
[ sql ] [ SQL ] SELECT COUNT(*) AS tp_count FROM `gy_code` WHERE  ( `time` > 1611417600 AND `time` < 1611428932 ) LIMIT 1 [ RunTime:0.000000s ]
[ sql ] [ SQL ] SELECT COUNT(*) AS tp_count FROM `gy_code` LIMIT 1 [ RunTime:0.000000s ]
[ sql ] [ SQL ] SELECT SUM(number) AS tp_sum FROM `gy_code` LIMIT 1 [ RunTime:0.000000s ]
---------------------------------------------------------------
[ 2021-01-24T03:08:52+08:00 ] 122.13.163.184 GET /
[ info ] qr.zy13.net/ [运行时间：0.109201s][吞吐率：9.16req/s] [内存消耗：2,031.42kb] [文件加载：50]
[ info ] [ LANG ] D:\wwwroot\qr\thinkphp\lang\zh-cn.php
[ info ] [ ROUTE ] array (
  'type' => 'module',
  'module' => 
  array (
    0 => NULL,
    1 => 'index',
    2 => 'index',
  ),
  'convert' => false,
)
[ info ] [ HEADER ] array (
  'connection' => 'close',
  'accept-encoding' => 'gzip, deflate',
  'accept' => '*/*',
  'user-agent' => 'Mozilla/5.0 (Windows NT 6.1; Win64; x64) AppleWebKit/537.36 (KHTML, like Gecko) Chrome/40.0.2214.85 Safari/537.36',
  'host' => 'qr.zy13.net',
)
[ info ] [ PARAM ] array (
)
[ info ] [ RUN ] app\index\controller\Index->index[ D:\wwwroot\qr\application\index\controller\Index.php ]
[ info ] [ DB ] INIT mysql
[ info ] [ VIEW ] D:\wwwroot\qr\public/../application/index\view\index\index.html [ array (
  0 => 'count',
  1 => 'total',
  2 => 'number',
) ]
[ info ] [ LOG ] INIT File
[ sql ] [ DB ] CONNECT:[ UseTime:0.000000s ] mysql:host=127.0.0.1;port=3306;dbname=pay_db;charset=utf8
[ sql ] [ SQL ] SHOW COLUMNS FROM `gy_code` [ RunTime:0.015600s ]
[ sql ] [ SQL ] SELECT COUNT(*) AS tp_count FROM `gy_code` WHERE  ( `time` > 1611417600 AND `time` < 1611428932 ) LIMIT 1 [ RunTime:0.000000s ]
[ sql ] [ SQL ] SELECT COUNT(*) AS tp_count FROM `gy_code` LIMIT 1 [ RunTime:0.000000s ]
[ sql ] [ SQL ] SELECT SUM(number) AS tp_sum FROM `gy_code` LIMIT 1 [ RunTime:0.000000s ]
---------------------------------------------------------------
[ 2021-01-24T05:48:13+08:00 ] 223.104.103.231 GET /
[ info ] qr.zy13.net/ [运行时间：0.078001s][吞吐率：12.82req/s] [内存消耗：2,032.84kb] [文件加载：50]
[ info ] [ LANG ] D:\wwwroot\qr\thinkphp\lang\zh-cn.php
[ info ] [ ROUTE ] array (
  'type' => 'module',
  'module' => 
  array (
    0 => NULL,
    1 => 'index',
    2 => 'index',
  ),
  'convert' => false,
)
[ info ] [ HEADER ] array (
  'accept-language' => 'zh-CN,zh;q=0.9,en-US;q=0.8,en;q=0.7',
  'accept-encoding' => 'gzip, deflate',
  'referer' => 'https://blog.csdn.net/qq15577969/article/details/105181958',
  'accept' => 'text/html,application/xhtml+xml,application/xml;q=0.9,image/webp,image/apng,*/*;q=0.8,application/signed-exchange;v=b3;q=0.9',
  'user-agent' => 'Mozilla/5.0 (Linux; Android 10; YAL-AL00; HMSCore 5.1.0.309; GMSCore 20.15.16) AppleWebKit/537.36 (KHTML, like Gecko) Chrome/83.0.4103.106 HuaweiBrowser/11.0.6.301 Mobile Safari/537.36',
  'upgrade-insecure-requests' => '1',
  'connection' => 'close',
  'host' => 'qr.zy13.net',
)
[ info ] [ PARAM ] array (
)
[ info ] [ RUN ] app\index\controller\Index->index[ D:\wwwroot\qr\application\index\controller\Index.php ]
[ info ] [ DB ] INIT mysql
[ info ] [ VIEW ] D:\wwwroot\qr\public/../application/index\view\index\index.html [ array (
  0 => 'count',
  1 => 'total',
  2 => 'number',
) ]
[ info ] [ LOG ] INIT File
[ sql ] [ DB ] CONNECT:[ UseTime:0.000000s ] mysql:host=127.0.0.1;port=3306;dbname=pay_db;charset=utf8
[ sql ] [ SQL ] SHOW COLUMNS FROM `gy_code` [ RunTime:0.015600s ]
[ sql ] [ SQL ] SELECT COUNT(*) AS tp_count FROM `gy_code` WHERE  ( `time` > 1611417600 AND `time` < 1611438493 ) LIMIT 1 [ RunTime:0.000000s ]
[ sql ] [ SQL ] SELECT COUNT(*) AS tp_count FROM `gy_code` LIMIT 1 [ RunTime:0.000000s ]
[ sql ] [ SQL ] SELECT SUM(number) AS tp_sum FROM `gy_code` LIMIT 1 [ RunTime:0.000000s ]
---------------------------------------------------------------
[ 2021-01-24T05:49:35+08:00 ] 36.110.199.66 GET /
[ info ] qr.zy13.net/ [运行时间：0.109200s][吞吐率：9.16req/s] [内存消耗：2,031.85kb] [文件加载：50]
[ info ] [ LANG ] D:\wwwroot\qr\thinkphp\lang\zh-cn.php
[ info ] [ ROUTE ] array (
  'type' => 'module',
  'module' => 
  array (
    0 => NULL,
    1 => 'index',
    2 => 'index',
  ),
  'convert' => false,
)
[ info ] [ HEADER ] array (
  'host' => 'qr.zy13.net',
  'accept-language' => 'en-US,*',
  'accept-encoding' => 'gzip, deflate',
  'connection' => 'close',
  'referer' => 'http://www.baidu.com/s?wd=titleutr',
  'user-agent' => 'Mozilla/5.0 (Windows NT 6.1; WOW64; rv:43.0) Gecko/20100101 Firefox/43.0',
  'accept' => 'text/html,application/xhtml+xml,application/xml;q=0.9,*/*;q=0.8',
)
[ info ] [ PARAM ] array (
)
[ info ] [ RUN ] app\index\controller\Index->index[ D:\wwwroot\qr\application\index\controller\Index.php ]
[ info ] [ DB ] INIT mysql
[ info ] [ VIEW ] D:\wwwroot\qr\public/../application/index\view\index\index.html [ array (
  0 => 'count',
  1 => 'total',
  2 => 'number',
) ]
[ info ] [ LOG ] INIT File
[ sql ] [ DB ] CONNECT:[ UseTime:0.000000s ] mysql:host=127.0.0.1;port=3306;dbname=pay_db;charset=utf8
[ sql ] [ SQL ] SHOW COLUMNS FROM `gy_code` [ RunTime:0.015600s ]
[ sql ] [ SQL ] SELECT COUNT(*) AS tp_count FROM `gy_code` WHERE  ( `time` > 1611417600 AND `time` < 1611438575 ) LIMIT 1 [ RunTime:0.000000s ]
[ sql ] [ SQL ] SELECT COUNT(*) AS tp_count FROM `gy_code` LIMIT 1 [ RunTime:0.000000s ]
[ sql ] [ SQL ] SELECT SUM(number) AS tp_sum FROM `gy_code` LIMIT 1 [ RunTime:0.000000s ]
---------------------------------------------------------------
[ 2021-01-24T13:48:37+08:00 ] 14.220.237.21 GET /
[ info ] qr.zy13.net/ [运行时间：0.140400s][吞吐率：7.12req/s] [内存消耗：2,032.54kb] [文件加载：50]
[ info ] [ LANG ] D:\wwwroot\qr\thinkphp\lang\zh-cn.php
[ info ] [ ROUTE ] array (
  'type' => 'module',
  'module' => 
  array (
    0 => NULL,
    1 => 'index',
    2 => 'index',
  ),
  'convert' => false,
)
[ info ] [ HEADER ] array (
  'accept-language' => 'zh-CN,zh;q=0.9',
  'accept-encoding' => 'gzip, deflate',
  'referer' => 'https://blog.csdn.net/qq15577969/article/details/105181958',
  'accept' => 'text/html,application/xhtml+xml,application/xml;q=0.9,image/webp,image/apng,*/*;q=0.8',
  'user-agent' => 'Mozilla/5.0 (Linux; U; Android 8.1.0; zh-cn; OPPO R11 Build/OPM1.171019.011) AppleWebKit/537.36 (KHTML, like Gecko) Version/4.0 Chrome/70.0.3538.80 Mobile Safari/537.36 HeyTapBrowser/10.7.16.2',
  'upgrade-insecure-requests' => '1',
  'connection' => 'close',
  'host' => 'qr.zy13.net',
)
[ info ] [ PARAM ] array (
)
[ info ] [ RUN ] app\index\controller\Index->index[ D:\wwwroot\qr\application\index\controller\Index.php ]
[ info ] [ DB ] INIT mysql
[ info ] [ VIEW ] D:\wwwroot\qr\public/../application/index\view\index\index.html [ array (
  0 => 'count',
  1 => 'total',
  2 => 'number',
) ]
[ info ] [ LOG ] INIT File
[ sql ] [ DB ] CONNECT:[ UseTime:0.015600s ] mysql:host=127.0.0.1;port=3306;dbname=pay_db;charset=utf8
[ sql ] [ SQL ] SHOW COLUMNS FROM `gy_code` [ RunTime:0.000000s ]
[ sql ] [ SQL ] SELECT COUNT(*) AS tp_count FROM `gy_code` WHERE  ( `time` > 1611417600 AND `time` < 1611467317 ) LIMIT 1 [ RunTime:0.015600s ]
[ sql ] [ SQL ] SELECT COUNT(*) AS tp_count FROM `gy_code` LIMIT 1 [ RunTime:0.000000s ]
[ sql ] [ SQL ] SELECT SUM(number) AS tp_sum FROM `gy_code` LIMIT 1 [ RunTime:0.000000s ]
---------------------------------------------------------------
[ 2021-01-24T15:59:10+08:00 ] 39.86.87.250 GET /
[ info ] qr.zy13.net/ [运行时间：0.140400s][吞吐率：7.12req/s] [内存消耗：2,032.28kb] [文件加载：50]
[ info ] [ LANG ] D:\wwwroot\qr\thinkphp\lang\zh-cn.php
[ info ] [ ROUTE ] array (
  'type' => 'module',
  'module' => 
  array (
    0 => NULL,
    1 => 'index',
    2 => 'index',
  ),
  'convert' => false,
)
[ info ] [ HEADER ] array (
  'accept-encoding' => 'gzip, deflate',
  'accept-language' => 'zh-cn',
  'referer' => 'https://blog.csdn.net/qq15577969/article/details/105181958',
  'user-agent' => 'Mozilla/5.0 (iPhone; CPU iPhone OS 14_1 like Mac OS X) AppleWebKit/605.1.15 (KHTML, like Gecko) Version/14.0 Mobile/15E148 Safari/604.1',
  'accept' => 'text/html,application/xhtml+xml,application/xml;q=0.9,*/*;q=0.8',
  'upgrade-insecure-requests' => '1',
  'connection' => 'close',
  'host' => 'qr.zy13.net',
)
[ info ] [ PARAM ] array (
)
[ info ] [ RUN ] app\index\controller\Index->index[ D:\wwwroot\qr\application\index\controller\Index.php ]
[ info ] [ DB ] INIT mysql
[ info ] [ VIEW ] D:\wwwroot\qr\public/../application/index\view\index\index.html [ array (
  0 => 'count',
  1 => 'total',
  2 => 'number',
) ]
[ info ] [ LOG ] INIT File
[ sql ] [ DB ] CONNECT:[ UseTime:0.000000s ] mysql:host=127.0.0.1;port=3306;dbname=pay_db;charset=utf8
[ sql ] [ SQL ] SHOW COLUMNS FROM `gy_code` [ RunTime:0.015600s ]
[ sql ] [ SQL ] SELECT COUNT(*) AS tp_count FROM `gy_code` WHERE  ( `time` > 1611417600 AND `time` < 1611475150 ) LIMIT 1 [ RunTime:0.000000s ]
[ sql ] [ SQL ] SELECT COUNT(*) AS tp_count FROM `gy_code` LIMIT 1 [ RunTime:0.000000s ]
[ sql ] [ SQL ] SELECT SUM(number) AS tp_sum FROM `gy_code` LIMIT 1 [ RunTime:0.000000s ]
---------------------------------------------------------------
[ 2021-01-24T16:43:43+08:00 ] 114.119.146.246 GET /index/support.html
[ info ] qr.zy13.net/index/support.html [运行时间：0.078000s][吞吐率：12.82req/s] [内存消耗：1,346.26kb] [文件加载：42]
[ info ] [ LANG ] D:\wwwroot\qr\thinkphp\lang\zh-cn.php
[ info ] [ ROUTE ] array (
  'type' => 'module',
  'module' => 'index/index/support',
)
[ info ] [ HEADER ] array (
  'connection' => 'close',
  'cache-control' => 'max-age=259200',
  'host' => 'qr.zy13.net',
  'accept-encoding' => 'gzip,deflate',
  'accept-language' => 'en,zh;q=0.1',
  'user-agent' => 'Mozilla/5.0 (Linux; Android 7.0;) AppleWebKit/537.36 (KHTML, like Gecko) Mobile Safari/537.36 (compatible; PetalBot;+https://aspiegel.com/petalbot)',
  'accept' => 'text/html,application/xhtml+xml,application/xml;q=0.9,*/*;q=0.8',
)
[ info ] [ PARAM ] array (
)
[ info ] [ RUN ] app\index\controller\Index->support[ D:\wwwroot\qr\application\index\controller\Index.php ]
[ info ] [ VIEW ] D:\wwwroot\qr\public/../application/index\view\index\support.html [ array (
) ]
[ info ] [ LOG ] INIT File
---------------------------------------------------------------
[ 2021-01-24T16:49:04+08:00 ] 101.67.153.170 GET /qr/19.html
[ info ] qr.zy13.net/qr/19.html [运行时间：0.093600s][吞吐率：10.68req/s] [内存消耗：1,972.27kb] [文件加载：48]
[ info ] [ LANG ] D:\wwwroot\qr\thinkphp\lang\zh-cn.php
[ info ] [ ROUTE ] array (
  'type' => 'module',
  'module' => 
  array (
    0 => NULL,
    1 => 'index',
    2 => 'qr',
  ),
  'convert' => false,
)
[ info ] [ HEADER ] array (
  'connection' => 'close',
  'cache-control' => 'no-cache',
  'host' => 'qr.zy13.net',
  'accept-encoding' => 'gzip, deflate',
  'accept' => 'text/html,application/xhtml+xml,application/xml;q=0.9,image/webp,image/apng,*/*;q=0.8,application/signed-exchange;v=b3',
  'user-agent' => 'Mozilla/5.0 (iPhone; CPU iPhone OS 11_4_1 like Mac OS X) AppleWebKit/605.1.15 (KHTML, like Gecko) Mobile/15G77 ChannelId(73) NebulaSDK/1.8.100112 Nebula PSDType(1) AlipayDefined(nt:4G,ws:320|504|2.0) AliApp(AP/10.1.30.300) AlipayClient/10.1.30.300 Alipay Language/zh-Hans',
  'upgrade-insecure-requests' => '1',
  'pragma' => 'no-cache',
)
[ info ] [ PARAM ] array (
  'id' => '19',
)
[ info ] [ RUN ] app\index\controller\Index->qr[ D:\wwwroot\qr\application\index\controller\Index.php ]
[ info ] [ DB ] INIT mysql
[ info ] [ CACHE ] INIT File
[ info ] [ LOG ] INIT File
[ sql ] [ DB ] CONNECT:[ UseTime:0.015600s ] mysql:host=127.0.0.1;port=3306;dbname=pay_db;charset=utf8
[ sql ] [ SQL ] SHOW COLUMNS FROM `gy_code` [ RunTime:0.015600s ]
[ sql ] [ SQL ] SELECT * FROM `gy_code` WHERE  `id` = 19 LIMIT 1 [ RunTime:0.000000s ]
[ sql ] [ SQL ] UPDATE `gy_code`  SET `number`=`number`+1  WHERE  `id` = 19 [ RunTime:0.015600s ]
---------------------------------------------------------------
[ 2021-01-24T17:38:54+08:00 ] 114.119.146.246 GET /
[ info ] qr.zy13.net/ [运行时间：0.140400s][吞吐率：7.12req/s] [内存消耗：2,032.20kb] [文件加载：50]
[ info ] [ LANG ] D:\wwwroot\qr\thinkphp\lang\zh-cn.php
[ info ] [ ROUTE ] array (
  'type' => 'module',
  'module' => 
  array (
    0 => NULL,
    1 => 'index',
    2 => 'index',
  ),
  'convert' => false,
)
[ info ] [ HEADER ] array (
  'connection' => 'close',
  'cache-control' => 'max-age=259200',
  'host' => 'qr.zy13.net',
  'accept-encoding' => 'gzip,deflate',
  'accept-language' => 'en,zh;q=0.1',
  'user-agent' => 'Mozilla/5.0 (Linux; Android 7.0;) AppleWebKit/537.36 (KHTML, like Gecko) Mobile Safari/537.36 (compatible; PetalBot;+https://aspiegel.com/petalbot)',
  'accept' => 'text/html,application/xhtml+xml,application/xml;q=0.9,*/*;q=0.8',
)
[ info ] [ PARAM ] array (
)
[ info ] [ RUN ] app\index\controller\Index->index[ D:\wwwroot\qr\application\index\controller\Index.php ]
[ info ] [ DB ] INIT mysql
[ info ] [ VIEW ] D:\wwwroot\qr\public/../application/index\view\index\index.html [ array (
  0 => 'count',
  1 => 'total',
  2 => 'number',
) ]
[ info ] [ LOG ] INIT File
[ sql ] [ DB ] CONNECT:[ UseTime:0.031200s ] mysql:host=127.0.0.1;port=3306;dbname=pay_db;charset=utf8
[ sql ] [ SQL ] SHOW COLUMNS FROM `gy_code` [ RunTime:0.015600s ]
[ sql ] [ SQL ] SELECT COUNT(*) AS tp_count FROM `gy_code` WHERE  ( `time` > 1611417600 AND `time` < 1611481134 ) LIMIT 1 [ RunTime:0.000000s ]
[ sql ] [ SQL ] SELECT COUNT(*) AS tp_count FROM `gy_code` LIMIT 1 [ RunTime:0.000000s ]
[ sql ] [ SQL ] SELECT SUM(number) AS tp_sum FROM `gy_code` LIMIT 1 [ RunTime:0.000000s ]
---------------------------------------------------------------
[ 2021-01-24T19:18:12+08:00 ] 209.17.97.58 GET /
[ info ] qr.zy13.net/ [运行时间：0.140400s][吞吐率：7.12req/s] [内存消耗：2,031.03kb] [文件加载：50]
[ info ] [ LANG ] D:\wwwroot\qr\thinkphp\lang\zh-cn.php
[ info ] [ ROUTE ] array (
  'type' => 'module',
  'module' => 
  array (
    0 => NULL,
    1 => 'index',
    2 => 'index',
  ),
  'convert' => false,
)
[ info ] [ HEADER ] array (
  'connection' => 'close',
  'user-agent' => 'Mozilla/5.0 (compatible; Nimbostratus-Bot/v1.3.2; http://cloudsystemnetworks.com)',
  'host' => 'qr.zy13.net',
)
[ info ] [ PARAM ] array (
)
[ info ] [ RUN ] app\index\controller\Index->index[ D:\wwwroot\qr\application\index\controller\Index.php ]
[ info ] [ DB ] INIT mysql
[ info ] [ VIEW ] D:\wwwroot\qr\public/../application/index\view\index\index.html [ array (
  0 => 'count',
  1 => 'total',
  2 => 'number',
) ]
[ info ] [ LOG ] INIT File
[ sql ] [ DB ] CONNECT:[ UseTime:0.015600s ] mysql:host=127.0.0.1;port=3306;dbname=pay_db;charset=utf8
[ sql ] [ SQL ] SHOW COLUMNS FROM `gy_code` [ RunTime:0.000000s ]
[ sql ] [ SQL ] SELECT COUNT(*) AS tp_count FROM `gy_code` WHERE  ( `time` > 1611417600 AND `time` < 1611487092 ) LIMIT 1 [ RunTime:0.015600s ]
[ sql ] [ SQL ] SELECT COUNT(*) AS tp_count FROM `gy_code` LIMIT 1 [ RunTime:0.000000s ]
[ sql ] [ SQL ] SELECT SUM(number) AS tp_sum FROM `gy_code` LIMIT 1 [ RunTime:0.000000s ]
---------------------------------------------------------------
[ 2021-01-24T20:10:51+08:00 ] 120.239.134.23 GET /qr/1.html
[ info ] qr.zy13.net/qr/1.html [运行时间：0.140401s][吞吐率：7.12req/s] [内存消耗：1,972.55kb] [文件加载：48]
[ info ] [ LANG ] D:\wwwroot\qr\thinkphp\lang\zh-cn.php
[ info ] [ ROUTE ] array (
  'type' => 'module',
  'module' => 
  array (
    0 => NULL,
    1 => 'index',
    2 => 'qr',
  ),
  'convert' => false,
)
[ info ] [ HEADER ] array (
  'accept-encoding' => 'gzip, deflate',
  'accept-language' => 'zh-CN,en-US;q=0.8',
  'sign' => '3ece66b8bf0f5b3aacf07e8935a693a3',
  'user-agent' => 'Mozilla/5.0 (iPhone; CPU iPhone OS 13_6_1 like Mac OS X) AppleWebKit/605.1.15 (KHTML, like Gecko) Mobile/17G80 Ariver/1.1.0 AliApp(AP/10.2.6.6000) Nebula WK RVKType(1) AlipayDefined(nt:WIFI,ws:375|748|3.0) AlipayClient/10.2.6.6000 Alipay Language/zh-Hans Region/CN NebulaX/1.0.0',
  'accept' => 'text/html,application/xhtml+xml,application/xml;q=0.9,*/*;q=0.8',
  'upgrade-insecure-requests' => '1',
  'ts' => '1611490264273',
  'connection' => 'close',
  'host' => 'qr.zy13.net',
)
[ info ] [ PARAM ] array (
  'id' => '1',
)
[ info ] [ RUN ] app\index\controller\Index->qr[ D:\wwwroot\qr\application\index\controller\Index.php ]
[ info ] [ DB ] INIT mysql
[ info ] [ CACHE ] INIT File
[ info ] [ LOG ] INIT File
[ sql ] [ DB ] CONNECT:[ UseTime:0.015600s ] mysql:host=127.0.0.1;port=3306;dbname=pay_db;charset=utf8
[ sql ] [ SQL ] SHOW COLUMNS FROM `gy_code` [ RunTime:0.015600s ]
[ sql ] [ SQL ] SELECT * FROM `gy_code` WHERE  `id` = 1 LIMIT 1 [ RunTime:0.000000s ]
[ sql ] [ SQL ] UPDATE `gy_code`  SET `number`=`number`+1  WHERE  `id` = 1 [ RunTime:0.000000s ]
---------------------------------------------------------------
[ 2021-01-24T21:04:42+08:00 ] 1.50.98.140 GET /
[ info ] qr.zy13.net/ [运行时间：0.124800s][吞吐率：8.01req/s] [内存消耗：2,032.72kb] [文件加载：50]
[ info ] [ LANG ] D:\wwwroot\qr\thinkphp\lang\zh-cn.php
[ info ] [ ROUTE ] array (
  'type' => 'module',
  'module' => 
  array (
    0 => NULL,
    1 => 'index',
    2 => 'index',
  ),
  'convert' => false,
)
[ info ] [ HEADER ] array (
  'x-requested-with' => 'com.baidu.searchbox',
  'accept-language' => 'zh-CN,zh;q=0.9,en-US;q=0.8,en;q=0.7',
  'accept-encoding' => 'gzip, deflate',
  'accept' => 'text/html,application/xhtml+xml,application/xml;q=0.9,image/webp,image/apng,*/*;q=0.8,application/signed-exchange;v=b3',
  'user-agent' => 'Mozilla/5.0 (Linux; Android 9; COL-AL10 Build/HUAWEICOL-AL10; wv) AppleWebKit/537.36 (KHTML, like Gecko) Version/4.0 Chrome/74.0.3729.136 Mobile Safari/537.36 baiduboxapp/10.5.0.10 (Baidu; P1 9)',
  'upgrade-insecure-requests' => '1',
  'connection' => 'close',
  'host' => 'qr.zy13.net',
)
[ info ] [ PARAM ] array (
)
[ info ] [ RUN ] app\index\controller\Index->index[ D:\wwwroot\qr\application\index\controller\Index.php ]
[ info ] [ DB ] INIT mysql
[ info ] [ VIEW ] D:\wwwroot\qr\public/../application/index\view\index\index.html [ array (
  0 => 'count',
  1 => 'total',
  2 => 'number',
) ]
[ info ] [ LOG ] INIT File
[ sql ] [ DB ] CONNECT:[ UseTime:0.015600s ] mysql:host=127.0.0.1;port=3306;dbname=pay_db;charset=utf8
[ sql ] [ SQL ] SHOW COLUMNS FROM `gy_code` [ RunTime:0.015600s ]
[ sql ] [ SQL ] SELECT COUNT(*) AS tp_count FROM `gy_code` WHERE  ( `time` > 1611417600 AND `time` < 1611493481 ) LIMIT 1 [ RunTime:0.000000s ]
[ sql ] [ SQL ] SELECT COUNT(*) AS tp_count FROM `gy_code` LIMIT 1 [ RunTime:0.000000s ]
[ sql ] [ SQL ] SELECT SUM(number) AS tp_sum FROM `gy_code` LIMIT 1 [ RunTime:0.000000s ]
---------------------------------------------------------------
[ 2021-01-24T22:55:47+08:00 ] 1.207.130.168 GET /
[ info ] qr.zy13.net/ [运行时间：0.124800s][吞吐率：8.01req/s] [内存消耗：2,032.77kb] [文件加载：50]
[ info ] [ LANG ] D:\wwwroot\qr\thinkphp\lang\zh-cn.php
[ info ] [ ROUTE ] array (
  'type' => 'module',
  'module' => 
  array (
    0 => NULL,
    1 => 'index',
    2 => 'index',
  ),
  'convert' => false,
)
[ info ] [ HEADER ] array (
  'accept-language' => 'zh-CN,zh;q=0.9,en-US;q=0.8,en;q=0.7',
  'accept-encoding' => 'gzip, deflate',
  'referer' => 'https://blog.csdn.net/qq15577969/article/details/105181958',
  'accept' => 'text/html,application/xhtml+xml,application/xml;q=0.9,image/webp,image/apng,*/*;q=0.8,application/signed-exchange;v=b3;q=0.9',
  'user-agent' => 'Mozilla/5.0 (Linux; U; Android 10; zh-cn; M2007J17C Build/QKQ1.200628.002) AppleWebKit/537.36 (KHTML, like Gecko) Version/4.0 Chrome/79.0.3945.147 Mobile Safari/537.36 XiaoMi/MiuiBrowser/13.7.16',
  'upgrade-insecure-requests' => '1',
  'connection' => 'close',
  'host' => 'qr.zy13.net',
)
[ info ] [ PARAM ] array (
)
[ info ] [ RUN ] app\index\controller\Index->index[ D:\wwwroot\qr\application\index\controller\Index.php ]
[ info ] [ DB ] INIT mysql
[ info ] [ VIEW ] D:\wwwroot\qr\public/../application/index\view\index\index.html [ array (
  0 => 'count',
  1 => 'total',
  2 => 'number',
) ]
[ info ] [ LOG ] INIT File
[ sql ] [ DB ] CONNECT:[ UseTime:0.000000s ] mysql:host=127.0.0.1;port=3306;dbname=pay_db;charset=utf8
[ sql ] [ SQL ] SHOW COLUMNS FROM `gy_code` [ RunTime:0.015600s ]
[ sql ] [ SQL ] SELECT COUNT(*) AS tp_count FROM `gy_code` WHERE  ( `time` > 1611417600 AND `time` < 1611500147 ) LIMIT 1 [ RunTime:0.000000s ]
[ sql ] [ SQL ] SELECT COUNT(*) AS tp_count FROM `gy_code` LIMIT 1 [ RunTime:0.000000s ]
[ sql ] [ SQL ] SELECT SUM(number) AS tp_sum FROM `gy_code` LIMIT 1 [ RunTime:0.000000s ]
---------------------------------------------------------------
[ 2021-01-24T22:59:39+08:00 ] 1.207.130.168 GET /
[ info ] qr.zy13.net/ [运行时间：0.124800s][吞吐率：8.01req/s] [内存消耗：2,032.77kb] [文件加载：50]
[ info ] [ LANG ] D:\wwwroot\qr\thinkphp\lang\zh-cn.php
[ info ] [ ROUTE ] array (
  'type' => 'module',
  'module' => 
  array (
    0 => NULL,
    1 => 'index',
    2 => 'index',
  ),
  'convert' => false,
)
[ info ] [ HEADER ] array (
  'accept-language' => 'zh-CN,zh;q=0.9,en-US;q=0.8,en;q=0.7',
  'accept-encoding' => 'gzip, deflate',
  'referer' => 'https://blog.csdn.net/qq15577969/article/details/105181958',
  'accept' => 'text/html,application/xhtml+xml,application/xml;q=0.9,image/webp,image/apng,*/*;q=0.8,application/signed-exchange;v=b3;q=0.9',
  'user-agent' => 'Mozilla/5.0 (Linux; U; Android 10; zh-cn; M2007J17C Build/QKQ1.200628.002) AppleWebKit/537.36 (KHTML, like Gecko) Version/4.0 Chrome/79.0.3945.147 Mobile Safari/537.36 XiaoMi/MiuiBrowser/13.7.16',
  'upgrade-insecure-requests' => '1',
  'connection' => 'close',
  'host' => 'qr.zy13.net',
)
[ info ] [ PARAM ] array (
)
[ info ] [ RUN ] app\index\controller\Index->index[ D:\wwwroot\qr\application\index\controller\Index.php ]
[ info ] [ DB ] INIT mysql
[ info ] [ VIEW ] D:\wwwroot\qr\public/../application/index\view\index\index.html [ array (
  0 => 'count',
  1 => 'total',
  2 => 'number',
) ]
[ info ] [ LOG ] INIT File
[ sql ] [ DB ] CONNECT:[ UseTime:0.000000s ] mysql:host=127.0.0.1;port=3306;dbname=pay_db;charset=utf8
[ sql ] [ SQL ] SHOW COLUMNS FROM `gy_code` [ RunTime:0.015600s ]
[ sql ] [ SQL ] SELECT COUNT(*) AS tp_count FROM `gy_code` WHERE  ( `time` > 1611417600 AND `time` < 1611500379 ) LIMIT 1 [ RunTime:0.000000s ]
[ sql ] [ SQL ] SELECT COUNT(*) AS tp_count FROM `gy_code` LIMIT 1 [ RunTime:0.000000s ]
[ sql ] [ SQL ] SELECT SUM(number) AS tp_sum FROM `gy_code` LIMIT 1 [ RunTime:0.000000s ]
