---------------------------------------------------------------
[ 2021-01-29T00:03:21+08:00 ] 223.104.25.234 GET /
[ info ] qr.zy13.net/ [运行时间：0.124800s][吞吐率：8.01req/s] [内存消耗：2,031.69kb] [文件加载：50]
[ info ] [ LANG ] D:\wwwroot\qr\thinkphp\lang\zh-cn.php
[ info ] [ ROUTE ] array (
  'type' => 'module',
  'module' => 
  array (
    0 => NULL,
    1 => 'index',
    2 => 'index',
  ),
  'convert' => false,
)
[ info ] [ HEADER ] array (
  'accept-encoding' => 'gzip, deflate',
  'accept-language' => 'zh-cn',
  'referer' => 'https://blog.csdn.net/qq15577969/article/details/105181958',
  'user-agent' => 'Mozilla/5.0 (iPhone; CPU iPhone OS 14_3 like Mac OS X) AppleWebKit/605.1.15 (KHTML, like Gecko) Version/14.0.2 Mobile/15E148 Safari/604.1',
  'accept' => 'text/html,application/xhtml+xml,application/xml;q=0.9,*/*;q=0.8',
  'upgrade-insecure-requests' => '1',
  'connection' => 'close',
  'host' => 'qr.zy13.net',
)
[ info ] [ PARAM ] array (
)
[ info ] [ RUN ] app\index\controller\Index->index[ D:\wwwroot\qr\application\index\controller\Index.php ]
[ info ] [ DB ] INIT mysql
[ info ] [ VIEW ] D:\wwwroot\qr\public/../application/index\view\index\index.html [ array (
  0 => 'count',
  1 => 'total',
  2 => 'number',
) ]
[ info ] [ LOG ] INIT File
[ sql ] [ DB ] CONNECT:[ UseTime:0.000000s ] mysql:host=127.0.0.1;port=3306;dbname=pay_db;charset=utf8
[ sql ] [ SQL ] SHOW COLUMNS FROM `qr_code` [ RunTime:0.015600s ]
[ sql ] [ SQL ] SELECT COUNT(*) AS tp_count FROM `qr_code` WHERE  ( `time` > 1611849600 AND `time` < 1611849801 ) LIMIT 1 [ RunTime:0.000000s ]
[ sql ] [ SQL ] SELECT COUNT(*) AS tp_count FROM `qr_code` LIMIT 1 [ RunTime:0.000000s ]
[ sql ] [ SQL ] SELECT SUM(number) AS tp_sum FROM `qr_code` LIMIT 1 [ RunTime:0.000000s ]
---------------------------------------------------------------
[ 2021-01-29T00:54:17+08:00 ] 117.152.184.5 GET /
[ info ] qr.zy13.net/ [运行时间：0.109201s][吞吐率：9.16req/s] [内存消耗：2,031.85kb] [文件加载：50]
[ info ] [ LANG ] D:\wwwroot\qr\thinkphp\lang\zh-cn.php
[ info ] [ ROUTE ] array (
  'type' => 'module',
  'module' => 
  array (
    0 => NULL,
    1 => 'index',
    2 => 'index',
  ),
  'convert' => false,
)
[ info ] [ HEADER ] array (
  'hadesurlheader' => '',
  'accept-language' => 'zh-cn',
  'referer' => 'https://blog.csdn.net/qq15577969/article/details/105181958',
  'user-agent' => 'Mozilla/5.0 (iPhone; CPU iPhone OS 12_5_1 like Mac OS X) AppleWebKit/605.1.15 (KHTML, like Gecko) Mobile/15E148 SP-engine/2.27.0 main%2F1.0 baiduboxapp/12.8.2.10 (Baidu; P2 12.5.1) NABar/1.0',
  'accept' => 'text/html,application/xhtml+xml,application/xml;q=0.9,*/*;q=0.8',
  'upgrade-insecure-requests' => '1',
  'connection' => 'close',
  'accept-encoding' => 'gzip, deflate',
  'host' => 'qr.zy13.net',
)
[ info ] [ PARAM ] array (
)
[ info ] [ RUN ] app\index\controller\Index->index[ D:\wwwroot\qr\application\index\controller\Index.php ]
[ info ] [ DB ] INIT mysql
[ info ] [ VIEW ] D:\wwwroot\qr\public/../application/index\view\index\index.html [ array (
  0 => 'count',
  1 => 'total',
  2 => 'number',
) ]
[ info ] [ LOG ] INIT File
[ sql ] [ DB ] CONNECT:[ UseTime:0.000000s ] mysql:host=127.0.0.1;port=3306;dbname=pay_db;charset=utf8
[ sql ] [ SQL ] SHOW COLUMNS FROM `qr_code` [ RunTime:0.015600s ]
[ sql ] [ SQL ] SELECT COUNT(*) AS tp_count FROM `qr_code` WHERE  ( `time` > 1611849600 AND `time` < 1611852857 ) LIMIT 1 [ RunTime:0.000000s ]
[ sql ] [ SQL ] SELECT COUNT(*) AS tp_count FROM `qr_code` LIMIT 1 [ RunTime:0.000000s ]
[ sql ] [ SQL ] SELECT SUM(number) AS tp_sum FROM `qr_code` LIMIT 1 [ RunTime:0.000000s ]
---------------------------------------------------------------
[ 2021-01-29T01:54:09+08:00 ] 117.132.183.17 GET /
[ info ] qr.zy13.net/ [运行时间：0.109200s][吞吐率：9.16req/s] [内存消耗：2,031.07kb] [文件加载：50]
[ info ] [ LANG ] D:\wwwroot\qr\thinkphp\lang\zh-cn.php
[ info ] [ ROUTE ] array (
  'type' => 'module',
  'module' => 
  array (
    0 => NULL,
    1 => 'index',
    2 => 'index',
  ),
  'convert' => false,
)
[ info ] [ HEADER ] array (
  'cookie' => '',
  'connection' => 'close',
  'accept' => 'text/html, image/gif, image/jpeg, *; q=.2, */*; q=.2',
  'host' => 'qr.zy13.net',
  'pragma' => 'no-cache',
  'cache-control' => 'no-cache',
  'user-agent' => 'Mozilla/5.0 (Windows NT 10.0; Win64; x64) AppleWebKit/537.36 (KHTML, like Gecko) Chrome/59.0.3071.104 Safari/537.36',
)
[ info ] [ PARAM ] array (
)
[ info ] [ RUN ] app\index\controller\Index->index[ D:\wwwroot\qr\application\index\controller\Index.php ]
[ info ] [ DB ] INIT mysql
[ info ] [ VIEW ] D:\wwwroot\qr\public/../application/index\view\index\index.html [ array (
  0 => 'count',
  1 => 'total',
  2 => 'number',
) ]
[ info ] [ LOG ] INIT File
[ sql ] [ DB ] CONNECT:[ UseTime:0.000000s ] mysql:host=127.0.0.1;port=3306;dbname=pay_db;charset=utf8
[ sql ] [ SQL ] SHOW COLUMNS FROM `qr_code` [ RunTime:0.015600s ]
[ sql ] [ SQL ] SELECT COUNT(*) AS tp_count FROM `qr_code` WHERE  ( `time` > 1611849600 AND `time` < 1611856449 ) LIMIT 1 [ RunTime:0.000000s ]
[ sql ] [ SQL ] SELECT COUNT(*) AS tp_count FROM `qr_code` LIMIT 1 [ RunTime:0.000000s ]
[ sql ] [ SQL ] SELECT SUM(number) AS tp_sum FROM `qr_code` LIMIT 1 [ RunTime:0.000000s ]
---------------------------------------------------------------
[ 2021-01-29T02:03:12+08:00 ] 117.132.183.17 GET /
[ info ] qr.zy13.net/ [运行时间：0.140400s][吞吐率：7.12req/s] [内存消耗：2,031.24kb] [文件加载：50]
[ info ] [ LANG ] D:\wwwroot\qr\thinkphp\lang\zh-cn.php
[ info ] [ ROUTE ] array (
  'type' => 'module',
  'module' => 
  array (
    0 => NULL,
    1 => 'index',
    2 => 'index',
  ),
  'convert' => false,
)
[ info ] [ HEADER ] array (
  'accept-encoding' => 'gzip, deflate',
  'accept' => 'text/html,application/xhtml+xml,application/xml;q=0.9,image/webp,image/apng,*/*;q=0.8',
  'user-agent' => 'Mozilla/5.0 (iPhone; CPU iPhone OS 11_0 like Mac OS X) AppleWebKit/604.1.38 (KHTML, like Gecko) Version/11.0 Mobile/15A372 Safari/604.1',
  'upgrade-insecure-requests' => '1',
  'connection' => 'close',
  'host' => 'qr.zy13.net',
)
[ info ] [ PARAM ] array (
)
[ info ] [ RUN ] app\index\controller\Index->index[ D:\wwwroot\qr\application\index\controller\Index.php ]
[ info ] [ DB ] INIT mysql
[ info ] [ VIEW ] D:\wwwroot\qr\public/../application/index\view\index\index.html [ array (
  0 => 'count',
  1 => 'total',
  2 => 'number',
) ]
[ info ] [ LOG ] INIT File
[ sql ] [ DB ] CONNECT:[ UseTime:0.000000s ] mysql:host=127.0.0.1;port=3306;dbname=pay_db;charset=utf8
[ sql ] [ SQL ] SHOW COLUMNS FROM `qr_code` [ RunTime:0.031200s ]
[ sql ] [ SQL ] SELECT COUNT(*) AS tp_count FROM `qr_code` WHERE  ( `time` > 1611849600 AND `time` < 1611856992 ) LIMIT 1 [ RunTime:0.000000s ]
[ sql ] [ SQL ] SELECT COUNT(*) AS tp_count FROM `qr_code` LIMIT 1 [ RunTime:0.000000s ]
[ sql ] [ SQL ] SELECT SUM(number) AS tp_sum FROM `qr_code` LIMIT 1 [ RunTime:0.000000s ]
---------------------------------------------------------------
[ 2021-01-29T02:06:25+08:00 ] 117.132.183.17 GET /
[ info ] qr.zy13.net/ [运行时间：0.124801s][吞吐率：8.01req/s] [内存消耗：2,031.24kb] [文件加载：50]
[ info ] [ LANG ] D:\wwwroot\qr\thinkphp\lang\zh-cn.php
[ info ] [ ROUTE ] array (
  'type' => 'module',
  'module' => 
  array (
    0 => NULL,
    1 => 'index',
    2 => 'index',
  ),
  'convert' => false,
)
[ info ] [ HEADER ] array (
  'accept-encoding' => 'gzip, deflate',
  'accept' => 'text/html,application/xhtml+xml,application/xml;q=0.9,image/webp,image/apng,*/*;q=0.8',
  'user-agent' => 'Mozilla/5.0 (iPhone; CPU iPhone OS 11_0 like Mac OS X) AppleWebKit/604.1.38 (KHTML, like Gecko) Version/11.0 Mobile/15A372 Safari/604.1',
  'upgrade-insecure-requests' => '1',
  'connection' => 'close',
  'host' => 'qr.zy13.net',
)
[ info ] [ PARAM ] array (
)
[ info ] [ RUN ] app\index\controller\Index->index[ D:\wwwroot\qr\application\index\controller\Index.php ]
[ info ] [ DB ] INIT mysql
[ info ] [ VIEW ] D:\wwwroot\qr\public/../application/index\view\index\index.html [ array (
  0 => 'count',
  1 => 'total',
  2 => 'number',
) ]
[ info ] [ LOG ] INIT File
[ sql ] [ DB ] CONNECT:[ UseTime:0.015600s ] mysql:host=127.0.0.1;port=3306;dbname=pay_db;charset=utf8
[ sql ] [ SQL ] SHOW COLUMNS FROM `qr_code` [ RunTime:0.015600s ]
[ sql ] [ SQL ] SELECT COUNT(*) AS tp_count FROM `qr_code` WHERE  ( `time` > 1611849600 AND `time` < 1611857185 ) LIMIT 1 [ RunTime:0.000000s ]
[ sql ] [ SQL ] SELECT COUNT(*) AS tp_count FROM `qr_code` LIMIT 1 [ RunTime:0.000000s ]
[ sql ] [ SQL ] SELECT SUM(number) AS tp_sum FROM `qr_code` LIMIT 1 [ RunTime:0.000000s ]
---------------------------------------------------------------
[ 2021-01-29T02:10:18+08:00 ] 117.132.183.17 GET /
[ info ] qr.zy13.net/ [运行时间：0.093600s][吞吐率：10.68req/s] [内存消耗：2,031.24kb] [文件加载：50]
[ info ] [ LANG ] D:\wwwroot\qr\thinkphp\lang\zh-cn.php
[ info ] [ ROUTE ] array (
  'type' => 'module',
  'module' => 
  array (
    0 => NULL,
    1 => 'index',
    2 => 'index',
  ),
  'convert' => false,
)
[ info ] [ HEADER ] array (
  'accept-encoding' => 'gzip, deflate',
  'accept' => 'text/html,application/xhtml+xml,application/xml;q=0.9,image/webp,image/apng,*/*;q=0.8',
  'user-agent' => 'Mozilla/5.0 (iPhone; CPU iPhone OS 11_0 like Mac OS X) AppleWebKit/604.1.38 (KHTML, like Gecko) Version/11.0 Mobile/15A372 Safari/604.1',
  'upgrade-insecure-requests' => '1',
  'connection' => 'close',
  'host' => 'qr.zy13.net',
)
[ info ] [ PARAM ] array (
)
[ info ] [ RUN ] app\index\controller\Index->index[ D:\wwwroot\qr\application\index\controller\Index.php ]
[ info ] [ DB ] INIT mysql
[ info ] [ VIEW ] D:\wwwroot\qr\public/../application/index\view\index\index.html [ array (
  0 => 'count',
  1 => 'total',
  2 => 'number',
) ]
[ info ] [ LOG ] INIT File
[ sql ] [ DB ] CONNECT:[ UseTime:0.015600s ] mysql:host=127.0.0.1;port=3306;dbname=pay_db;charset=utf8
[ sql ] [ SQL ] SHOW COLUMNS FROM `qr_code` [ RunTime:0.000000s ]
[ sql ] [ SQL ] SELECT COUNT(*) AS tp_count FROM `qr_code` WHERE  ( `time` > 1611849600 AND `time` < 1611857418 ) LIMIT 1 [ RunTime:0.000000s ]
[ sql ] [ SQL ] SELECT COUNT(*) AS tp_count FROM `qr_code` LIMIT 1 [ RunTime:0.000000s ]
[ sql ] [ SQL ] SELECT SUM(number) AS tp_sum FROM `qr_code` LIMIT 1 [ RunTime:0.000000s ]
---------------------------------------------------------------
[ 2021-01-29T03:16:02+08:00 ] 116.177.35.132 GET /
[ info ] qr.zy13.net/ [运行时间：0.140400s][吞吐率：7.12req/s] [内存消耗：2,031.87kb] [文件加载：50]
[ info ] [ LANG ] D:\wwwroot\qr\thinkphp\lang\zh-cn.php
[ info ] [ ROUTE ] array (
  'type' => 'module',
  'module' => 
  array (
    0 => NULL,
    1 => 'index',
    2 => 'index',
  ),
  'convert' => false,
)
[ info ] [ HEADER ] array (
  'accept-language' => 'zh-CN,zh;q=0.9',
  'accept-encoding' => 'gzip, deflate',
  'referer' => 'https://blog.csdn.net/qq15577969/article/details/105181958',
  'accept' => 'text/html,application/xhtml+xml,application/xml;q=0.9,image/webp,image/apng,*/*;q=0.8',
  'user-agent' => 'Mozilla/5.0 (Linux; U; Android 10; zh-cn; PCEM00 Build/QP1A.190711.020) AppleWebKit/537.36 (KHTML, like Gecko) Version/4.0 Chrome/70.0.3538.80 Mobile Safari/537.36 HeyTapBrowser/40.7.16.2',
  'upgrade-insecure-requests' => '1',
  'connection' => 'close',
  'host' => 'qr.zy13.net',
)
[ info ] [ PARAM ] array (
)
[ info ] [ RUN ] app\index\controller\Index->index[ D:\wwwroot\qr\application\index\controller\Index.php ]
[ info ] [ DB ] INIT mysql
[ info ] [ VIEW ] D:\wwwroot\qr\public/../application/index\view\index\index.html [ array (
  0 => 'count',
  1 => 'total',
  2 => 'number',
) ]
[ info ] [ LOG ] INIT File
[ sql ] [ DB ] CONNECT:[ UseTime:0.015600s ] mysql:host=127.0.0.1;port=3306;dbname=pay_db;charset=utf8
[ sql ] [ SQL ] SHOW COLUMNS FROM `qr_code` [ RunTime:0.000000s ]
[ sql ] [ SQL ] SELECT COUNT(*) AS tp_count FROM `qr_code` WHERE  ( `time` > 1611849600 AND `time` < 1611861362 ) LIMIT 1 [ RunTime:0.015600s ]
[ sql ] [ SQL ] SELECT COUNT(*) AS tp_count FROM `qr_code` LIMIT 1 [ RunTime:0.000000s ]
[ sql ] [ SQL ] SELECT SUM(number) AS tp_sum FROM `qr_code` LIMIT 1 [ RunTime:0.000000s ]
---------------------------------------------------------------
[ 2021-01-29T03:38:42+08:00 ] 36.110.199.138 GET /
[ info ] qr.zy13.net/ [运行时间：0.109201s][吞吐率：9.16req/s] [内存消耗：2,031.09kb] [文件加载：50]
[ info ] [ LANG ] D:\wwwroot\qr\thinkphp\lang\zh-cn.php
[ info ] [ ROUTE ] array (
  'type' => 'module',
  'module' => 
  array (
    0 => NULL,
    1 => 'index',
    2 => 'index',
  ),
  'convert' => false,
)
[ info ] [ HEADER ] array (
  'host' => 'qr.zy13.net',
  'accept-language' => 'en-US,*',
  'accept-encoding' => 'gzip, deflate',
  'connection' => 'close',
  'referer' => 'http://www.baidu.com/s?wd=visitvsr',
  'user-agent' => 'Mozilla/5.0 (Windows NT 6.1; WOW64; rv:43.0) Gecko/20100101 Firefox/43.0',
  'accept' => 'text/html,application/xhtml+xml,application/xml;q=0.9,*/*;q=0.8',
)
[ info ] [ PARAM ] array (
)
[ info ] [ RUN ] app\index\controller\Index->index[ D:\wwwroot\qr\application\index\controller\Index.php ]
[ info ] [ DB ] INIT mysql
[ info ] [ VIEW ] D:\wwwroot\qr\public/../application/index\view\index\index.html [ array (
  0 => 'count',
  1 => 'total',
  2 => 'number',
) ]
[ info ] [ LOG ] INIT File
[ sql ] [ DB ] CONNECT:[ UseTime:0.015600s ] mysql:host=127.0.0.1;port=3306;dbname=pay_db;charset=utf8
[ sql ] [ SQL ] SHOW COLUMNS FROM `qr_code` [ RunTime:0.000000s ]
[ sql ] [ SQL ] SELECT COUNT(*) AS tp_count FROM `qr_code` WHERE  ( `time` > 1611849600 AND `time` < 1611862722 ) LIMIT 1 [ RunTime:0.015600s ]
[ sql ] [ SQL ] SELECT COUNT(*) AS tp_count FROM `qr_code` LIMIT 1 [ RunTime:0.000000s ]
[ sql ] [ SQL ] SELECT SUM(number) AS tp_sum FROM `qr_code` LIMIT 1 [ RunTime:0.000000s ]
---------------------------------------------------------------
[ 2021-01-29T03:52:43+08:00 ] 183.184.88.238 GET /
[ info ] qr.zy13.net/ [运行时间：0.140400s][吞吐率：7.12req/s] [内存消耗：2,031.69kb] [文件加载：50]
[ info ] [ LANG ] D:\wwwroot\qr\thinkphp\lang\zh-cn.php
[ info ] [ ROUTE ] array (
  'type' => 'module',
  'module' => 
  array (
    0 => NULL,
    1 => 'index',
    2 => 'index',
  ),
  'convert' => false,
)
[ info ] [ HEADER ] array (
  'accept-encoding' => 'gzip, deflate',
  'accept-language' => 'zh-cn',
  'referer' => 'https://blog.csdn.net/qq15577969/article/details/105181958',
  'user-agent' => 'Mozilla/5.0 (iPhone; CPU iPhone OS 12_4_1 like Mac OS X) AppleWebKit/605.1.15 (KHTML, like Gecko) Version/12.1.2 Mobile/15E148 Safari/604.1',
  'accept' => 'text/html,application/xhtml+xml,application/xml;q=0.9,*/*;q=0.8',
  'upgrade-insecure-requests' => '1',
  'connection' => 'close',
  'host' => 'qr.zy13.net',
)
[ info ] [ PARAM ] array (
)
[ info ] [ RUN ] app\index\controller\Index->index[ D:\wwwroot\qr\application\index\controller\Index.php ]
[ info ] [ DB ] INIT mysql
[ info ] [ VIEW ] D:\wwwroot\qr\public/../application/index\view\index\index.html [ array (
  0 => 'count',
  1 => 'total',
  2 => 'number',
) ]
[ info ] [ LOG ] INIT File
[ sql ] [ DB ] CONNECT:[ UseTime:0.015600s ] mysql:host=127.0.0.1;port=3306;dbname=pay_db;charset=utf8
[ sql ] [ SQL ] SHOW COLUMNS FROM `qr_code` [ RunTime:0.000000s ]
[ sql ] [ SQL ] SELECT COUNT(*) AS tp_count FROM `qr_code` WHERE  ( `time` > 1611849600 AND `time` < 1611863563 ) LIMIT 1 [ RunTime:0.015600s ]
[ sql ] [ SQL ] SELECT COUNT(*) AS tp_count FROM `qr_code` LIMIT 1 [ RunTime:0.000000s ]
[ sql ] [ SQL ] SELECT SUM(number) AS tp_sum FROM `qr_code` LIMIT 1 [ RunTime:0.000000s ]
---------------------------------------------------------------
[ 2021-01-29T09:22:06+08:00 ] 203.208.60.110 GET /
[ info ] qr.zy13.net/ [运行时间：0.109200s][吞吐率：9.16req/s] [内存消耗：2,031.08kb] [文件加载：50]
[ info ] [ LANG ] D:\wwwroot\qr\thinkphp\lang\zh-cn.php
[ info ] [ ROUTE ] array (
  'type' => 'module',
  'module' => 
  array (
    0 => NULL,
    1 => 'index',
    2 => 'index',
  ),
  'convert' => false,
)
[ info ] [ HEADER ] array (
  'accept-encoding' => 'gzip,deflate,br',
  'user-agent' => 'Mozilla/5.0 (compatible; Googlebot/2.1; +http://www.google.com/bot.html)',
  'from' => 'googlebot(at)googlebot.com',
  'accept' => 'text/html,application/xhtml+xml,application/signed-exchange;v=b3,application/xml;q=0.9,*/*;q=0.8',
  'connection' => 'close',
  'host' => 'qr.zy13.net',
)
[ info ] [ PARAM ] array (
)
[ info ] [ RUN ] app\index\controller\Index->index[ D:\wwwroot\qr\application\index\controller\Index.php ]
[ info ] [ DB ] INIT mysql
[ info ] [ VIEW ] D:\wwwroot\qr\public/../application/index\view\index\index.html [ array (
  0 => 'count',
  1 => 'total',
  2 => 'number',
) ]
[ info ] [ LOG ] INIT File
[ sql ] [ DB ] CONNECT:[ UseTime:0.000000s ] mysql:host=127.0.0.1;port=3306;dbname=pay_db;charset=utf8
[ sql ] [ SQL ] SHOW COLUMNS FROM `qr_code` [ RunTime:0.015600s ]
[ sql ] [ SQL ] SELECT COUNT(*) AS tp_count FROM `qr_code` WHERE  ( `time` > 1611849600 AND `time` < 1611883326 ) LIMIT 1 [ RunTime:0.000000s ]
[ sql ] [ SQL ] SELECT COUNT(*) AS tp_count FROM `qr_code` LIMIT 1 [ RunTime:0.000000s ]
[ sql ] [ SQL ] SELECT SUM(number) AS tp_sum FROM `qr_code` LIMIT 1 [ RunTime:0.000000s ]
---------------------------------------------------------------
[ 2021-01-29T10:20:27+08:00 ] 61.158.146.104 GET /qr/19.html
[ info ] qr.zy13.net/qr/19.html [运行时间：0.140401s][吞吐率：7.12req/s] [内存消耗：1,972.30kb] [文件加载：48]
[ info ] [ LANG ] D:\wwwroot\qr\thinkphp\lang\zh-cn.php
[ info ] [ ROUTE ] array (
  'type' => 'module',
  'module' => 
  array (
    0 => NULL,
    1 => 'index',
    2 => 'qr',
  ),
  'convert' => false,
)
[ info ] [ HEADER ] array (
  'connection' => 'close',
  'host' => 'qr.zy13.net',
  'accept-encoding' => 'gzip',
  'accept-language' => 'zh-CN,en-US;q=0.9',
  'x-mass-tappid' => '20000067',
  'user-agent' => 'Mozilla/5.0 (Linux; U; Android 11; zh-CN; M2011K2C Build/RKQ1.200928.002) AppleWebKit/537.36 (KHTML, like Gecko) Version/4.0 Chrome/69.0.3497.100 UWS/3.22.1.73 Mobile Safari/537.36 UCBS/3.22.1.73_201208174214 NebulaSDK/1.8.100112 Nebula AlipayDefined(nt:4G,ws:411|0|3.5,ac:sp) AliApp(AP/10.2.13.9020) AlipayClient/10.2.13.9020 Language/zh-Hans useStatusBar/true isConcaveScreen/true Region/CN NebulaX/1.0.0 Ariver/1.0.0',
  'upgrade-insecure-requests' => '1',
  'x-requested-with' => 'com.eg.android.AlipayGphone',
  'accept' => 'text/html,application/xhtml+xml,application/xml;q=0.9,image/webp,image/apng,*/*;q=0.8',
)
[ info ] [ PARAM ] array (
  'id' => '19',
)
[ info ] [ RUN ] app\index\controller\Index->qr[ D:\wwwroot\qr\application\index\controller\Index.php ]
[ info ] [ DB ] INIT mysql
[ info ] [ CACHE ] INIT File
[ info ] [ LOG ] INIT File
[ sql ] [ DB ] CONNECT:[ UseTime:0.015601s ] mysql:host=127.0.0.1;port=3306;dbname=pay_db;charset=utf8
[ sql ] [ SQL ] SHOW COLUMNS FROM `qr_code` [ RunTime:0.015600s ]
[ sql ] [ SQL ] SELECT * FROM `qr_code` WHERE  `id` = 19 LIMIT 1 [ RunTime:0.000000s ]
[ sql ] [ SQL ] UPDATE `qr_code`  SET `number`=`number`+1  WHERE  `id` = 19 [ RunTime:0.015600s ]
---------------------------------------------------------------
[ 2021-01-29T11:02:18+08:00 ] 59.52.205.29 GET /
[ info ] qr.zy13.net/ [运行时间：0.140400s][吞吐率：7.12req/s] [内存消耗：2,032.07kb] [文件加载：50]
[ info ] [ LANG ] D:\wwwroot\qr\thinkphp\lang\zh-cn.php
[ info ] [ ROUTE ] array (
  'type' => 'module',
  'module' => 
  array (
    0 => NULL,
    1 => 'index',
    2 => 'index',
  ),
  'convert' => false,
)
[ info ] [ HEADER ] array (
  'accept-language' => 'zh-CN,zh;q=0.9',
  'accept-encoding' => 'gzip, deflate',
  'referer' => 'https://blog.csdn.net/qq15577969/article/details/105181958?utm_medium=distribute.pc_relevant.none-task-blog-baidujs_title-2&spm=1001.2101.3001.4242',
  'accept' => 'text/html,application/xhtml+xml,application/xml;q=0.9,image/avif,image/webp,image/apng,*/*;q=0.8,application/signed-exchange;v=b3;q=0.9',
  'user-agent' => 'Mozilla/5.0 (Windows NT 10.0; Win64; x64) AppleWebKit/537.36 (KHTML, like Gecko) Chrome/88.0.4324.104 Safari/537.36',
  'upgrade-insecure-requests' => '1',
  'connection' => 'close',
  'host' => 'qr.zy13.net',
)
[ info ] [ PARAM ] array (
)
[ info ] [ RUN ] app\index\controller\Index->index[ D:\wwwroot\qr\application\index\controller\Index.php ]
[ info ] [ DB ] INIT mysql
[ info ] [ VIEW ] D:\wwwroot\qr\public/../application/index\view\index\index.html [ array (
  0 => 'count',
  1 => 'total',
  2 => 'number',
) ]
[ info ] [ LOG ] INIT File
[ sql ] [ DB ] CONNECT:[ UseTime:0.015600s ] mysql:host=127.0.0.1;port=3306;dbname=pay_db;charset=utf8
[ sql ] [ SQL ] SHOW COLUMNS FROM `qr_code` [ RunTime:0.000000s ]
[ sql ] [ SQL ] SELECT COUNT(*) AS tp_count FROM `qr_code` WHERE  ( `time` > 1611849600 AND `time` < 1611889338 ) LIMIT 1 [ RunTime:0.015600s ]
[ sql ] [ SQL ] SELECT COUNT(*) AS tp_count FROM `qr_code` LIMIT 1 [ RunTime:0.000000s ]
[ sql ] [ SQL ] SELECT SUM(number) AS tp_sum FROM `qr_code` LIMIT 1 [ RunTime:0.000000s ]
---------------------------------------------------------------
[ 2021-01-29T11:31:05+08:00 ] 218.67.164.109 GET /
[ info ] qr.zy13.net/ [运行时间：0.093600s][吞吐率：10.68req/s] [内存消耗：2,031.69kb] [文件加载：50]
[ info ] [ LANG ] D:\wwwroot\qr\thinkphp\lang\zh-cn.php
[ info ] [ ROUTE ] array (
  'type' => 'module',
  'module' => 
  array (
    0 => NULL,
    1 => 'index',
    2 => 'index',
  ),
  'convert' => false,
)
[ info ] [ HEADER ] array (
  'accept-encoding' => 'gzip, deflate',
  'accept-language' => 'zh-cn',
  'referer' => 'https://blog.csdn.net/qq15577969/article/details/105181958',
  'user-agent' => 'Mozilla/5.0 (iPhone; CPU iPhone OS 14_3 like Mac OS X) AppleWebKit/605.1.15 (KHTML, like Gecko) Version/14.0.2 Mobile/15E148 Safari/604.1',
  'accept' => 'text/html,application/xhtml+xml,application/xml;q=0.9,*/*;q=0.8',
  'upgrade-insecure-requests' => '1',
  'connection' => 'close',
  'host' => 'qr.zy13.net',
)
[ info ] [ PARAM ] array (
)
[ info ] [ RUN ] app\index\controller\Index->index[ D:\wwwroot\qr\application\index\controller\Index.php ]
[ info ] [ DB ] INIT mysql
[ info ] [ VIEW ] D:\wwwroot\qr\public/../application/index\view\index\index.html [ array (
  0 => 'count',
  1 => 'total',
  2 => 'number',
) ]
[ info ] [ LOG ] INIT File
[ sql ] [ DB ] CONNECT:[ UseTime:0.015600s ] mysql:host=127.0.0.1;port=3306;dbname=pay_db;charset=utf8
[ sql ] [ SQL ] SHOW COLUMNS FROM `qr_code` [ RunTime:0.000000s ]
[ sql ] [ SQL ] SELECT COUNT(*) AS tp_count FROM `qr_code` WHERE  ( `time` > 1611849600 AND `time` < 1611891065 ) LIMIT 1 [ RunTime:0.015600s ]
[ sql ] [ SQL ] SELECT COUNT(*) AS tp_count FROM `qr_code` LIMIT 1 [ RunTime:0.000000s ]
[ sql ] [ SQL ] SELECT SUM(number) AS tp_sum FROM `qr_code` LIMIT 1 [ RunTime:0.000000s ]
---------------------------------------------------------------
[ 2021-01-29T13:52:35+08:00 ] 223.104.106.68 GET /
[ info ] qr.zy13.net/ [运行时间：0.124801s][吞吐率：8.01req/s] [内存消耗：2,031.69kb] [文件加载：50]
[ info ] [ LANG ] D:\wwwroot\qr\thinkphp\lang\zh-cn.php
[ info ] [ ROUTE ] array (
  'type' => 'module',
  'module' => 
  array (
    0 => NULL,
    1 => 'index',
    2 => 'index',
  ),
  'convert' => false,
)
[ info ] [ HEADER ] array (
  'accept-encoding' => 'gzip, deflate',
  'accept-language' => 'zh-cn',
  'referer' => 'https://blog.csdn.net/qq15577969/article/details/105181958',
  'user-agent' => 'Mozilla/5.0 (iPhone; CPU iPhone OS 14_2 like Mac OS X) AppleWebKit/605.1.15 (KHTML, like Gecko) Version/14.0.1 Mobile/15E148 Safari/604.1',
  'accept' => 'text/html,application/xhtml+xml,application/xml;q=0.9,*/*;q=0.8',
  'upgrade-insecure-requests' => '1',
  'connection' => 'close',
  'host' => 'qr.zy13.net',
)
[ info ] [ PARAM ] array (
)
[ info ] [ RUN ] app\index\controller\Index->index[ D:\wwwroot\qr\application\index\controller\Index.php ]
[ info ] [ DB ] INIT mysql
[ info ] [ VIEW ] D:\wwwroot\qr\public/../application/index\view\index\index.html [ array (
  0 => 'count',
  1 => 'total',
  2 => 'number',
) ]
[ info ] [ LOG ] INIT File
[ sql ] [ DB ] CONNECT:[ UseTime:0.015600s ] mysql:host=127.0.0.1;port=3306;dbname=pay_db;charset=utf8
[ sql ] [ SQL ] SHOW COLUMNS FROM `qr_code` [ RunTime:0.000000s ]
[ sql ] [ SQL ] SELECT COUNT(*) AS tp_count FROM `qr_code` WHERE  ( `time` > 1611849600 AND `time` < 1611899555 ) LIMIT 1 [ RunTime:0.015600s ]
[ sql ] [ SQL ] SELECT COUNT(*) AS tp_count FROM `qr_code` LIMIT 1 [ RunTime:0.000000s ]
[ sql ] [ SQL ] SELECT SUM(number) AS tp_sum FROM `qr_code` LIMIT 1 [ RunTime:0.000000s ]
---------------------------------------------------------------
[ 2021-01-29T16:14:57+08:00 ] 183.136.225.56 GET /
[ info ] qr.zy13.net/ [运行时间：0.140400s][吞吐率：7.12req/s] [内存消耗：2,030.38kb] [文件加载：50]
[ info ] [ LANG ] D:\wwwroot\qr\thinkphp\lang\zh-cn.php
[ info ] [ ROUTE ] array (
  'type' => 'module',
  'module' => 
  array (
    0 => NULL,
    1 => 'index',
    2 => 'index',
  ),
  'convert' => false,
)
[ info ] [ HEADER ] array (
  'connection' => 'close',
  'accept' => '*/*',
  'user-agent' => 'Mozilla/5.0 (Macintosh; Intel Mac OS X 10.11; rv:47.0) Gecko/20100101 Firefox/47.0',
  'host' => 'qr.zy13.net',
)
[ info ] [ PARAM ] array (
)
[ info ] [ RUN ] app\index\controller\Index->index[ D:\wwwroot\qr\application\index\controller\Index.php ]
[ info ] [ DB ] INIT mysql
[ info ] [ VIEW ] D:\wwwroot\qr\public/../application/index\view\index\index.html [ array (
  0 => 'count',
  1 => 'total',
  2 => 'number',
) ]
[ info ] [ LOG ] INIT File
[ sql ] [ DB ] CONNECT:[ UseTime:0.015600s ] mysql:host=127.0.0.1;port=3306;dbname=pay_db;charset=utf8
[ sql ] [ SQL ] SHOW COLUMNS FROM `qr_code` [ RunTime:0.000000s ]
[ sql ] [ SQL ] SELECT COUNT(*) AS tp_count FROM `qr_code` WHERE  ( `time` > 1611849600 AND `time` < 1611908097 ) LIMIT 1 [ RunTime:0.015600s ]
[ sql ] [ SQL ] SELECT COUNT(*) AS tp_count FROM `qr_code` LIMIT 1 [ RunTime:0.000000s ]
[ sql ] [ SQL ] SELECT SUM(number) AS tp_sum FROM `qr_code` LIMIT 1 [ RunTime:0.000000s ]
---------------------------------------------------------------
[ 2021-01-29T16:44:31+08:00 ] 115.60.20.67 GET /
[ info ] qr.zy13.net/ [运行时间：0.124800s][吞吐率：8.01req/s] [内存消耗：2,032.00kb] [文件加载：50]
[ info ] [ LANG ] D:\wwwroot\qr\thinkphp\lang\zh-cn.php
[ info ] [ ROUTE ] array (
  'type' => 'module',
  'module' => 
  array (
    0 => NULL,
    1 => 'index',
    2 => 'index',
  ),
  'convert' => false,
)
[ info ] [ HEADER ] array (
  'accept-language' => 'zh-CN,zh;q=0.9,en-US;q=0.8,en;q=0.7',
  'accept-encoding' => 'gzip, deflate',
  'referer' => 'https://blog.csdn.net/qq15577969/article/details/105181958',
  'accept' => 'text/html,application/xhtml+xml,application/xml;q=0.9,image/webp,image/apng,*/*;q=0.8,application/signed-exchange;v=b3;q=0.9',
  'user-agent' => 'Mozilla/5.0 (Linux; Android 10; HMA-AL00; HMSCore 5.1.0.309; GMSCore 20.15.16) AppleWebKit/537.36 (KHTML, like Gecko) Chrome/83.0.4103.106 HuaweiBrowser/11.0.6.301 Mobile Safari/537.36',
  'upgrade-insecure-requests' => '1',
  'connection' => 'close',
  'host' => 'qr.zy13.net',
)
[ info ] [ PARAM ] array (
)
[ info ] [ RUN ] app\index\controller\Index->index[ D:\wwwroot\qr\application\index\controller\Index.php ]
[ info ] [ DB ] INIT mysql
[ info ] [ VIEW ] D:\wwwroot\qr\public/../application/index\view\index\index.html [ array (
  0 => 'count',
  1 => 'total',
  2 => 'number',
) ]
[ info ] [ LOG ] INIT File
[ sql ] [ DB ] CONNECT:[ UseTime:0.015600s ] mysql:host=127.0.0.1;port=3306;dbname=pay_db;charset=utf8
[ sql ] [ SQL ] SHOW COLUMNS FROM `qr_code` [ RunTime:0.000000s ]
[ sql ] [ SQL ] SELECT COUNT(*) AS tp_count FROM `qr_code` WHERE  ( `time` > 1611849600 AND `time` < 1611909871 ) LIMIT 1 [ RunTime:0.015600s ]
[ sql ] [ SQL ] SELECT COUNT(*) AS tp_count FROM `qr_code` LIMIT 1 [ RunTime:0.000000s ]
[ sql ] [ SQL ] SELECT SUM(number) AS tp_sum FROM `qr_code` LIMIT 1 [ RunTime:0.000000s ]
---------------------------------------------------------------
[ 2021-01-29T16:51:03+08:00 ] 164.90.128.185 GET /
[ info ] qr.zy13.net/ [运行时间：0.124800s][吞吐率：8.01req/s] [内存消耗：2,031.30kb] [文件加载：50]
[ info ] [ LANG ] D:\wwwroot\qr\thinkphp\lang\zh-cn.php
[ info ] [ ROUTE ] array (
  'type' => 'module',
  'module' => 
  array (
    0 => NULL,
    1 => 'index',
    2 => 'index',
  ),
  'convert' => false,
)
[ info ] [ HEADER ] array (
  'connection' => 'close',
  'accept-language' => 'en-gb,en;q=0.5',
  'accept' => 'text/xml,application/xml,application/xhtml+xml,text/html;q=0.9,text/plain;q=0.8,image/png,*/*;q=0.5',
  'accept-encoding' => 'identity',
  'user-agent' => 'Mozilla/5.0 (compatible; NetcraftSurveyAgent/1.0; +info@netcraft.com)',
  'accept-charset' => 'ISO-8859-1,utf-8;q=0.7,*;q=0.7',
  'host' => 'qr.zy13.net',
)
[ info ] [ PARAM ] array (
)
[ info ] [ RUN ] app\index\controller\Index->index[ D:\wwwroot\qr\application\index\controller\Index.php ]
[ info ] [ DB ] INIT mysql
[ info ] [ VIEW ] D:\wwwroot\qr\public/../application/index\view\index\index.html [ array (
  0 => 'count',
  1 => 'total',
  2 => 'number',
) ]
[ info ] [ LOG ] INIT File
[ sql ] [ DB ] CONNECT:[ UseTime:0.015600s ] mysql:host=127.0.0.1;port=3306;dbname=pay_db;charset=utf8
[ sql ] [ SQL ] SHOW COLUMNS FROM `qr_code` [ RunTime:0.000000s ]
[ sql ] [ SQL ] SELECT COUNT(*) AS tp_count FROM `qr_code` WHERE  ( `time` > 1611849600 AND `time` < 1611910263 ) LIMIT 1 [ RunTime:0.015600s ]
[ sql ] [ SQL ] SELECT COUNT(*) AS tp_count FROM `qr_code` LIMIT 1 [ RunTime:0.000000s ]
[ sql ] [ SQL ] SELECT SUM(number) AS tp_sum FROM `qr_code` LIMIT 1 [ RunTime:0.000000s ]
---------------------------------------------------------------
[ 2021-01-29T16:53:38+08:00 ] 183.70.89.10 GET /
[ info ] qr.zy13.net/ [运行时间：0.109200s][吞吐率：9.16req/s] [内存消耗：2,031.97kb] [文件加载：50]
[ info ] [ LANG ] D:\wwwroot\qr\thinkphp\lang\zh-cn.php
[ info ] [ ROUTE ] array (
  'type' => 'module',
  'module' => 
  array (
    0 => NULL,
    1 => 'index',
    2 => 'index',
  ),
  'convert' => false,
)
[ info ] [ HEADER ] array (
  'accept-language' => 'zh-CN,zh;q=0.9,en-US;q=0.8,en;q=0.7',
  'accept-encoding' => 'gzip, deflate',
  'referer' => 'https://blog.csdn.net/qq15577969/article/details/105181958',
  'accept' => 'text/html,application/xhtml+xml,application/xml;q=0.9,image/webp,image/apng,*/*;q=0.8,application/signed-exchange;v=b3;q=0.9',
  'user-agent' => 'Mozilla/5.0 (Linux; U; Android 9; zh-cn; MI CC9 Pro Build/PKQ1.190302.001) AppleWebKit/537.36 (KHTML, like Gecko) Version/4.0 Chrome/79.0.3945.147 Mobile Safari/537.36 XiaoMi/MiuiBrowser/13.8.12',
  'upgrade-insecure-requests' => '1',
  'connection' => 'close',
  'host' => 'qr.zy13.net',
)
[ info ] [ PARAM ] array (
)
[ info ] [ RUN ] app\index\controller\Index->index[ D:\wwwroot\qr\application\index\controller\Index.php ]
[ info ] [ DB ] INIT mysql
[ info ] [ VIEW ] D:\wwwroot\qr\public/../application/index\view\index\index.html [ array (
  0 => 'count',
  1 => 'total',
  2 => 'number',
) ]
[ info ] [ LOG ] INIT File
[ sql ] [ DB ] CONNECT:[ UseTime:0.000000s ] mysql:host=127.0.0.1;port=3306;dbname=pay_db;charset=utf8
[ sql ] [ SQL ] SHOW COLUMNS FROM `qr_code` [ RunTime:0.015600s ]
[ sql ] [ SQL ] SELECT COUNT(*) AS tp_count FROM `qr_code` WHERE  ( `time` > 1611849600 AND `time` < 1611910418 ) LIMIT 1 [ RunTime:0.015600s ]
[ sql ] [ SQL ] SELECT COUNT(*) AS tp_count FROM `qr_code` LIMIT 1 [ RunTime:0.000000s ]
[ sql ] [ SQL ] SELECT SUM(number) AS tp_sum FROM `qr_code` LIMIT 1 [ RunTime:0.000000s ]
---------------------------------------------------------------
[ 2021-01-29T16:53:47+08:00 ] 183.70.89.10 GET /
[ info ] qr.zy13.net/ [运行时间：0.078000s][吞吐率：12.82req/s] [内存消耗：2,032.40kb] [文件加载：50]
[ info ] [ LANG ] D:\wwwroot\qr\thinkphp\lang\zh-cn.php
[ info ] [ ROUTE ] array (
  'type' => 'module',
  'module' => 
  array (
    0 => NULL,
    1 => 'index',
    2 => 'index',
  ),
  'convert' => false,
)
[ info ] [ HEADER ] array (
  'accept-language' => 'zh-CN,zh;q=0.9,en-US;q=0.8,en;q=0.7',
  'accept-encoding' => 'gzip, deflate',
  'referer' => 'https://blog.csdn.net/qq15577969/article/details/105181958',
  'accept' => 'text/html,application/xhtml+xml,application/xml;q=0.9,image/webp,image/apng,*/*;q=0.8,application/signed-exchange;v=b3;q=0.9',
  'user-agent' => 'Mozilla/5.0 (Linux; U; Android 9; zh-cn; MI CC9 Pro Build/PKQ1.190302.001) AppleWebKit/537.36 (KHTML, like Gecko) Version/4.0 Chrome/79.0.3945.147 Mobile Safari/537.36 XiaoMi/MiuiBrowser/13.8.12',
  'upgrade-insecure-requests' => '1',
  'cache-control' => 'max-age=0',
  'connection' => 'close',
  'host' => 'qr.zy13.net',
)
[ info ] [ PARAM ] array (
)
[ info ] [ RUN ] app\index\controller\Index->index[ D:\wwwroot\qr\application\index\controller\Index.php ]
[ info ] [ DB ] INIT mysql
[ info ] [ VIEW ] D:\wwwroot\qr\public/../application/index\view\index\index.html [ array (
  0 => 'count',
  1 => 'total',
  2 => 'number',
) ]
[ info ] [ LOG ] INIT File
[ sql ] [ DB ] CONNECT:[ UseTime:0.000000s ] mysql:host=127.0.0.1;port=3306;dbname=pay_db;charset=utf8
[ sql ] [ SQL ] SHOW COLUMNS FROM `qr_code` [ RunTime:0.015600s ]
[ sql ] [ SQL ] SELECT COUNT(*) AS tp_count FROM `qr_code` WHERE  ( `time` > 1611849600 AND `time` < 1611910427 ) LIMIT 1 [ RunTime:0.000000s ]
[ sql ] [ SQL ] SELECT COUNT(*) AS tp_count FROM `qr_code` LIMIT 1 [ RunTime:0.000000s ]
[ sql ] [ SQL ] SELECT SUM(number) AS tp_sum FROM `qr_code` LIMIT 1 [ RunTime:0.000000s ]
---------------------------------------------------------------
[ 2021-01-29T16:53:48+08:00 ] 183.70.89.10 GET /
[ info ] qr.zy13.net/ [运行时间：0.124800s][吞吐率：8.01req/s] [内存消耗：2,032.40kb] [文件加载：50]
[ info ] [ LANG ] D:\wwwroot\qr\thinkphp\lang\zh-cn.php
[ info ] [ ROUTE ] array (
  'type' => 'module',
  'module' => 
  array (
    0 => NULL,
    1 => 'index',
    2 => 'index',
  ),
  'convert' => false,
)
[ info ] [ HEADER ] array (
  'accept-language' => 'zh-CN,zh;q=0.9,en-US;q=0.8,en;q=0.7',
  'accept-encoding' => 'gzip, deflate',
  'referer' => 'https://blog.csdn.net/qq15577969/article/details/105181958',
  'accept' => 'text/html,application/xhtml+xml,application/xml;q=0.9,image/webp,image/apng,*/*;q=0.8,application/signed-exchange;v=b3;q=0.9',
  'user-agent' => 'Mozilla/5.0 (Linux; U; Android 9; zh-cn; MI CC9 Pro Build/PKQ1.190302.001) AppleWebKit/537.36 (KHTML, like Gecko) Version/4.0 Chrome/79.0.3945.147 Mobile Safari/537.36 XiaoMi/MiuiBrowser/13.8.12',
  'upgrade-insecure-requests' => '1',
  'cache-control' => 'max-age=0',
  'connection' => 'close',
  'host' => 'qr.zy13.net',
)
[ info ] [ PARAM ] array (
)
[ info ] [ RUN ] app\index\controller\Index->index[ D:\wwwroot\qr\application\index\controller\Index.php ]
[ info ] [ DB ] INIT mysql
[ info ] [ VIEW ] D:\wwwroot\qr\public/../application/index\view\index\index.html [ array (
  0 => 'count',
  1 => 'total',
  2 => 'number',
) ]
[ info ] [ LOG ] INIT File
[ sql ] [ DB ] CONNECT:[ UseTime:0.015600s ] mysql:host=127.0.0.1;port=3306;dbname=pay_db;charset=utf8
[ sql ] [ SQL ] SHOW COLUMNS FROM `qr_code` [ RunTime:0.015600s ]
[ sql ] [ SQL ] SELECT COUNT(*) AS tp_count FROM `qr_code` WHERE  ( `time` > 1611849600 AND `time` < 1611910428 ) LIMIT 1 [ RunTime:0.000000s ]
[ sql ] [ SQL ] SELECT COUNT(*) AS tp_count FROM `qr_code` LIMIT 1 [ RunTime:0.000000s ]
[ sql ] [ SQL ] SELECT SUM(number) AS tp_sum FROM `qr_code` LIMIT 1 [ RunTime:0.000000s ]
---------------------------------------------------------------
[ 2021-01-29T16:53:49+08:00 ] 183.70.89.10 GET /
[ info ] qr.zy13.net/ [运行时间：0.109200s][吞吐率：9.16req/s] [内存消耗：2,032.40kb] [文件加载：50]
[ info ] [ LANG ] D:\wwwroot\qr\thinkphp\lang\zh-cn.php
[ info ] [ ROUTE ] array (
  'type' => 'module',
  'module' => 
  array (
    0 => NULL,
    1 => 'index',
    2 => 'index',
  ),
  'convert' => false,
)
[ info ] [ HEADER ] array (
  'accept-language' => 'zh-CN,zh;q=0.9,en-US;q=0.8,en;q=0.7',
  'accept-encoding' => 'gzip, deflate',
  'referer' => 'https://blog.csdn.net/qq15577969/article/details/105181958',
  'accept' => 'text/html,application/xhtml+xml,application/xml;q=0.9,image/webp,image/apng,*/*;q=0.8,application/signed-exchange;v=b3;q=0.9',
  'user-agent' => 'Mozilla/5.0 (Linux; U; Android 9; zh-cn; MI CC9 Pro Build/PKQ1.190302.001) AppleWebKit/537.36 (KHTML, like Gecko) Version/4.0 Chrome/79.0.3945.147 Mobile Safari/537.36 XiaoMi/MiuiBrowser/13.8.12',
  'upgrade-insecure-requests' => '1',
  'cache-control' => 'max-age=0',
  'connection' => 'close',
  'host' => 'qr.zy13.net',
)
[ info ] [ PARAM ] array (
)
[ info ] [ RUN ] app\index\controller\Index->index[ D:\wwwroot\qr\application\index\controller\Index.php ]
[ info ] [ DB ] INIT mysql
[ info ] [ VIEW ] D:\wwwroot\qr\public/../application/index\view\index\index.html [ array (
  0 => 'count',
  1 => 'total',
  2 => 'number',
) ]
[ info ] [ LOG ] INIT File
[ sql ] [ DB ] CONNECT:[ UseTime:0.015600s ] mysql:host=127.0.0.1;port=3306;dbname=pay_db;charset=utf8
[ sql ] [ SQL ] SHOW COLUMNS FROM `qr_code` [ RunTime:0.000000s ]
[ sql ] [ SQL ] SELECT COUNT(*) AS tp_count FROM `qr_code` WHERE  ( `time` > 1611849600 AND `time` < 1611910429 ) LIMIT 1 [ RunTime:0.000000s ]
[ sql ] [ SQL ] SELECT COUNT(*) AS tp_count FROM `qr_code` LIMIT 1 [ RunTime:0.015600s ]
[ sql ] [ SQL ] SELECT SUM(number) AS tp_sum FROM `qr_code` LIMIT 1 [ RunTime:0.000000s ]
---------------------------------------------------------------
[ 2021-01-29T16:53:55+08:00 ] 183.70.89.10 GET /
[ info ] qr.zy13.net/ [运行时间：0.093600s][吞吐率：10.68req/s] [内存消耗：2,031.96kb] [文件加载：50]
[ info ] [ LANG ] D:\wwwroot\qr\thinkphp\lang\zh-cn.php
[ info ] [ ROUTE ] array (
  'type' => 'module',
  'module' => 
  array (
    0 => NULL,
    1 => 'index',
    2 => 'index',
  ),
  'convert' => false,
)
[ info ] [ HEADER ] array (
  'accept-language' => 'zh-CN,zh;q=0.9,en-US;q=0.8,en;q=0.7',
  'accept-encoding' => 'gzip, deflate',
  'x-miorigin' => 's',
  'accept' => 'text/html,application/xhtml+xml,application/xml;q=0.9,image/webp,image/apng,*/*;q=0.8,application/signed-exchange;v=b3;q=0.9',
  'user-agent' => 'Mozilla/5.0 (Linux; U; Android 9; zh-cn; MI CC9 Pro Build/PKQ1.190302.001) AppleWebKit/537.36 (KHTML, like Gecko) Version/4.0 Chrome/79.0.3945.147 Mobile Safari/537.36 XiaoMi/MiuiBrowser/13.8.12',
  'upgrade-insecure-requests' => '1',
  'connection' => 'close',
  'host' => 'qr.zy13.net',
)
[ info ] [ PARAM ] array (
)
[ info ] [ RUN ] app\index\controller\Index->index[ D:\wwwroot\qr\application\index\controller\Index.php ]
[ info ] [ DB ] INIT mysql
[ info ] [ VIEW ] D:\wwwroot\qr\public/../application/index\view\index\index.html [ array (
  0 => 'count',
  1 => 'total',
  2 => 'number',
) ]
[ info ] [ LOG ] INIT File
[ sql ] [ DB ] CONNECT:[ UseTime:0.015600s ] mysql:host=127.0.0.1;port=3306;dbname=pay_db;charset=utf8
[ sql ] [ SQL ] SHOW COLUMNS FROM `qr_code` [ RunTime:0.015600s ]
[ sql ] [ SQL ] SELECT COUNT(*) AS tp_count FROM `qr_code` WHERE  ( `time` > 1611849600 AND `time` < 1611910435 ) LIMIT 1 [ RunTime:0.000000s ]
[ sql ] [ SQL ] SELECT COUNT(*) AS tp_count FROM `qr_code` LIMIT 1 [ RunTime:0.000000s ]
[ sql ] [ SQL ] SELECT SUM(number) AS tp_sum FROM `qr_code` LIMIT 1 [ RunTime:0.000000s ]
---------------------------------------------------------------
[ 2021-01-29T16:53:56+08:00 ] 183.70.89.10 GET /
[ info ] qr.zy13.net/ [运行时间：0.062400s][吞吐率：16.03req/s] [内存消耗：2,031.96kb] [文件加载：50]
[ info ] [ LANG ] D:\wwwroot\qr\thinkphp\lang\zh-cn.php
[ info ] [ ROUTE ] array (
  'type' => 'module',
  'module' => 
  array (
    0 => NULL,
    1 => 'index',
    2 => 'index',
  ),
  'convert' => false,
)
[ info ] [ HEADER ] array (
  'accept-language' => 'zh-CN,zh;q=0.9,en-US;q=0.8,en;q=0.7',
  'accept-encoding' => 'gzip, deflate',
  'x-miorigin' => 's',
  'accept' => 'text/html,application/xhtml+xml,application/xml;q=0.9,image/webp,image/apng,*/*;q=0.8,application/signed-exchange;v=b3;q=0.9',
  'user-agent' => 'Mozilla/5.0 (Linux; U; Android 9; zh-cn; MI CC9 Pro Build/PKQ1.190302.001) AppleWebKit/537.36 (KHTML, like Gecko) Version/4.0 Chrome/79.0.3945.147 Mobile Safari/537.36 XiaoMi/MiuiBrowser/13.8.12',
  'upgrade-insecure-requests' => '1',
  'connection' => 'close',
  'host' => 'qr.zy13.net',
)
[ info ] [ PARAM ] array (
)
[ info ] [ RUN ] app\index\controller\Index->index[ D:\wwwroot\qr\application\index\controller\Index.php ]
[ info ] [ DB ] INIT mysql
[ info ] [ VIEW ] D:\wwwroot\qr\public/../application/index\view\index\index.html [ array (
  0 => 'count',
  1 => 'total',
  2 => 'number',
) ]
[ info ] [ LOG ] INIT File
[ sql ] [ DB ] CONNECT:[ UseTime:0.000000s ] mysql:host=127.0.0.1;port=3306;dbname=pay_db;charset=utf8
[ sql ] [ SQL ] SHOW COLUMNS FROM `qr_code` [ RunTime:0.000000s ]
[ sql ] [ SQL ] SELECT COUNT(*) AS tp_count FROM `qr_code` WHERE  ( `time` > 1611849600 AND `time` < 1611910436 ) LIMIT 1 [ RunTime:0.000000s ]
[ sql ] [ SQL ] SELECT COUNT(*) AS tp_count FROM `qr_code` LIMIT 1 [ RunTime:0.000000s ]
[ sql ] [ SQL ] SELECT SUM(number) AS tp_sum FROM `qr_code` LIMIT 1 [ RunTime:0.000000s ]
---------------------------------------------------------------
[ 2021-01-29T16:53:57+08:00 ] 183.70.89.10 GET /
[ info ] qr.zy13.net/ [运行时间：0.109200s][吞吐率：9.16req/s] [内存消耗：2,031.96kb] [文件加载：50]
[ info ] [ LANG ] D:\wwwroot\qr\thinkphp\lang\zh-cn.php
[ info ] [ ROUTE ] array (
  'type' => 'module',
  'module' => 
  array (
    0 => NULL,
    1 => 'index',
    2 => 'index',
  ),
  'convert' => false,
)
[ info ] [ HEADER ] array (
  'accept-language' => 'zh-CN,zh;q=0.9,en-US;q=0.8,en;q=0.7',
  'accept-encoding' => 'gzip, deflate',
  'x-miorigin' => 's',
  'accept' => 'text/html,application/xhtml+xml,application/xml;q=0.9,image/webp,image/apng,*/*;q=0.8,application/signed-exchange;v=b3;q=0.9',
  'user-agent' => 'Mozilla/5.0 (Linux; U; Android 9; zh-cn; MI CC9 Pro Build/PKQ1.190302.001) AppleWebKit/537.36 (KHTML, like Gecko) Version/4.0 Chrome/79.0.3945.147 Mobile Safari/537.36 XiaoMi/MiuiBrowser/13.8.12',
  'upgrade-insecure-requests' => '1',
  'connection' => 'close',
  'host' => 'qr.zy13.net',
)
[ info ] [ PARAM ] array (
)
[ info ] [ RUN ] app\index\controller\Index->index[ D:\wwwroot\qr\application\index\controller\Index.php ]
[ info ] [ DB ] INIT mysql
[ info ] [ VIEW ] D:\wwwroot\qr\public/../application/index\view\index\index.html [ array (
  0 => 'count',
  1 => 'total',
  2 => 'number',
) ]
[ info ] [ LOG ] INIT File
[ sql ] [ DB ] CONNECT:[ UseTime:0.015600s ] mysql:host=127.0.0.1;port=3306;dbname=pay_db;charset=utf8
[ sql ] [ SQL ] SHOW COLUMNS FROM `qr_code` [ RunTime:0.000000s ]
[ sql ] [ SQL ] SELECT COUNT(*) AS tp_count FROM `qr_code` WHERE  ( `time` > 1611849600 AND `time` < 1611910437 ) LIMIT 1 [ RunTime:0.000000s ]
[ sql ] [ SQL ] SELECT COUNT(*) AS tp_count FROM `qr_code` LIMIT 1 [ RunTime:0.000000s ]
[ sql ] [ SQL ] SELECT SUM(number) AS tp_sum FROM `qr_code` LIMIT 1 [ RunTime:0.000000s ]
---------------------------------------------------------------
[ 2021-01-29T16:58:34+08:00 ] 183.70.89.10 GET /
[ info ] qr.zy13.net/ [运行时间：0.109200s][吞吐率：9.16req/s] [内存消耗：2,031.96kb] [文件加载：50]
[ info ] [ LANG ] D:\wwwroot\qr\thinkphp\lang\zh-cn.php
[ info ] [ ROUTE ] array (
  'type' => 'module',
  'module' => 
  array (
    0 => NULL,
    1 => 'index',
    2 => 'index',
  ),
  'convert' => false,
)
[ info ] [ HEADER ] array (
  'accept-language' => 'zh-CN,zh;q=0.9,en-US;q=0.8,en;q=0.7',
  'accept-encoding' => 'gzip, deflate',
  'x-miorigin' => 's',
  'accept' => 'text/html,application/xhtml+xml,application/xml;q=0.9,image/webp,image/apng,*/*;q=0.8,application/signed-exchange;v=b3;q=0.9',
  'user-agent' => 'Mozilla/5.0 (Linux; U; Android 9; zh-cn; MI CC9 Pro Build/PKQ1.190302.001) AppleWebKit/537.36 (KHTML, like Gecko) Version/4.0 Chrome/79.0.3945.147 Mobile Safari/537.36 XiaoMi/MiuiBrowser/13.8.12',
  'upgrade-insecure-requests' => '1',
  'connection' => 'close',
  'host' => 'qr.zy13.net',
)
[ info ] [ PARAM ] array (
)
[ info ] [ RUN ] app\index\controller\Index->index[ D:\wwwroot\qr\application\index\controller\Index.php ]
[ info ] [ DB ] INIT mysql
[ info ] [ VIEW ] D:\wwwroot\qr\public/../application/index\view\index\index.html [ array (
  0 => 'count',
  1 => 'total',
  2 => 'number',
) ]
[ info ] [ LOG ] INIT File
[ sql ] [ DB ] CONNECT:[ UseTime:0.000000s ] mysql:host=127.0.0.1;port=3306;dbname=pay_db;charset=utf8
[ sql ] [ SQL ] SHOW COLUMNS FROM `qr_code` [ RunTime:0.015600s ]
[ sql ] [ SQL ] SELECT COUNT(*) AS tp_count FROM `qr_code` WHERE  ( `time` > 1611849600 AND `time` < 1611910714 ) LIMIT 1 [ RunTime:0.000000s ]
[ sql ] [ SQL ] SELECT COUNT(*) AS tp_count FROM `qr_code` LIMIT 1 [ RunTime:0.000000s ]
[ sql ] [ SQL ] SELECT SUM(number) AS tp_sum FROM `qr_code` LIMIT 1 [ RunTime:0.000000s ]
---------------------------------------------------------------
[ 2021-01-29T16:58:57+08:00 ] 183.70.89.10 GET /
[ info ] qr.zy13.net/ [运行时间：0.109200s][吞吐率：9.16req/s] [内存消耗：2,032.16kb] [文件加载：50]
[ info ] [ LANG ] D:\wwwroot\qr\thinkphp\lang\zh-cn.php
[ info ] [ ROUTE ] array (
  'type' => 'module',
  'module' => 
  array (
    0 => NULL,
    1 => 'index',
    2 => 'index',
  ),
  'convert' => false,
)
[ info ] [ HEADER ] array (
  'accept-language' => 'zh-CN,zh;q=0.9,en-US;q=0.8,en;q=0.7',
  'accept-encoding' => 'gzip, deflate',
  'x-miorigin' => 's',
  'accept' => 'text/html,application/xhtml+xml,application/xml;q=0.9,image/webp,image/apng,*/*;q=0.8,application/signed-exchange;v=b3;q=0.9',
  'user-agent' => 'Mozilla/5.0 (Linux; U; Android 9; zh-cn; MI CC9 Pro Build/PKQ1.190302.001) AppleWebKit/537.36 (KHTML, like Gecko) Version/4.0 Chrome/79.0.3945.147 Mobile Safari/537.36 XiaoMi/MiuiBrowser/13.8.12',
  'upgrade-insecure-requests' => '1',
  'cache-control' => 'max-age=0',
  'connection' => 'close',
  'host' => 'qr.zy13.net',
)
[ info ] [ PARAM ] array (
)
[ info ] [ RUN ] app\index\controller\Index->index[ D:\wwwroot\qr\application\index\controller\Index.php ]
[ info ] [ DB ] INIT mysql
[ info ] [ VIEW ] D:\wwwroot\qr\public/../application/index\view\index\index.html [ array (
  0 => 'count',
  1 => 'total',
  2 => 'number',
) ]
[ info ] [ LOG ] INIT File
[ sql ] [ DB ] CONNECT:[ UseTime:0.000000s ] mysql:host=127.0.0.1;port=3306;dbname=pay_db;charset=utf8
[ sql ] [ SQL ] SHOW COLUMNS FROM `qr_code` [ RunTime:0.015600s ]
[ sql ] [ SQL ] SELECT COUNT(*) AS tp_count FROM `qr_code` WHERE  ( `time` > 1611849600 AND `time` < 1611910737 ) LIMIT 1 [ RunTime:0.000000s ]
[ sql ] [ SQL ] SELECT COUNT(*) AS tp_count FROM `qr_code` LIMIT 1 [ RunTime:0.000000s ]
[ sql ] [ SQL ] SELECT SUM(number) AS tp_sum FROM `qr_code` LIMIT 1 [ RunTime:0.000000s ]
---------------------------------------------------------------
[ 2021-01-29T16:59:01+08:00 ] 183.70.89.10 GET /
[ info ] qr.zy13.net/ [运行时间：0.093600s][吞吐率：10.68req/s] [内存消耗：2,032.15kb] [文件加载：50]
[ info ] [ LANG ] D:\wwwroot\qr\thinkphp\lang\zh-cn.php
[ info ] [ ROUTE ] array (
  'type' => 'module',
  'module' => 
  array (
    0 => NULL,
    1 => 'index',
    2 => 'index',
  ),
  'convert' => false,
)
[ info ] [ HEADER ] array (
  'accept-language' => 'zh-CN,zh;q=0.9,en-US;q=0.8,en;q=0.7',
  'accept-encoding' => 'gzip, deflate',
  'x-miorigin' => 's',
  'accept' => 'text/html,application/xhtml+xml,application/xml;q=0.9,image/webp,image/apng,*/*;q=0.8,application/signed-exchange;v=b3;q=0.9',
  'user-agent' => 'Mozilla/5.0 (Linux; U; Android 9; zh-cn; MI CC9 Pro Build/PKQ1.190302.001) AppleWebKit/537.36 (KHTML, like Gecko) Version/4.0 Chrome/79.0.3945.147 Mobile Safari/537.36 XiaoMi/MiuiBrowser/13.8.12',
  'upgrade-insecure-requests' => '1',
  'cache-control' => 'max-age=0',
  'connection' => 'close',
  'host' => 'qr.zy13.net',
)
[ info ] [ PARAM ] array (
)
[ info ] [ RUN ] app\index\controller\Index->index[ D:\wwwroot\qr\application\index\controller\Index.php ]
[ info ] [ DB ] INIT mysql
[ info ] [ VIEW ] D:\wwwroot\qr\public/../application/index\view\index\index.html [ array (
  0 => 'count',
  1 => 'total',
  2 => 'number',
) ]
[ info ] [ LOG ] INIT File
[ sql ] [ DB ] CONNECT:[ UseTime:0.000000s ] mysql:host=127.0.0.1;port=3306;dbname=pay_db;charset=utf8
[ sql ] [ SQL ] SHOW COLUMNS FROM `qr_code` [ RunTime:0.015600s ]
[ sql ] [ SQL ] SELECT COUNT(*) AS tp_count FROM `qr_code` WHERE  ( `time` > 1611849600 AND `time` < 1611910741 ) LIMIT 1 [ RunTime:0.000000s ]
[ sql ] [ SQL ] SELECT COUNT(*) AS tp_count FROM `qr_code` LIMIT 1 [ RunTime:0.000000s ]
[ sql ] [ SQL ] SELECT SUM(number) AS tp_sum FROM `qr_code` LIMIT 1 [ RunTime:0.000000s ]
---------------------------------------------------------------
[ 2021-01-29T17:03:52+08:00 ] 183.70.89.10 GET /
[ info ] qr.zy13.net/ [运行时间：0.124801s][吞吐率：8.01req/s] [内存消耗：2,031.96kb] [文件加载：50]
[ info ] [ LANG ] D:\wwwroot\qr\thinkphp\lang\zh-cn.php
[ info ] [ ROUTE ] array (
  'type' => 'module',
  'module' => 
  array (
    0 => NULL,
    1 => 'index',
    2 => 'index',
  ),
  'convert' => false,
)
[ info ] [ HEADER ] array (
  'accept-language' => 'zh-CN,zh;q=0.9,en-US;q=0.8,en;q=0.7',
  'accept-encoding' => 'gzip, deflate',
  'x-miorigin' => 's',
  'accept' => 'text/html,application/xhtml+xml,application/xml;q=0.9,image/webp,image/apng,*/*;q=0.8,application/signed-exchange;v=b3;q=0.9',
  'user-agent' => 'Mozilla/5.0 (Linux; U; Android 9; zh-cn; MI CC9 Pro Build/PKQ1.190302.001) AppleWebKit/537.36 (KHTML, like Gecko) Version/4.0 Chrome/79.0.3945.147 Mobile Safari/537.36 XiaoMi/MiuiBrowser/13.8.12',
  'upgrade-insecure-requests' => '1',
  'connection' => 'close',
  'host' => 'qr.zy13.net',
)
[ info ] [ PARAM ] array (
)
[ info ] [ RUN ] app\index\controller\Index->index[ D:\wwwroot\qr\application\index\controller\Index.php ]
[ info ] [ DB ] INIT mysql
[ info ] [ VIEW ] D:\wwwroot\qr\public/../application/index\view\index\index.html [ array (
  0 => 'count',
  1 => 'total',
  2 => 'number',
) ]
[ info ] [ LOG ] INIT File
[ sql ] [ DB ] CONNECT:[ UseTime:0.031200s ] mysql:host=127.0.0.1;port=3306;dbname=pay_db;charset=utf8
[ sql ] [ SQL ] SHOW COLUMNS FROM `qr_code` [ RunTime:0.000000s ]
[ sql ] [ SQL ] SELECT COUNT(*) AS tp_count FROM `qr_code` WHERE  ( `time` > 1611849600 AND `time` < 1611911032 ) LIMIT 1 [ RunTime:0.015600s ]
[ sql ] [ SQL ] SELECT COUNT(*) AS tp_count FROM `qr_code` LIMIT 1 [ RunTime:0.000000s ]
[ sql ] [ SQL ] SELECT SUM(number) AS tp_sum FROM `qr_code` LIMIT 1 [ RunTime:0.000000s ]
---------------------------------------------------------------
[ 2021-01-29T21:09:24+08:00 ] 117.177.197.170 GET /
[ info ] qr.zy13.net/ [运行时间：0.109201s][吞吐率：9.16req/s] [内存消耗：2,031.96kb] [文件加载：50]
[ info ] [ LANG ] D:\wwwroot\qr\thinkphp\lang\zh-cn.php
[ info ] [ ROUTE ] array (
  'type' => 'module',
  'module' => 
  array (
    0 => NULL,
    1 => 'index',
    2 => 'index',
  ),
  'convert' => false,
)
[ info ] [ HEADER ] array (
  'accept-language' => 'zh-CN,zh;q=0.9,en-US;q=0.8,en;q=0.7',
  'accept-encoding' => 'gzip, deflate',
  'referer' => 'https://blog.csdn.net/qq15577969/article/details/105181958',
  'accept' => 'text/html,application/xhtml+xml,application/xml;q=0.9,image/webp,image/apng,*/*;q=0.8,application/signed-exchange;v=b3;q=0.9',
  'user-agent' => 'Mozilla/5.0 (Linux; Android 10; JER-AN10; HMSCore 5.1.0.309) AppleWebKit/537.36 (KHTML, like Gecko) Chrome/83.0.4103.106 HuaweiBrowser/11.0.6.301 Mobile Safari/537.36',
  'upgrade-insecure-requests' => '1',
  'connection' => 'close',
  'host' => 'qr.zy13.net',
)
[ info ] [ PARAM ] array (
)
[ info ] [ RUN ] app\index\controller\Index->index[ D:\wwwroot\qr\application\index\controller\Index.php ]
[ info ] [ DB ] INIT mysql
[ info ] [ VIEW ] D:\wwwroot\qr\public/../application/index\view\index\index.html [ array (
  0 => 'count',
  1 => 'total',
  2 => 'number',
) ]
[ info ] [ LOG ] INIT File
[ sql ] [ DB ] CONNECT:[ UseTime:0.015600s ] mysql:host=127.0.0.1;port=3306;dbname=pay_db;charset=utf8
[ sql ] [ SQL ] SHOW COLUMNS FROM `qr_code` [ RunTime:0.000000s ]
[ sql ] [ SQL ] SELECT COUNT(*) AS tp_count FROM `qr_code` WHERE  ( `time` > 1611849600 AND `time` < 1611925764 ) LIMIT 1 [ RunTime:0.015600s ]
[ sql ] [ SQL ] SELECT COUNT(*) AS tp_count FROM `qr_code` LIMIT 1 [ RunTime:0.000000s ]
[ sql ] [ SQL ] SELECT SUM(number) AS tp_sum FROM `qr_code` LIMIT 1 [ RunTime:0.000000s ]
---------------------------------------------------------------
[ 2021-01-29T21:17:37+08:00 ] 171.43.135.193 GET /
[ info ] qr.zy13.net/ [运行时间：0.109200s][吞吐率：9.16req/s] [内存消耗：2,031.69kb] [文件加载：50]
[ info ] [ LANG ] D:\wwwroot\qr\thinkphp\lang\zh-cn.php
[ info ] [ ROUTE ] array (
  'type' => 'module',
  'module' => 
  array (
    0 => NULL,
    1 => 'index',
    2 => 'index',
  ),
  'convert' => false,
)
[ info ] [ HEADER ] array (
  'accept-encoding' => 'gzip, deflate',
  'accept-language' => 'zh-cn',
  'referer' => 'https://blog.csdn.net/qq15577969/article/details/105181958',
  'user-agent' => 'Mozilla/5.0 (iPhone; CPU iPhone OS 13_7 like Mac OS X) AppleWebKit/605.1.15 (KHTML, like Gecko) Version/13.1.2 Mobile/15E148 Safari/604.1',
  'accept' => 'text/html,application/xhtml+xml,application/xml;q=0.9,*/*;q=0.8',
  'upgrade-insecure-requests' => '1',
  'connection' => 'close',
  'host' => 'qr.zy13.net',
)
[ info ] [ PARAM ] array (
)
[ info ] [ RUN ] app\index\controller\Index->index[ D:\wwwroot\qr\application\index\controller\Index.php ]
[ info ] [ DB ] INIT mysql
[ info ] [ VIEW ] D:\wwwroot\qr\public/../application/index\view\index\index.html [ array (
  0 => 'count',
  1 => 'total',
  2 => 'number',
) ]
[ info ] [ LOG ] INIT File
[ sql ] [ DB ] CONNECT:[ UseTime:0.015600s ] mysql:host=127.0.0.1;port=3306;dbname=pay_db;charset=utf8
[ sql ] [ SQL ] SHOW COLUMNS FROM `qr_code` [ RunTime:0.000000s ]
[ sql ] [ SQL ] SELECT COUNT(*) AS tp_count FROM `qr_code` WHERE  ( `time` > 1611849600 AND `time` < 1611926257 ) LIMIT 1 [ RunTime:0.015600s ]
[ sql ] [ SQL ] SELECT COUNT(*) AS tp_count FROM `qr_code` LIMIT 1 [ RunTime:0.000000s ]
[ sql ] [ SQL ] SELECT SUM(number) AS tp_sum FROM `qr_code` LIMIT 1 [ RunTime:0.000000s ]
---------------------------------------------------------------
[ 2021-01-29T21:18:59+08:00 ] 171.43.135.193 POST /uploads/alipay.html
[ info ] qr.zy13.net/uploads/alipay.html [运行时间：2.168404s][吞吐率：0.46req/s] [内存消耗：3,395.57kb] [文件加载：89]
[ info ] [ LANG ] D:\wwwroot\qr\thinkphp\lang\zh-cn.php
[ info ] [ ROUTE ] array (
  'type' => 'module',
  'module' => 
  array (
    0 => NULL,
    1 => 'index',
    2 => 'uploads',
  ),
  'convert' => false,
)
[ info ] [ HEADER ] array (
  'x-requested-with' => 'XMLHttpRequest',
  'content-length' => '110910',
  'referer' => 'http://qr.zy13.net/',
  'user-agent' => 'Mozilla/5.0 (iPhone; CPU iPhone OS 13_7 like Mac OS X) AppleWebKit/605.1.15 (KHTML, like Gecko) Version/13.1.2 Mobile/15E148 Safari/604.1',
  'accept' => 'application/json, text/javascript, */*; q=0.01',
  'connection' => 'close',
  'accept-encoding' => 'gzip, deflate',
  'accept-language' => 'zh-cn',
  'origin' => 'http://qr.zy13.net',
  'content-type' => 'multipart/form-data; boundary=----WebKitFormBoundaryVXPTmgaTolLqSiiC',
  'host' => 'qr.zy13.net',
)
[ info ] [ PARAM ] array (
  'pay' => 'alipay',
)
[ info ] [ RUN ] app\index\controller\Index->uploads[ D:\wwwroot\qr\application\index\controller\Index.php ]
[ info ] [ LOG ] INIT File
---------------------------------------------------------------
[ 2021-01-29T21:19:14+08:00 ] 171.43.135.193 POST /uploads/alipay.html
[ info ] qr.zy13.net/uploads/alipay.html [运行时间：1.466402s][吞吐率：0.68req/s] [内存消耗：3,395.51kb] [文件加载：89]
[ info ] [ LANG ] D:\wwwroot\qr\thinkphp\lang\zh-cn.php
[ info ] [ ROUTE ] array (
  'type' => 'module',
  'module' => 
  array (
    0 => NULL,
    1 => 'index',
    2 => 'uploads',
  ),
  'convert' => false,
)
[ info ] [ HEADER ] array (
  'x-requested-with' => 'XMLHttpRequest',
  'content-length' => '68313',
  'referer' => 'http://qr.zy13.net/',
  'user-agent' => 'Mozilla/5.0 (iPhone; CPU iPhone OS 13_7 like Mac OS X) AppleWebKit/605.1.15 (KHTML, like Gecko) Version/13.1.2 Mobile/15E148 Safari/604.1',
  'accept' => 'application/json, text/javascript, */*; q=0.01',
  'connection' => 'close',
  'accept-encoding' => 'gzip, deflate',
  'accept-language' => 'zh-cn',
  'origin' => 'http://qr.zy13.net',
  'content-type' => 'multipart/form-data; boundary=----WebKitFormBoundaryVmrGvwQdciHcrbnO',
  'host' => 'qr.zy13.net',
)
[ info ] [ PARAM ] array (
  'pay' => 'alipay',
)
[ info ] [ RUN ] app\index\controller\Index->uploads[ D:\wwwroot\qr\application\index\controller\Index.php ]
[ info ] [ LOG ] INIT File
---------------------------------------------------------------
[ 2021-01-29T21:29:48+08:00 ] 183.200.196.249 GET /
[ info ] qr.zy13.net/ [运行时间：0.124800s][吞吐率：8.01req/s] [内存消耗：2,031.59kb] [文件加载：50]
[ info ] [ LANG ] D:\wwwroot\qr\thinkphp\lang\zh-cn.php
[ info ] [ ROUTE ] array (
  'type' => 'module',
  'module' => 
  array (
    0 => NULL,
    1 => 'index',
    2 => 'index',
  ),
  'convert' => false,
)
[ info ] [ HEADER ] array (
  'upgrade-insecure-requests' => '1',
  'connection' => 'close',
  'referer' => 'https://link.csdn.net/?target=http%3A%2F%2Fqr.zy13.net%2F',
  'accept-encoding' => 'gzip, deflate',
  'accept-language' => 'zh-CN,zh;q=0.8,zh-TW;q=0.7,zh-HK;q=0.5,en-US;q=0.3,en;q=0.2',
  'accept' => 'text/html,application/xhtml+xml,application/xml;q=0.9,image/webp,*/*;q=0.8',
  'user-agent' => 'Mozilla/5.0 (Windows NT 10.0; Win64; x64; rv:84.0) Gecko/20100101 Firefox/84.0',
  'host' => 'qr.zy13.net',
)
[ info ] [ PARAM ] array (
)
[ info ] [ RUN ] app\index\controller\Index->index[ D:\wwwroot\qr\application\index\controller\Index.php ]
[ info ] [ DB ] INIT mysql
[ info ] [ VIEW ] D:\wwwroot\qr\public/../application/index\view\index\index.html [ array (
  0 => 'count',
  1 => 'total',
  2 => 'number',
) ]
[ info ] [ LOG ] INIT File
[ sql ] [ DB ] CONNECT:[ UseTime:0.015600s ] mysql:host=127.0.0.1;port=3306;dbname=pay_db;charset=utf8
[ sql ] [ SQL ] SHOW COLUMNS FROM `qr_code` [ RunTime:0.000000s ]
[ sql ] [ SQL ] SELECT COUNT(*) AS tp_count FROM `qr_code` WHERE  ( `time` > 1611849600 AND `time` < 1611926988 ) LIMIT 1 [ RunTime:0.015600s ]
[ sql ] [ SQL ] SELECT COUNT(*) AS tp_count FROM `qr_code` LIMIT 1 [ RunTime:0.000000s ]
[ sql ] [ SQL ] SELECT SUM(number) AS tp_sum FROM `qr_code` LIMIT 1 [ RunTime:0.000000s ]
---------------------------------------------------------------
[ 2021-01-29T22:05:57+08:00 ] 203.208.60.75 GET /
[ info ] qr.zy13.net/ [运行时间：0.124801s][吞吐率：8.01req/s] [内存消耗：2,031.63kb] [文件加载：50]
[ info ] [ LANG ] D:\wwwroot\qr\thinkphp\lang\zh-cn.php
[ info ] [ ROUTE ] array (
  'type' => 'module',
  'module' => 
  array (
    0 => NULL,
    1 => 'index',
    2 => 'index',
  ),
  'convert' => false,
)
[ info ] [ HEADER ] array (
  'accept-encoding' => 'gzip,deflate,br',
  'user-agent' => 'Mozilla/5.0 (Linux; Android 6.0.1; Nexus 5X Build/MMB29P) AppleWebKit/537.36 (KHTML, like Gecko) Chrome/88.0.4324.113 Mobile Safari/537.36 (compatible; Googlebot/2.1; +http://www.google.com/bot.html)',
  'from' => 'googlebot(at)googlebot.com',
  'accept' => 'text/html,application/xhtml+xml,application/signed-exchange;v=b3,application/xml;q=0.9,*/*;q=0.8',
  'connection' => 'close',
  'amp-cache-transform' => 'google;v="1..5"',
  'host' => 'qr.zy13.net',
)
[ info ] [ PARAM ] array (
)
[ info ] [ RUN ] app\index\controller\Index->index[ D:\wwwroot\qr\application\index\controller\Index.php ]
[ info ] [ DB ] INIT mysql
[ info ] [ VIEW ] D:\wwwroot\qr\public/../application/index\view\index\index.html [ array (
  0 => 'count',
  1 => 'total',
  2 => 'number',
) ]
[ info ] [ LOG ] INIT File
[ sql ] [ DB ] CONNECT:[ UseTime:0.000000s ] mysql:host=127.0.0.1;port=3306;dbname=pay_db;charset=utf8
[ sql ] [ SQL ] SHOW COLUMNS FROM `qr_code` [ RunTime:0.015600s ]
[ sql ] [ SQL ] SELECT COUNT(*) AS tp_count FROM `qr_code` WHERE  ( `time` > 1611849600 AND `time` < 1611929157 ) LIMIT 1 [ RunTime:0.000000s ]
[ sql ] [ SQL ] SELECT COUNT(*) AS tp_count FROM `qr_code` LIMIT 1 [ RunTime:0.000000s ]
[ sql ] [ SQL ] SELECT SUM(number) AS tp_sum FROM `qr_code` LIMIT 1 [ RunTime:0.000000s ]
---------------------------------------------------------------
[ 2021-01-29T22:42:39+08:00 ] 42.92.189.67 GET /
[ info ] qr.zy13.net/ [运行时间：0.124800s][吞吐率：8.01req/s] [内存消耗：2,031.84kb] [文件加载：50]
[ info ] [ LANG ] D:\wwwroot\qr\thinkphp\lang\zh-cn.php
[ info ] [ ROUTE ] array (
  'type' => 'module',
  'module' => 
  array (
    0 => NULL,
    1 => 'index',
    2 => 'index',
  ),
  'convert' => false,
)
[ info ] [ HEADER ] array (
  'hadesurlheader' => '',
  'accept-language' => 'zh-cn',
  'referer' => 'https://blog.csdn.net/qq15577969/article/details/105181958',
  'user-agent' => 'Mozilla/5.0 (iPhone; CPU iPhone OS 14_3 like Mac OS X) AppleWebKit/605.1.15 (KHTML, like Gecko) Mobile/15E148 SP-engine/2.27.0 main%2F1.0 baiduboxapp/12.7.0.10 (Baidu; P2 14.3) NABar/1.0',
  'accept' => 'text/html,application/xhtml+xml,application/xml;q=0.9,*/*;q=0.8',
  'upgrade-insecure-requests' => '1',
  'connection' => 'close',
  'accept-encoding' => 'gzip, deflate',
  'host' => 'qr.zy13.net',
)
[ info ] [ PARAM ] array (
)
[ info ] [ RUN ] app\index\controller\Index->index[ D:\wwwroot\qr\application\index\controller\Index.php ]
[ info ] [ DB ] INIT mysql
[ info ] [ VIEW ] D:\wwwroot\qr\public/../application/index\view\index\index.html [ array (
  0 => 'count',
  1 => 'total',
  2 => 'number',
) ]
[ info ] [ LOG ] INIT File
[ sql ] [ DB ] CONNECT:[ UseTime:0.000000s ] mysql:host=127.0.0.1;port=3306;dbname=pay_db;charset=utf8
[ sql ] [ SQL ] SHOW COLUMNS FROM `qr_code` [ RunTime:0.015600s ]
[ sql ] [ SQL ] SELECT COUNT(*) AS tp_count FROM `qr_code` WHERE  ( `time` > 1611849600 AND `time` < 1611931359 ) LIMIT 1 [ RunTime:0.000000s ]
[ sql ] [ SQL ] SELECT COUNT(*) AS tp_count FROM `qr_code` LIMIT 1 [ RunTime:0.000000s ]
[ sql ] [ SQL ] SELECT SUM(number) AS tp_sum FROM `qr_code` LIMIT 1 [ RunTime:0.000000s ]
---------------------------------------------------------------
[ 2021-01-29T23:48:22+08:00 ] 197.234.221.43 GET /
[ info ] qr.zy13.net/ [运行时间：0.109200s][吞吐率：9.16req/s] [内存消耗：2,031.62kb] [文件加载：50]
[ info ] [ LANG ] D:\wwwroot\qr\thinkphp\lang\zh-cn.php
[ info ] [ ROUTE ] array (
  'type' => 'module',
  'module' => 
  array (
    0 => NULL,
    1 => 'index',
    2 => 'index',
  ),
  'convert' => false,
)
[ info ] [ HEADER ] array (
  'accept-charset' => 'utf-8, iso-8859-1, utf-16, gb2312, gbk, *;q=0.7',
  'accept-language' => 'en-US',
  'accept-encoding' => 'gzip,deflate',
  'user-agent' => 'Mozilla/5.0 (Linux; U; Android 4.1.1; zh-cn; SAMSUNG-GT-N7108_TD/1.0 Android/4.1.1 Release/08.30.2012 Browser/AppleWebKit534.30 Build/JRO03C) ApplelWebkit/534.30 (KHTML,like Gecko) Version/4.0 Mobile Safari/534.30',
  'accept' => 'text/html,application/xhtml+xml,application/xml;q=0.9,*/*;q=0.8',
  'connection' => 'close',
  'host' => 'qr.zy13.net',
)
[ info ] [ PARAM ] array (
)
[ info ] [ RUN ] app\index\controller\Index->index[ D:\wwwroot\qr\application\index\controller\Index.php ]
[ info ] [ DB ] INIT mysql
[ info ] [ VIEW ] D:\wwwroot\qr\public/../application/index\view\index\index.html [ array (
  0 => 'count',
  1 => 'total',
  2 => 'number',
) ]
[ info ] [ LOG ] INIT File
[ sql ] [ DB ] CONNECT:[ UseTime:0.000000s ] mysql:host=127.0.0.1;port=3306;dbname=pay_db;charset=utf8
[ sql ] [ SQL ] SHOW COLUMNS FROM `qr_code` [ RunTime:0.015600s ]
[ sql ] [ SQL ] SELECT COUNT(*) AS tp_count FROM `qr_code` WHERE  ( `time` > 1611849600 AND `time` < 1611935302 ) LIMIT 1 [ RunTime:0.000000s ]
[ sql ] [ SQL ] SELECT COUNT(*) AS tp_count FROM `qr_code` LIMIT 1 [ RunTime:0.000000s ]
[ sql ] [ SQL ] SELECT SUM(number) AS tp_sum FROM `qr_code` LIMIT 1 [ RunTime:0.000000s ]
---------------------------------------------------------------
[ 2021-01-29T23:51:18+08:00 ] 197.234.221.43 GET /
[ info ] qr.zy13.net/ [运行时间：0.109200s][吞吐率：9.16req/s] [内存消耗：2,031.87kb] [文件加载：50]
[ info ] [ LANG ] D:\wwwroot\qr\thinkphp\lang\zh-cn.php
[ info ] [ ROUTE ] array (
  'type' => 'module',
  'module' => 
  array (
    0 => NULL,
    1 => 'index',
    2 => 'index',
  ),
  'convert' => false,
)
[ info ] [ HEADER ] array (
  'accept-charset' => 'utf-8, iso-8859-1, utf-16, gb2312, gbk, *;q=0.7',
  'accept-language' => 'en-US',
  'accept-encoding' => 'gzip,deflate',
  'user-agent' => 'Mozilla/5.0 (Linux; U; Android 4.1.1; zh-cn; SAMSUNG-GT-N7108_TD/1.0 Android/4.1.1 Release/08.30.2012 Browser/AppleWebKit534.30 Build/JRO03C) ApplelWebkit/534.30 (KHTML,like Gecko) Version/4.0 Mobile Safari/534.30',
  'accept' => 'text/html,application/xhtml+xml,application/xml;q=0.9,*/*;q=0.8',
  'referer' => 'http://qr.zy13.net/',
  'connection' => 'close',
  'host' => 'qr.zy13.net',
)
[ info ] [ PARAM ] array (
)
[ info ] [ RUN ] app\index\controller\Index->index[ D:\wwwroot\qr\application\index\controller\Index.php ]
[ info ] [ DB ] INIT mysql
[ info ] [ VIEW ] D:\wwwroot\qr\public/../application/index\view\index\index.html [ array (
  0 => 'count',
  1 => 'total',
  2 => 'number',
) ]
[ info ] [ LOG ] INIT File
[ sql ] [ DB ] CONNECT:[ UseTime:0.015600s ] mysql:host=127.0.0.1;port=3306;dbname=pay_db;charset=utf8
[ sql ] [ SQL ] SHOW COLUMNS FROM `qr_code` [ RunTime:0.000000s ]
[ sql ] [ SQL ] SELECT COUNT(*) AS tp_count FROM `qr_code` WHERE  ( `time` > 1611849600 AND `time` < 1611935478 ) LIMIT 1 [ RunTime:0.015600s ]
[ sql ] [ SQL ] SELECT COUNT(*) AS tp_count FROM `qr_code` LIMIT 1 [ RunTime:0.000000s ]
[ sql ] [ SQL ] SELECT SUM(number) AS tp_sum FROM `qr_code` LIMIT 1 [ RunTime:0.000000s ]
---------------------------------------------------------------
[ 2021-01-29T23:51:44+08:00 ] 197.234.221.43 GET /
[ info ] qr.zy13.net/ [运行时间：0.124800s][吞吐率：8.01req/s] [内存消耗：2,031.87kb] [文件加载：50]
[ info ] [ LANG ] D:\wwwroot\qr\thinkphp\lang\zh-cn.php
[ info ] [ ROUTE ] array (
  'type' => 'module',
  'module' => 
  array (
    0 => NULL,
    1 => 'index',
    2 => 'index',
  ),
  'convert' => false,
)
[ info ] [ HEADER ] array (
  'accept-charset' => 'utf-8, iso-8859-1, utf-16, gb2312, gbk, *;q=0.7',
  'accept-language' => 'en-US',
  'accept-encoding' => 'gzip,deflate',
  'user-agent' => 'Mozilla/5.0 (Linux; U; Android 4.1.1; zh-cn; SAMSUNG-GT-N7108_TD/1.0 Android/4.1.1 Release/08.30.2012 Browser/AppleWebKit534.30 Build/JRO03C) ApplelWebkit/534.30 (KHTML,like Gecko) Version/4.0 Mobile Safari/534.30',
  'accept' => 'text/html,application/xhtml+xml,application/xml;q=0.9,*/*;q=0.8',
  'referer' => 'http://qr.zy13.net/',
  'connection' => 'close',
  'host' => 'qr.zy13.net',
)
[ info ] [ PARAM ] array (
)
[ info ] [ RUN ] app\index\controller\Index->index[ D:\wwwroot\qr\application\index\controller\Index.php ]
[ info ] [ DB ] INIT mysql
[ info ] [ VIEW ] D:\wwwroot\qr\public/../application/index\view\index\index.html [ array (
  0 => 'count',
  1 => 'total',
  2 => 'number',
) ]
[ info ] [ LOG ] INIT File
[ sql ] [ DB ] CONNECT:[ UseTime:0.000000s ] mysql:host=127.0.0.1;port=3306;dbname=pay_db;charset=utf8
[ sql ] [ SQL ] SHOW COLUMNS FROM `qr_code` [ RunTime:0.000000s ]
[ sql ] [ SQL ] SELECT COUNT(*) AS tp_count FROM `qr_code` WHERE  ( `time` > 1611849600 AND `time` < 1611935504 ) LIMIT 1 [ RunTime:0.015600s ]
[ sql ] [ SQL ] SELECT COUNT(*) AS tp_count FROM `qr_code` LIMIT 1 [ RunTime:0.000000s ]
[ sql ] [ SQL ] SELECT SUM(number) AS tp_sum FROM `qr_code` LIMIT 1 [ RunTime:0.000000s ]
---------------------------------------------------------------
[ 2021-01-29T23:52:10+08:00 ] 197.234.221.43 GET /
[ info ] qr.zy13.net/ [运行时间：0.109200s][吞吐率：9.16req/s] [内存消耗：2,031.87kb] [文件加载：50]
[ info ] [ LANG ] D:\wwwroot\qr\thinkphp\lang\zh-cn.php
[ info ] [ ROUTE ] array (
  'type' => 'module',
  'module' => 
  array (
    0 => NULL,
    1 => 'index',
    2 => 'index',
  ),
  'convert' => false,
)
[ info ] [ HEADER ] array (
  'accept-charset' => 'utf-8, iso-8859-1, utf-16, gb2312, gbk, *;q=0.7',
  'accept-language' => 'en-US',
  'accept-encoding' => 'gzip,deflate',
  'user-agent' => 'Mozilla/5.0 (Linux; U; Android 4.1.1; zh-cn; SAMSUNG-GT-N7108_TD/1.0 Android/4.1.1 Release/08.30.2012 Browser/AppleWebKit534.30 Build/JRO03C) ApplelWebkit/534.30 (KHTML,like Gecko) Version/4.0 Mobile Safari/534.30',
  'accept' => 'text/html,application/xhtml+xml,application/xml;q=0.9,*/*;q=0.8',
  'referer' => 'http://qr.zy13.net/',
  'connection' => 'close',
  'host' => 'qr.zy13.net',
)
[ info ] [ PARAM ] array (
)
[ info ] [ RUN ] app\index\controller\Index->index[ D:\wwwroot\qr\application\index\controller\Index.php ]
[ info ] [ DB ] INIT mysql
[ info ] [ VIEW ] D:\wwwroot\qr\public/../application/index\view\index\index.html [ array (
  0 => 'count',
  1 => 'total',
  2 => 'number',
) ]
[ info ] [ LOG ] INIT File
[ sql ] [ DB ] CONNECT:[ UseTime:0.015600s ] mysql:host=127.0.0.1;port=3306;dbname=pay_db;charset=utf8
[ sql ] [ SQL ] SHOW COLUMNS FROM `qr_code` [ RunTime:0.000000s ]
[ sql ] [ SQL ] SELECT COUNT(*) AS tp_count FROM `qr_code` WHERE  ( `time` > 1611849600 AND `time` < 1611935530 ) LIMIT 1 [ RunTime:0.015600s ]
[ sql ] [ SQL ] SELECT COUNT(*) AS tp_count FROM `qr_code` LIMIT 1 [ RunTime:0.000000s ]
[ sql ] [ SQL ] SELECT SUM(number) AS tp_sum FROM `qr_code` LIMIT 1 [ RunTime:0.000000s ]
---------------------------------------------------------------
[ 2021-01-29T23:52:21+08:00 ] 197.234.221.43 GET /
[ info ] qr.zy13.net/ [运行时间：0.093600s][吞吐率：10.68req/s] [内存消耗：2,031.87kb] [文件加载：50]
[ info ] [ LANG ] D:\wwwroot\qr\thinkphp\lang\zh-cn.php
[ info ] [ ROUTE ] array (
  'type' => 'module',
  'module' => 
  array (
    0 => NULL,
    1 => 'index',
    2 => 'index',
  ),
  'convert' => false,
)
[ info ] [ HEADER ] array (
  'accept-charset' => 'utf-8, iso-8859-1, utf-16, gb2312, gbk, *;q=0.7',
  'accept-language' => 'en-US',
  'accept-encoding' => 'gzip,deflate',
  'user-agent' => 'Mozilla/5.0 (Linux; U; Android 4.1.1; zh-cn; SAMSUNG-GT-N7108_TD/1.0 Android/4.1.1 Release/08.30.2012 Browser/AppleWebKit534.30 Build/JRO03C) ApplelWebkit/534.30 (KHTML,like Gecko) Version/4.0 Mobile Safari/534.30',
  'accept' => 'text/html,application/xhtml+xml,application/xml;q=0.9,*/*;q=0.8',
  'referer' => 'http://qr.zy13.net/',
  'connection' => 'close',
  'host' => 'qr.zy13.net',
)
[ info ] [ PARAM ] array (
)
[ info ] [ RUN ] app\index\controller\Index->index[ D:\wwwroot\qr\application\index\controller\Index.php ]
[ info ] [ DB ] INIT mysql
[ info ] [ VIEW ] D:\wwwroot\qr\public/../application/index\view\index\index.html [ array (
  0 => 'count',
  1 => 'total',
  2 => 'number',
) ]
[ info ] [ LOG ] INIT File
[ sql ] [ DB ] CONNECT:[ UseTime:0.000000s ] mysql:host=127.0.0.1;port=3306;dbname=pay_db;charset=utf8
[ sql ] [ SQL ] SHOW COLUMNS FROM `qr_code` [ RunTime:0.015600s ]
[ sql ] [ SQL ] SELECT COUNT(*) AS tp_count FROM `qr_code` WHERE  ( `time` > 1611849600 AND `time` < 1611935540 ) LIMIT 1 [ RunTime:0.000000s ]
[ sql ] [ SQL ] SELECT COUNT(*) AS tp_count FROM `qr_code` LIMIT 1 [ RunTime:0.000000s ]
[ sql ] [ SQL ] SELECT SUM(number) AS tp_sum FROM `qr_code` LIMIT 1 [ RunTime:0.000000s ]
