---------------------------------------------------------------
[ 2021-08-29T12:25:43+08:00 ] 192.168.240.1 GET /
[ info ] 123.com/ [运行时间：0.062400s][吞吐率：16.03req/s] [内存消耗：2,178.16kb] [文件加载：52]
[ info ] [ LANG ] D:\qr\thinkphp\lang\zh-cn.php
[ info ] [ ROUTE ] array (
  'type' => 'module',
  'module' => 
  array (
    0 => NULL,
    1 => 'index',
    2 => 'index',
  ),
  'convert' => false,
)
[ info ] [ HEADER ] array (
  'cookie' => 'PHPSESSID=chidj23f6gjvopcrqid99vvjd3',
  'accept-language' => 'zh-CN,zh;q=0.9',
  'accept-encoding' => 'gzip, deflate',
  'accept' => 'text/html,application/xhtml+xml,application/xml;q=0.9,image/webp,image/apng,*/*;q=0.8,application/signed-exchange;v=b3;q=0.9',
  'user-agent' => 'Mozilla/5.0 (Windows NT 6.1; WOW64) AppleWebKit/537.36 (KHTML, like Gecko) Chrome/80.0.3987.87 Safari/537.36 SE 2.X MetaSr 1.0',
  'upgrade-insecure-requests' => '1',
  'connection' => 'close',
  'host' => '123.com',
)
[ info ] [ PARAM ] array (
)
[ info ] [ RUN ] app\index\controller\Index->index[ D:\qr\application\index\controller\Index.php ]
[ info ] [ DB ] INIT mysql
[ info ] [ VIEW ] D:\qr\public/../application/index\view\index\index.html [ array (
  0 => 'count',
  1 => 'total',
  2 => 'number',
) ]
[ info ] [ LOG ] INIT File
[ sql ] [ DB ] CONNECT:[ UseTime:0.015600s ] mysql:host=127.0.0.1;port=3306;dbname=qr_db;charset=utf8
[ sql ] [ SQL ] SHOW COLUMNS FROM `qr_code` [ RunTime:0.000000s ]
[ sql ] [ SQL ] SELECT COUNT(*) AS tp_count FROM `qr_code` WHERE  ( `time` > 1630166400 AND `time` < 1630211143 ) LIMIT 1 [ RunTime:0.000000s ]
[ sql ] [ SQL ] SELECT COUNT(*) AS tp_count FROM `qr_code` LIMIT 1 [ RunTime:0.000000s ]
[ sql ] [ SQL ] SELECT SUM(number) AS tp_sum FROM `qr_code` LIMIT 1 [ RunTime:0.000000s ]
---------------------------------------------------------------
[ 2021-08-29T12:26:11+08:00 ] 192.168.240.1 GET /
[ info ] 123.com/ [运行时间：0.046800s][吞吐率：21.37req/s] [内存消耗：2,030.40kb] [文件加载：50]
[ info ] [ LANG ] D:\qr\thinkphp\lang\zh-cn.php
[ info ] [ ROUTE ] array (
  'type' => 'module',
  'module' => 
  array (
    0 => NULL,
    1 => 'index',
    2 => 'index',
  ),
  'convert' => false,
)
[ info ] [ HEADER ] array (
  'cookie' => 'PHPSESSID=chidj23f6gjvopcrqid99vvjd3',
  'accept-language' => 'zh-CN,zh;q=0.9',
  'accept-encoding' => 'gzip, deflate',
  'accept' => 'text/html,application/xhtml+xml,application/xml;q=0.9,image/webp,image/apng,*/*;q=0.8,application/signed-exchange;v=b3;q=0.9',
  'user-agent' => 'Mozilla/5.0 (Windows NT 6.1; WOW64) AppleWebKit/537.36 (KHTML, like Gecko) Chrome/80.0.3987.87 Safari/537.36 SE 2.X MetaSr 1.0',
  'upgrade-insecure-requests' => '1',
  'cache-control' => 'max-age=0',
  'connection' => 'close',
  'host' => '123.com',
)
[ info ] [ PARAM ] array (
)
[ info ] [ RUN ] app\index\controller\Index->index[ D:\qr\application\index\controller\Index.php ]
[ info ] [ DB ] INIT mysql
[ info ] [ VIEW ] D:\qr\public/../application/index\view\index\index.html [ array (
  0 => 'count',
  1 => 'total',
  2 => 'number',
) ]
[ info ] [ LOG ] INIT File
[ sql ] [ DB ] CONNECT:[ UseTime:0.015600s ] mysql:host=127.0.0.1;port=3306;dbname=qr_db;charset=utf8
[ sql ] [ SQL ] SHOW COLUMNS FROM `qr_code` [ RunTime:0.000000s ]
[ sql ] [ SQL ] SELECT COUNT(*) AS tp_count FROM `qr_code` WHERE  ( `time` > 1630166400 AND `time` < 1630211171 ) LIMIT 1 [ RunTime:0.000000s ]
[ sql ] [ SQL ] SELECT COUNT(*) AS tp_count FROM `qr_code` LIMIT 1 [ RunTime:0.000000s ]
[ sql ] [ SQL ] SELECT SUM(number) AS tp_sum FROM `qr_code` LIMIT 1 [ RunTime:0.000000s ]
---------------------------------------------------------------
[ 2021-08-29T12:26:15+08:00 ] 192.168.240.1 GET /index/support.html
[ info ] 123.com/index/support.html [运行时间：0.031201s][吞吐率：32.05req/s] [内存消耗：1,464.05kb] [文件加载：44]
[ info ] [ LANG ] D:\qr\thinkphp\lang\zh-cn.php
[ info ] [ ROUTE ] array (
  'type' => 'module',
  'module' => 'index/index/support',
)
[ info ] [ HEADER ] array (
  'cookie' => 'PHPSESSID=chidj23f6gjvopcrqid99vvjd3',
  'accept-language' => 'zh-CN,zh;q=0.9',
  'accept-encoding' => 'gzip, deflate',
  'referer' => 'http://123.com/',
  'accept' => 'text/html,application/xhtml+xml,application/xml;q=0.9,image/webp,image/apng,*/*;q=0.8,application/signed-exchange;v=b3;q=0.9',
  'user-agent' => 'Mozilla/5.0 (Windows NT 6.1; WOW64) AppleWebKit/537.36 (KHTML, like Gecko) Chrome/80.0.3987.87 Safari/537.36 SE 2.X MetaSr 1.0',
  'upgrade-insecure-requests' => '1',
  'connection' => 'close',
  'host' => '123.com',
)
[ info ] [ PARAM ] array (
)
[ info ] [ RUN ] app\index\controller\Index->support[ D:\qr\application\index\controller\Index.php ]
[ info ] [ VIEW ] D:\qr\public/../application/index\view\index\support.html [ array (
) ]
[ info ] [ LOG ] INIT File
---------------------------------------------------------------
[ 2021-08-29T12:29:46+08:00 ] 192.168.240.1 GET /
[ info ] 123.com/ [运行时间：0.046800s][吞吐率：21.37req/s] [内存消耗：2,030.14kb] [文件加载：50]
[ info ] [ LANG ] D:\qr\thinkphp\lang\zh-cn.php
[ info ] [ ROUTE ] array (
  'type' => 'module',
  'module' => 
  array (
    0 => NULL,
    1 => 'index',
    2 => 'index',
  ),
  'convert' => false,
)
[ info ] [ HEADER ] array (
  'cookie' => 'PHPSESSID=chidj23f6gjvopcrqid99vvjd3',
  'accept-language' => 'zh-CN,zh;q=0.9',
  'accept-encoding' => 'gzip, deflate',
  'accept' => 'text/html,application/xhtml+xml,application/xml;q=0.9,image/webp,image/apng,*/*;q=0.8,application/signed-exchange;v=b3;q=0.9',
  'user-agent' => 'Mozilla/5.0 (Windows NT 6.1; WOW64) AppleWebKit/537.36 (KHTML, like Gecko) Chrome/80.0.3987.87 Safari/537.36 SE 2.X MetaSr 1.0',
  'upgrade-insecure-requests' => '1',
  'connection' => 'close',
  'host' => '123.com',
)
[ info ] [ PARAM ] array (
)
[ info ] [ RUN ] app\index\controller\Index->index[ D:\qr\application\index\controller\Index.php ]
[ info ] [ DB ] INIT mysql
[ info ] [ VIEW ] D:\qr\public/../application/index\view\index\index.html [ array (
  0 => 'count',
  1 => 'total',
  2 => 'number',
) ]
[ info ] [ LOG ] INIT File
[ sql ] [ DB ] CONNECT:[ UseTime:0.015600s ] mysql:host=127.0.0.1;port=3306;dbname=qr_db;charset=utf8
[ sql ] [ SQL ] SHOW COLUMNS FROM `qr_code` [ RunTime:0.000000s ]
[ sql ] [ SQL ] SELECT COUNT(*) AS tp_count FROM `qr_code` WHERE  ( `time` > 1630166400 AND `time` < 1630211386 ) LIMIT 1 [ RunTime:0.000000s ]
[ sql ] [ SQL ] SELECT COUNT(*) AS tp_count FROM `qr_code` LIMIT 1 [ RunTime:0.000000s ]
[ sql ] [ SQL ] SELECT SUM(number) AS tp_sum FROM `qr_code` LIMIT 1 [ RunTime:0.000000s ]
---------------------------------------------------------------
[ 2021-08-29T12:30:24+08:00 ] 192.168.240.1 GET /admin
[ info ] 123.com/admin [运行时间：0.015601s][吞吐率：64.10req/s] [内存消耗：1,083.59kb] [文件加载：36]
[ info ] [ LANG ] D:\qr\thinkphp\lang\zh-cn.php
[ info ] [ ROUTE ] array (
  'type' => 'module',
  'module' => 
  array (
    0 => 'admin',
    1 => NULL,
    2 => NULL,
  ),
)
[ info ] [ HEADER ] array (
  'cookie' => 'PHPSESSID=chidj23f6gjvopcrqid99vvjd3',
  'accept-language' => 'zh-CN,zh;q=0.9',
  'accept-encoding' => 'gzip, deflate',
  'accept' => 'text/html,application/xhtml+xml,application/xml;q=0.9,image/webp,image/apng,*/*;q=0.8,application/signed-exchange;v=b3;q=0.9',
  'user-agent' => 'Mozilla/5.0 (Windows NT 6.1; WOW64) AppleWebKit/537.36 (KHTML, like Gecko) Chrome/80.0.3987.87 Safari/537.36 SE 2.X MetaSr 1.0',
  'upgrade-insecure-requests' => '1',
  'connection' => 'close',
  'host' => '123.com',
)
[ info ] [ PARAM ] array (
)
[ info ] [ LOG ] INIT File
---------------------------------------------------------------
[ 2021-08-29T12:30:28+08:00 ] 192.168.240.1 GET /
[ info ] 123.com/ [运行时间：0.031200s][吞吐率：32.05req/s] [内存消耗：2,030.14kb] [文件加载：50]
[ info ] [ LANG ] D:\qr\thinkphp\lang\zh-cn.php
[ info ] [ ROUTE ] array (
  'type' => 'module',
  'module' => 
  array (
    0 => NULL,
    1 => 'index',
    2 => 'index',
  ),
  'convert' => false,
)
[ info ] [ HEADER ] array (
  'cookie' => 'PHPSESSID=chidj23f6gjvopcrqid99vvjd3',
  'accept-language' => 'zh-CN,zh;q=0.9',
  'accept-encoding' => 'gzip, deflate',
  'accept' => 'text/html,application/xhtml+xml,application/xml;q=0.9,image/webp,image/apng,*/*;q=0.8,application/signed-exchange;v=b3;q=0.9',
  'user-agent' => 'Mozilla/5.0 (Windows NT 6.1; WOW64) AppleWebKit/537.36 (KHTML, like Gecko) Chrome/80.0.3987.87 Safari/537.36 SE 2.X MetaSr 1.0',
  'upgrade-insecure-requests' => '1',
  'connection' => 'close',
  'host' => '123.com',
)
[ info ] [ PARAM ] array (
)
[ info ] [ RUN ] app\index\controller\Index->index[ D:\qr\application\index\controller\Index.php ]
[ info ] [ DB ] INIT mysql
[ info ] [ VIEW ] D:\qr\public/../application/index\view\index\index.html [ array (
  0 => 'count',
  1 => 'total',
  2 => 'number',
) ]
[ info ] [ LOG ] INIT File
[ sql ] [ DB ] CONNECT:[ UseTime:0.000000s ] mysql:host=127.0.0.1;port=3306;dbname=qr_db;charset=utf8
[ sql ] [ SQL ] SHOW COLUMNS FROM `qr_code` [ RunTime:0.000000s ]
[ sql ] [ SQL ] SELECT COUNT(*) AS tp_count FROM `qr_code` WHERE  ( `time` > 1630166400 AND `time` < 1630211428 ) LIMIT 1 [ RunTime:0.000000s ]
[ sql ] [ SQL ] SELECT COUNT(*) AS tp_count FROM `qr_code` LIMIT 1 [ RunTime:0.000000s ]
[ sql ] [ SQL ] SELECT SUM(number) AS tp_sum FROM `qr_code` LIMIT 1 [ RunTime:0.000000s ]
