---------------------------------------------------------------
[ 2021-02-02T03:48:13+08:00 ] 183.228.61.129 GET /
[ info ] qr.zy13.net/ [运行时间：0.093600s][吞吐率：10.68req/s] [内存消耗：2,032.83kb] [文件加载：50]
[ info ] [ LANG ] D:\wwwroot\qr\thinkphp\lang\zh-cn.php
[ info ] [ ROUTE ] array (
  'type' => 'module',
  'module' => 
  array (
    0 => NULL,
    1 => 'index',
    2 => 'index',
  ),
  'convert' => false,
)
[ info ] [ HEADER ] array (
  'accept-language' => 'zh-CN,zh;q=0.9,en-US;q=0.8,en;q=0.7',
  'accept-encoding' => 'gzip, deflate',
  'referer' => 'https://blog.csdn.net/qq15577969/article/details/105181958',
  'x-requested-with' => 'com.baidu.searchbox',
  'accept' => 'text/html,application/xhtml+xml,application/xml;q=0.9,image/webp,image/apng,*/*;q=0.8,application/signed-exchange;v=b3',
  'user-agent' => 'Mozilla/5.0 (Linux; Android 10; PCNM00 Build/QKQ1.190915.002; wv) AppleWebKit/537.36 (KHTML, like Gecko) Version/4.0 Chrome/76.0.3809.89 Mobile Safari/537.36 T7/12.8 SP-engine/2.27.0 baiduboxapp/12.8.5.11 (Baidu; P1 10) NABar/1.0',
  'upgrade-insecure-requests' => '1',
  'cache-control' => 'no-cache',
  'pragma' => 'no-cache',
  'connection' => 'close',
  'host' => 'qr.zy13.net',
)
[ info ] [ PARAM ] array (
)
[ info ] [ RUN ] app\index\controller\Index->index[ D:\wwwroot\qr\application\index\controller\Index.php ]
[ info ] [ DB ] INIT mysql
[ info ] [ VIEW ] D:\wwwroot\qr\public/../application/index\view\index\index.html [ array (
  0 => 'count',
  1 => 'total',
  2 => 'number',
) ]
[ info ] [ LOG ] INIT File
[ sql ] [ DB ] CONNECT:[ UseTime:0.000000s ] mysql:host=127.0.0.1;port=3306;dbname=pay_db;charset=utf8
[ sql ] [ SQL ] SHOW COLUMNS FROM `qr_code` [ RunTime:0.015600s ]
[ sql ] [ SQL ] SELECT COUNT(*) AS tp_count FROM `qr_code` WHERE  ( `time` > 1612195200 AND `time` < 1612208893 ) LIMIT 1 [ RunTime:0.000000s ]
[ sql ] [ SQL ] SELECT COUNT(*) AS tp_count FROM `qr_code` LIMIT 1 [ RunTime:0.000000s ]
[ sql ] [ SQL ] SELECT SUM(number) AS tp_sum FROM `qr_code` LIMIT 1 [ RunTime:0.000000s ]
---------------------------------------------------------------
[ 2021-02-02T03:48:29+08:00 ] 183.228.61.129 GET /
[ info ] qr.zy13.net/ [运行时间：0.124801s][吞吐率：8.01req/s] [内存消耗：2,032.83kb] [文件加载：50]
[ info ] [ LANG ] D:\wwwroot\qr\thinkphp\lang\zh-cn.php
[ info ] [ ROUTE ] array (
  'type' => 'module',
  'module' => 
  array (
    0 => NULL,
    1 => 'index',
    2 => 'index',
  ),
  'convert' => false,
)
[ info ] [ HEADER ] array (
  'accept-language' => 'zh-CN,zh;q=0.9,en-US;q=0.8,en;q=0.7',
  'accept-encoding' => 'gzip, deflate',
  'referer' => 'https://blog.csdn.net/qq15577969/article/details/105181958',
  'x-requested-with' => 'com.baidu.searchbox',
  'accept' => 'text/html,application/xhtml+xml,application/xml;q=0.9,image/webp,image/apng,*/*;q=0.8,application/signed-exchange;v=b3',
  'user-agent' => 'Mozilla/5.0 (Linux; Android 10; PCNM00 Build/QKQ1.190915.002; wv) AppleWebKit/537.36 (KHTML, like Gecko) Version/4.0 Chrome/76.0.3809.89 Mobile Safari/537.36 T7/12.8 SP-engine/2.27.0 baiduboxapp/12.8.5.11 (Baidu; P1 10) NABar/1.0',
  'upgrade-insecure-requests' => '1',
  'cache-control' => 'no-cache',
  'pragma' => 'no-cache',
  'connection' => 'close',
  'host' => 'qr.zy13.net',
)
[ info ] [ PARAM ] array (
)
[ info ] [ RUN ] app\index\controller\Index->index[ D:\wwwroot\qr\application\index\controller\Index.php ]
[ info ] [ DB ] INIT mysql
[ info ] [ VIEW ] D:\wwwroot\qr\public/../application/index\view\index\index.html [ array (
  0 => 'count',
  1 => 'total',
  2 => 'number',
) ]
[ info ] [ LOG ] INIT File
[ sql ] [ DB ] CONNECT:[ UseTime:0.015600s ] mysql:host=127.0.0.1;port=3306;dbname=pay_db;charset=utf8
[ sql ] [ SQL ] SHOW COLUMNS FROM `qr_code` [ RunTime:0.000000s ]
[ sql ] [ SQL ] SELECT COUNT(*) AS tp_count FROM `qr_code` WHERE  ( `time` > 1612195200 AND `time` < 1612208909 ) LIMIT 1 [ RunTime:0.015600s ]
[ sql ] [ SQL ] SELECT COUNT(*) AS tp_count FROM `qr_code` LIMIT 1 [ RunTime:0.000000s ]
[ sql ] [ SQL ] SELECT SUM(number) AS tp_sum FROM `qr_code` LIMIT 1 [ RunTime:0.000000s ]
---------------------------------------------------------------
[ 2021-02-02T08:07:00+08:00 ] 36.110.211.3 GET /
[ info ] qr.zy13.net/ [运行时间：0.140400s][吞吐率：7.12req/s] [内存消耗：2,030.50kb] [文件加载：50]
[ info ] [ LANG ] D:\wwwroot\qr\thinkphp\lang\zh-cn.php
[ info ] [ ROUTE ] array (
  'type' => 'module',
  'module' => 
  array (
    0 => NULL,
    1 => 'index',
    2 => 'index',
  ),
  'convert' => false,
)
[ info ] [ HEADER ] array (
  'connection' => 'close',
  'accept-encoding' => 'gzip, deflate',
  'accept' => '*/*',
  'user-agent' => '',
  'host' => 'qr.zy13.net',
)
[ info ] [ PARAM ] array (
)
[ info ] [ RUN ] app\index\controller\Index->index[ D:\wwwroot\qr\application\index\controller\Index.php ]
[ info ] [ DB ] INIT mysql
[ info ] [ VIEW ] D:\wwwroot\qr\public/../application/index\view\index\index.html [ array (
  0 => 'count',
  1 => 'total',
  2 => 'number',
) ]
[ info ] [ LOG ] INIT File
[ sql ] [ DB ] CONNECT:[ UseTime:0.000000s ] mysql:host=127.0.0.1;port=3306;dbname=pay_db;charset=utf8
[ sql ] [ SQL ] SHOW COLUMNS FROM `qr_code` [ RunTime:0.015600s ]
[ sql ] [ SQL ] SELECT COUNT(*) AS tp_count FROM `qr_code` WHERE  ( `time` > 1612195200 AND `time` < 1612224420 ) LIMIT 1 [ RunTime:0.000000s ]
[ sql ] [ SQL ] SELECT COUNT(*) AS tp_count FROM `qr_code` LIMIT 1 [ RunTime:0.000000s ]
[ sql ] [ SQL ] SELECT SUM(number) AS tp_sum FROM `qr_code` LIMIT 1 [ RunTime:0.000000s ]
---------------------------------------------------------------
[ 2021-02-02T08:07:09+08:00 ] 171.13.14.84 GET /
[ info ] qr.zy13.net/ [运行时间：0.140400s][吞吐率：7.12req/s] [内存消耗：2,031.42kb] [文件加载：50]
[ info ] [ LANG ] D:\wwwroot\qr\thinkphp\lang\zh-cn.php
[ info ] [ ROUTE ] array (
  'type' => 'module',
  'module' => 
  array (
    0 => NULL,
    1 => 'index',
    2 => 'index',
  ),
  'convert' => false,
)
[ info ] [ HEADER ] array (
  'accept-language' => 'en-US',
  'accept-encoding' => 'gzip, deflate',
  'accept' => 'text/html,application/xhtml+xml,application/xml;q=0.9,image/avif,image/webp,image/apng,*/*;q=0.8,application/signed-exchange;v=b3;q=0.9',
  'user-agent' => 'Mozilla/5.0 (Windows NT 10.0; Win64; x64) AppleWebKit/537.36 (KHTML, like Gecko) Chrome/78.0.3904.108 Safari/537.36',
  'upgrade-insecure-requests' => '1',
  'connection' => 'close',
  'host' => 'qr.zy13.net',
)
[ info ] [ PARAM ] array (
)
[ info ] [ RUN ] app\index\controller\Index->index[ D:\wwwroot\qr\application\index\controller\Index.php ]
[ info ] [ DB ] INIT mysql
[ info ] [ VIEW ] D:\wwwroot\qr\public/../application/index\view\index\index.html [ array (
  0 => 'count',
  1 => 'total',
  2 => 'number',
) ]
[ info ] [ LOG ] INIT File
[ sql ] [ DB ] CONNECT:[ UseTime:0.015600s ] mysql:host=127.0.0.1;port=3306;dbname=pay_db;charset=utf8
[ sql ] [ SQL ] SHOW COLUMNS FROM `qr_code` [ RunTime:0.000000s ]
[ sql ] [ SQL ] SELECT COUNT(*) AS tp_count FROM `qr_code` WHERE  ( `time` > 1612195200 AND `time` < 1612224429 ) LIMIT 1 [ RunTime:0.015600s ]
[ sql ] [ SQL ] SELECT COUNT(*) AS tp_count FROM `qr_code` LIMIT 1 [ RunTime:0.000000s ]
[ sql ] [ SQL ] SELECT SUM(number) AS tp_sum FROM `qr_code` LIMIT 1 [ RunTime:0.000000s ]
---------------------------------------------------------------
[ 2021-02-02T10:57:54+08:00 ] 49.77.175.83 GET /
[ info ] qr.zy13.net/ [运行时间：0.140401s][吞吐率：7.12req/s] [内存消耗：2,031.87kb] [文件加载：50]
[ info ] [ LANG ] D:\wwwroot\qr\thinkphp\lang\zh-cn.php
[ info ] [ ROUTE ] array (
  'type' => 'module',
  'module' => 
  array (
    0 => NULL,
    1 => 'index',
    2 => 'index',
  ),
  'convert' => false,
)
[ info ] [ HEADER ] array (
  'accept-language' => 'zh-CN,zh;q=0.9',
  'accept-encoding' => 'gzip, deflate',
  'referer' => 'https://link.csdn.net/?target=http%3A%2F%2Fqr.zy13.net%2F',
  'accept' => 'text/html,application/xhtml+xml,application/xml;q=0.9,image/webp,image/apng,*/*;q=0.8',
  'user-agent' => 'Mozilla/5.0 (Windows NT 10.0; WOW64) AppleWebKit/537.36 (KHTML, like Gecko) Chrome/70.0.3538.25 Safari/537.36 Core/1.70.3765.400 QQBrowser/10.6.4153.400',
  'upgrade-insecure-requests' => '1',
  'connection' => 'close',
  'host' => 'qr.zy13.net',
)
[ info ] [ PARAM ] array (
)
[ info ] [ RUN ] app\index\controller\Index->index[ D:\wwwroot\qr\application\index\controller\Index.php ]
[ info ] [ DB ] INIT mysql
[ info ] [ VIEW ] D:\wwwroot\qr\public/../application/index\view\index\index.html [ array (
  0 => 'count',
  1 => 'total',
  2 => 'number',
) ]
[ info ] [ LOG ] INIT File
[ sql ] [ DB ] CONNECT:[ UseTime:0.015600s ] mysql:host=127.0.0.1;port=3306;dbname=pay_db;charset=utf8
[ sql ] [ SQL ] SHOW COLUMNS FROM `qr_code` [ RunTime:0.000000s ]
[ sql ] [ SQL ] SELECT COUNT(*) AS tp_count FROM `qr_code` WHERE  ( `time` > 1612195200 AND `time` < 1612234674 ) LIMIT 1 [ RunTime:0.015600s ]
[ sql ] [ SQL ] SELECT COUNT(*) AS tp_count FROM `qr_code` LIMIT 1 [ RunTime:0.000000s ]
[ sql ] [ SQL ] SELECT SUM(number) AS tp_sum FROM `qr_code` LIMIT 1 [ RunTime:0.000000s ]
---------------------------------------------------------------
[ 2021-02-02T12:48:05+08:00 ] 183.136.225.56 GET /
[ info ] qr.zy13.net/ [运行时间：0.124800s][吞吐率：8.01req/s] [内存消耗：2,030.38kb] [文件加载：50]
[ info ] [ LANG ] D:\wwwroot\qr\thinkphp\lang\zh-cn.php
[ info ] [ ROUTE ] array (
  'type' => 'module',
  'module' => 
  array (
    0 => NULL,
    1 => 'index',
    2 => 'index',
  ),
  'convert' => false,
)
[ info ] [ HEADER ] array (
  'connection' => 'close',
  'accept' => '*/*',
  'user-agent' => 'Mozilla/5.0 (Macintosh; Intel Mac OS X 10.11; rv:47.0) Gecko/20100101 Firefox/47.0',
  'host' => 'qr.zy13.net',
)
[ info ] [ PARAM ] array (
)
[ info ] [ RUN ] app\index\controller\Index->index[ D:\wwwroot\qr\application\index\controller\Index.php ]
[ info ] [ DB ] INIT mysql
[ info ] [ VIEW ] D:\wwwroot\qr\public/../application/index\view\index\index.html [ array (
  0 => 'count',
  1 => 'total',
  2 => 'number',
) ]
[ info ] [ LOG ] INIT File
[ sql ] [ DB ] CONNECT:[ UseTime:0.000000s ] mysql:host=127.0.0.1;port=3306;dbname=pay_db;charset=utf8
[ sql ] [ SQL ] SHOW COLUMNS FROM `qr_code` [ RunTime:0.000000s ]
[ sql ] [ SQL ] SELECT COUNT(*) AS tp_count FROM `qr_code` WHERE  ( `time` > 1612195200 AND `time` < 1612241285 ) LIMIT 1 [ RunTime:0.000000s ]
[ sql ] [ SQL ] SELECT COUNT(*) AS tp_count FROM `qr_code` LIMIT 1 [ RunTime:0.015600s ]
[ sql ] [ SQL ] SELECT SUM(number) AS tp_sum FROM `qr_code` LIMIT 1 [ RunTime:0.000000s ]
---------------------------------------------------------------
[ 2021-02-02T13:08:32+08:00 ] 223.157.140.191 GET /
[ info ] qr.zy13.net/ [运行时间：0.124801s][吞吐率：8.01req/s] [内存消耗：2,032.72kb] [文件加载：50]
[ info ] [ LANG ] D:\wwwroot\qr\thinkphp\lang\zh-cn.php
[ info ] [ ROUTE ] array (
  'type' => 'module',
  'module' => 
  array (
    0 => NULL,
    1 => 'index',
    2 => 'index',
  ),
  'convert' => false,
)
[ info ] [ HEADER ] array (
  'accept-language' => 'zh-CN,zh;q=0.9,en-US;q=0.8,en;q=0.7',
  'accept-encoding' => 'gzip, deflate',
  'referer' => 'https://blog.csdn.net/qq15577969/article/details/106037122?utm_medium=distribute.wap_relevant.none-task-blog-baidujs_baidulandingword-2',
  'x-ucbrowser-ua' => 'dv(COL-AL10);pr(UCBrowser/13.2.3.1103);ov(Android 10);ss(360*686);pi(1080*2060);bt(YZ);pm(1);bv(1);nm(0);im(0);sr(0);nt(2);',
  'accept' => 'text/html,application/xhtml+xml,application/xml;q=0.9,image/webp,image/apng,*/*;q=0.8,application/signed-exchange;v=b3',
  'user-agent' => 'Mozilla/5.0 (Linux; U; Android 10; zh-CN; COL-AL10 Build/HUAWEICOL-AL10) AppleWebKit/537.36 (KHTML, like Gecko) Version/4.0 Chrome/78.0.3904.108 UCBrowser/13.2.3.1103 Mobile Safari/537.36',
  'upgrade-insecure-requests' => '1',
  'connection' => 'close',
  'host' => 'qr.zy13.net',
)
[ info ] [ PARAM ] array (
)
[ info ] [ RUN ] app\index\controller\Index->index[ D:\wwwroot\qr\application\index\controller\Index.php ]
[ info ] [ DB ] INIT mysql
[ info ] [ VIEW ] D:\wwwroot\qr\public/../application/index\view\index\index.html [ array (
  0 => 'count',
  1 => 'total',
  2 => 'number',
) ]
[ info ] [ LOG ] INIT File
[ sql ] [ DB ] CONNECT:[ UseTime:0.031200s ] mysql:host=127.0.0.1;port=3306;dbname=pay_db;charset=utf8
[ sql ] [ SQL ] SHOW COLUMNS FROM `qr_code` [ RunTime:0.000000s ]
[ sql ] [ SQL ] SELECT COUNT(*) AS tp_count FROM `qr_code` WHERE  ( `time` > 1612195200 AND `time` < 1612242512 ) LIMIT 1 [ RunTime:0.000000s ]
[ sql ] [ SQL ] SELECT COUNT(*) AS tp_count FROM `qr_code` LIMIT 1 [ RunTime:0.015600s ]
[ sql ] [ SQL ] SELECT SUM(number) AS tp_sum FROM `qr_code` LIMIT 1 [ RunTime:0.000000s ]
---------------------------------------------------------------
[ 2021-02-02T15:04:40+08:00 ] 114.88.159.23 GET /
[ info ] qr.zy13.net/ [运行时间：0.109200s][吞吐率：9.16req/s] [内存消耗：2,030.34kb] [文件加载：50]
[ info ] [ LANG ] D:\wwwroot\qr\thinkphp\lang\zh-cn.php
[ info ] [ ROUTE ] array (
  'type' => 'module',
  'module' => 
  array (
    0 => NULL,
    1 => 'index',
    2 => 'index',
  ),
  'convert' => false,
)
[ info ] [ HEADER ] array (
  'accept-encoding' => 'gzip',
  'connection' => 'close',
  'host' => 'qr.zy13.net',
  'user-agent' => 'Dalvik/2.1.0 (Linux; U; Android 10; VOG-AL00 Build/HUAWEIVOG-AL00)',
)
[ info ] [ PARAM ] array (
)
[ info ] [ RUN ] app\index\controller\Index->index[ D:\wwwroot\qr\application\index\controller\Index.php ]
[ info ] [ DB ] INIT mysql
[ info ] [ VIEW ] D:\wwwroot\qr\public/../application/index\view\index\index.html [ array (
  0 => 'count',
  1 => 'total',
  2 => 'number',
) ]
[ info ] [ LOG ] INIT File
[ sql ] [ DB ] CONNECT:[ UseTime:0.015600s ] mysql:host=127.0.0.1;port=3306;dbname=pay_db;charset=utf8
[ sql ] [ SQL ] SHOW COLUMNS FROM `qr_code` [ RunTime:0.000000s ]
[ sql ] [ SQL ] SELECT COUNT(*) AS tp_count FROM `qr_code` WHERE  ( `time` > 1612195200 AND `time` < 1612249480 ) LIMIT 1 [ RunTime:0.015600s ]
[ sql ] [ SQL ] SELECT COUNT(*) AS tp_count FROM `qr_code` LIMIT 1 [ RunTime:0.000000s ]
[ sql ] [ SQL ] SELECT SUM(number) AS tp_sum FROM `qr_code` LIMIT 1 [ RunTime:0.000000s ]
---------------------------------------------------------------
[ 2021-02-02T15:04:40+08:00 ] 114.88.159.23 GET /
[ info ] qr.zy13.net/ [运行时间：0.140401s][吞吐率：7.12req/s] [内存消耗：2,032.30kb] [文件加载：50]
[ info ] [ LANG ] D:\wwwroot\qr\thinkphp\lang\zh-cn.php
[ info ] [ ROUTE ] array (
  'type' => 'module',
  'module' => 
  array (
    0 => NULL,
    1 => 'index',
    2 => 'index',
  ),
  'convert' => false,
)
[ info ] [ HEADER ] array (
  'accept-language' => 'zh-CN,zh;q=0.9,en-US;q=0.8,en;q=0.7',
  'accept-encoding' => 'gzip, deflate',
  'referer' => 'https://blog.csdn.net/qq15577969/article/details/105181958',
  'x-requested-with' => 'com.huawei.search',
  'accept' => 'text/html,application/xhtml+xml,application/xml;q=0.9,image/webp,image/apng,*/*;q=0.8,application/signed-exchange;v=b3;q=0.9',
  'user-agent' => 'Mozilla/5.0 (Linux; Android 10; VOG-AL00 Build/HUAWEIVOG-AL00; wv) AppleWebKit/537.36 (KHTML, like Gecko) Version/4.0 Chrome/83.0.4103.106 Mobile Safari/537.36',
  'upgrade-insecure-requests' => '1',
  'connection' => 'close',
  'host' => 'qr.zy13.net',
)
[ info ] [ PARAM ] array (
)
[ info ] [ RUN ] app\index\controller\Index->index[ D:\wwwroot\qr\application\index\controller\Index.php ]
[ info ] [ DB ] INIT mysql
[ info ] [ VIEW ] D:\wwwroot\qr\public/../application/index\view\index\index.html [ array (
  0 => 'count',
  1 => 'total',
  2 => 'number',
) ]
[ info ] [ LOG ] INIT File
[ sql ] [ DB ] CONNECT:[ UseTime:0.000000s ] mysql:host=127.0.0.1;port=3306;dbname=pay_db;charset=utf8
[ sql ] [ SQL ] SHOW COLUMNS FROM `qr_code` [ RunTime:0.015600s ]
[ sql ] [ SQL ] SELECT COUNT(*) AS tp_count FROM `qr_code` WHERE  ( `time` > 1612195200 AND `time` < 1612249480 ) LIMIT 1 [ RunTime:0.000000s ]
[ sql ] [ SQL ] SELECT COUNT(*) AS tp_count FROM `qr_code` LIMIT 1 [ RunTime:0.000000s ]
[ sql ] [ SQL ] SELECT SUM(number) AS tp_sum FROM `qr_code` LIMIT 1 [ RunTime:0.000000s ]
---------------------------------------------------------------
[ 2021-02-02T17:25:51+08:00 ] 183.197.49.217 GET /
[ info ] qr.zy13.net/ [运行时间：0.109200s][吞吐率：9.16req/s] [内存消耗：2,031.97kb] [文件加载：50]
[ info ] [ LANG ] D:\wwwroot\qr\thinkphp\lang\zh-cn.php
[ info ] [ ROUTE ] array (
  'type' => 'module',
  'module' => 
  array (
    0 => NULL,
    1 => 'index',
    2 => 'index',
  ),
  'convert' => false,
)
[ info ] [ HEADER ] array (
  'accept-language' => 'zh-CN,zh;q=0.9,en-US;q=0.8,en;q=0.7',
  'accept-encoding' => 'gzip, deflate',
  'referer' => 'https://blog.csdn.net/qq15577969/article/details/105181958',
  'accept' => 'text/html,application/xhtml+xml,application/xml;q=0.9,image/webp,image/apng,*/*;q=0.8,application/signed-exchange;v=b3;q=0.9',
  'user-agent' => 'Mozilla/5.0 (Linux; U; Android 10; zh-cn; MI 8 Lite Build/QKQ1.190910.002) AppleWebKit/537.36 (KHTML, like Gecko) Version/4.0 Chrome/79.0.3945.147 Mobile Safari/537.36 XiaoMi/MiuiBrowser/13.8.12',
  'upgrade-insecure-requests' => '1',
  'connection' => 'close',
  'host' => 'qr.zy13.net',
)
[ info ] [ PARAM ] array (
)
[ info ] [ RUN ] app\index\controller\Index->index[ D:\wwwroot\qr\application\index\controller\Index.php ]
[ info ] [ DB ] INIT mysql
[ info ] [ VIEW ] D:\wwwroot\qr\public/../application/index\view\index\index.html [ array (
  0 => 'count',
  1 => 'total',
  2 => 'number',
) ]
[ info ] [ LOG ] INIT File
[ sql ] [ DB ] CONNECT:[ UseTime:0.031200s ] mysql:host=127.0.0.1;port=3306;dbname=pay_db;charset=utf8
[ sql ] [ SQL ] SHOW COLUMNS FROM `qr_code` [ RunTime:0.000000s ]
[ sql ] [ SQL ] SELECT COUNT(*) AS tp_count FROM `qr_code` WHERE  ( `time` > 1612195200 AND `time` < 1612257951 ) LIMIT 1 [ RunTime:0.015600s ]
[ sql ] [ SQL ] SELECT COUNT(*) AS tp_count FROM `qr_code` LIMIT 1 [ RunTime:0.000000s ]
[ sql ] [ SQL ] SELECT SUM(number) AS tp_sum FROM `qr_code` LIMIT 1 [ RunTime:0.000000s ]
---------------------------------------------------------------
[ 2021-02-02T21:47:23+08:00 ] 183.136.225.56 GET /
[ info ] qr.zy13.net/ [运行时间：0.109200s][吞吐率：9.16req/s] [内存消耗：2,030.71kb] [文件加载：50]
[ info ] [ LANG ] D:\wwwroot\qr\thinkphp\lang\zh-cn.php
[ info ] [ ROUTE ] array (
  'type' => 'module',
  'module' => 
  array (
    0 => NULL,
    1 => 'index',
    2 => 'index',
  ),
  'convert' => false,
)
[ info ] [ HEADER ] array (
  'connection' => 'close',
  'accept' => '*/*',
  'user-agent' => 'Baiduspider+(+http://www.baidu.com/search/spider.htm);googlebot|baiduspider|baidu|spider|sogou|bingbot|bot|yahoo|soso|sosospider|360spider|youdaobot|jikeSpider;)',
  'host' => 'qr.zy13.net',
)
[ info ] [ PARAM ] array (
)
[ info ] [ RUN ] app\index\controller\Index->index[ D:\wwwroot\qr\application\index\controller\Index.php ]
[ info ] [ DB ] INIT mysql
[ info ] [ VIEW ] D:\wwwroot\qr\public/../application/index\view\index\index.html [ array (
  0 => 'count',
  1 => 'total',
  2 => 'number',
) ]
[ info ] [ LOG ] INIT File
[ sql ] [ DB ] CONNECT:[ UseTime:0.000000s ] mysql:host=127.0.0.1;port=3306;dbname=pay_db;charset=utf8
[ sql ] [ SQL ] SHOW COLUMNS FROM `qr_code` [ RunTime:0.015600s ]
[ sql ] [ SQL ] SELECT COUNT(*) AS tp_count FROM `qr_code` WHERE  ( `time` > 1612195200 AND `time` < 1612273643 ) LIMIT 1 [ RunTime:0.000000s ]
[ sql ] [ SQL ] SELECT COUNT(*) AS tp_count FROM `qr_code` LIMIT 1 [ RunTime:0.000000s ]
[ sql ] [ SQL ] SELECT SUM(number) AS tp_sum FROM `qr_code` LIMIT 1 [ RunTime:0.000000s ]
---------------------------------------------------------------
[ 2021-02-02T22:27:05+08:00 ] 120.70.253.57 GET /
[ info ] qr.zy13.net/ [运行时间：0.093601s][吞吐率：10.68req/s] [内存消耗：2,032.81kb] [文件加载：50]
[ info ] [ LANG ] D:\wwwroot\qr\thinkphp\lang\zh-cn.php
[ info ] [ ROUTE ] array (
  'type' => 'module',
  'module' => 
  array (
    0 => NULL,
    1 => 'index',
    2 => 'index',
  ),
  'convert' => false,
)
[ info ] [ HEADER ] array (
  'accept-language' => 'zh-CN,zh;q=0.9,en-US;q=0.8,en;q=0.7',
  'accept-encoding' => 'gzip, deflate',
  'referer' => 'https://blog.csdn.net/qq15577969/article/details/105181958',
  'x-requested-with' => 'com.baidu.searchbox',
  'accept' => 'text/html,application/xhtml+xml,application/xml;q=0.9,image/webp,image/apng,*/*;q=0.8,application/signed-exchange;v=b3',
  'user-agent' => 'Mozilla/5.0 (Linux; Android 7.1.1; OPPO A73 Build/N6F26Q; wv) AppleWebKit/537.36 (KHTML, like Gecko) Version/4.0 Chrome/76.0.3809.89 Mobile Safari/537.36 T7/12.8 SP-engine/2.27.0 baiduboxapp/12.8.5.11 (Baidu; P1 7.1.1) NABar/1.0',
  'upgrade-insecure-requests' => '1',
  'cache-control' => 'no-cache',
  'pragma' => 'no-cache',
  'connection' => 'close',
  'host' => 'qr.zy13.net',
)
[ info ] [ PARAM ] array (
)
[ info ] [ RUN ] app\index\controller\Index->index[ D:\wwwroot\qr\application\index\controller\Index.php ]
[ info ] [ DB ] INIT mysql
[ info ] [ VIEW ] D:\wwwroot\qr\public/../application/index\view\index\index.html [ array (
  0 => 'count',
  1 => 'total',
  2 => 'number',
) ]
[ info ] [ LOG ] INIT File
[ sql ] [ DB ] CONNECT:[ UseTime:0.015600s ] mysql:host=127.0.0.1;port=3306;dbname=pay_db;charset=utf8
[ sql ] [ SQL ] SHOW COLUMNS FROM `qr_code` [ RunTime:0.000000s ]
[ sql ] [ SQL ] SELECT COUNT(*) AS tp_count FROM `qr_code` WHERE  ( `time` > 1612195200 AND `time` < 1612276025 ) LIMIT 1 [ RunTime:0.015600s ]
[ sql ] [ SQL ] SELECT COUNT(*) AS tp_count FROM `qr_code` LIMIT 1 [ RunTime:0.000000s ]
[ sql ] [ SQL ] SELECT SUM(number) AS tp_sum FROM `qr_code` LIMIT 1 [ RunTime:0.000000s ]
---------------------------------------------------------------
[ 2021-02-02T22:28:36+08:00 ] 120.70.253.57 GET /
[ info ] qr.zy13.net/ [运行时间：0.140401s][吞吐率：7.12req/s] [内存消耗：2,032.70kb] [文件加载：50]
[ info ] [ LANG ] D:\wwwroot\qr\thinkphp\lang\zh-cn.php
[ info ] [ ROUTE ] array (
  'type' => 'module',
  'module' => 
  array (
    0 => NULL,
    1 => 'index',
    2 => 'index',
  ),
  'convert' => false,
)
[ info ] [ HEADER ] array (
  'accept-language' => 'zh-CN,zh;q=0.9,en-US;q=0.8,en;q=0.7',
  'accept-encoding' => 'gzip, deflate',
  'referer' => 'http://qr.zy13.net/',
  'x-requested-with' => 'com.baidu.searchbox',
  'accept' => 'text/html,application/xhtml+xml,application/xml;q=0.9,image/webp,image/apng,*/*;q=0.8,application/signed-exchange;v=b3',
  'user-agent' => 'Mozilla/5.0 (Linux; Android 7.1.1; OPPO A73 Build/N6F26Q; wv) AppleWebKit/537.36 (KHTML, like Gecko) Version/4.0 Chrome/76.0.3809.89 Mobile Safari/537.36 T7/12.8 SP-engine/2.27.0 baiduboxapp/12.8.5.11 (Baidu; P1 7.1.1) NABar/1.0',
  'upgrade-insecure-requests' => '1',
  'cache-control' => 'no-cache',
  'pragma' => 'no-cache',
  'connection' => 'close',
  'host' => 'qr.zy13.net',
)
[ info ] [ PARAM ] array (
)
[ info ] [ RUN ] app\index\controller\Index->index[ D:\wwwroot\qr\application\index\controller\Index.php ]
[ info ] [ DB ] INIT mysql
[ info ] [ VIEW ] D:\wwwroot\qr\public/../application/index\view\index\index.html [ array (
  0 => 'count',
  1 => 'total',
  2 => 'number',
) ]
[ info ] [ LOG ] INIT File
[ sql ] [ DB ] CONNECT:[ UseTime:0.015600s ] mysql:host=127.0.0.1;port=3306;dbname=pay_db;charset=utf8
[ sql ] [ SQL ] SHOW COLUMNS FROM `qr_code` [ RunTime:0.000000s ]
[ sql ] [ SQL ] SELECT COUNT(*) AS tp_count FROM `qr_code` WHERE  ( `time` > 1612195200 AND `time` < 1612276115 ) LIMIT 1 [ RunTime:0.015600s ]
[ sql ] [ SQL ] SELECT COUNT(*) AS tp_count FROM `qr_code` LIMIT 1 [ RunTime:0.000000s ]
[ sql ] [ SQL ] SELECT SUM(number) AS tp_sum FROM `qr_code` LIMIT 1 [ RunTime:0.000000s ]
---------------------------------------------------------------
[ 2021-02-02T23:06:36+08:00 ] 60.13.226.83 GET /
[ info ] qr.zy13.net/ [运行时间：0.109200s][吞吐率：9.16req/s] [内存消耗：2,032.18kb] [文件加载：50]
[ info ] [ LANG ] D:\wwwroot\qr\thinkphp\lang\zh-cn.php
[ info ] [ ROUTE ] array (
  'type' => 'module',
  'module' => 
  array (
    0 => NULL,
    1 => 'index',
    2 => 'index',
  ),
  'convert' => false,
)
[ info ] [ HEADER ] array (
  'accept-language' => 'zh-CN,zh;q=0.9,en-US;q=0.8,en;q=0.7',
  'accept-encoding' => 'gzip, deflate',
  'referer' => 'https://blog.csdn.net/qq15577969/article/details/105181958?utm_medium=distribute.wap_relevant.none-task-blog-baidujs_title-2',
  'accept' => 'text/html,application/xhtml+xml,application/xml;q=0.9,image/webp,image/apng,*/*;q=0.8,application/signed-exchange;v=b3;q=0.9',
  'user-agent' => 'Mozilla/5.0 (Linux; Android 10; MXW-AN00; HMSCore 5.1.0.309) AppleWebKit/537.36 (KHTML, like Gecko) Chrome/83.0.4103.106 HuaweiBrowser/11.0.6.301 Mobile Safari/537.36',
  'upgrade-insecure-requests' => '1',
  'connection' => 'close',
  'host' => 'qr.zy13.net',
)
[ info ] [ PARAM ] array (
)
[ info ] [ RUN ] app\index\controller\Index->index[ D:\wwwroot\qr\application\index\controller\Index.php ]
[ info ] [ DB ] INIT mysql
[ info ] [ VIEW ] D:\wwwroot\qr\public/../application/index\view\index\index.html [ array (
  0 => 'count',
  1 => 'total',
  2 => 'number',
) ]
[ info ] [ LOG ] INIT File
[ sql ] [ DB ] CONNECT:[ UseTime:0.000000s ] mysql:host=127.0.0.1;port=3306;dbname=pay_db;charset=utf8
[ sql ] [ SQL ] SHOW COLUMNS FROM `qr_code` [ RunTime:0.015600s ]
[ sql ] [ SQL ] SELECT COUNT(*) AS tp_count FROM `qr_code` WHERE  ( `time` > 1612195200 AND `time` < 1612278396 ) LIMIT 1 [ RunTime:0.015600s ]
[ sql ] [ SQL ] SELECT COUNT(*) AS tp_count FROM `qr_code` LIMIT 1 [ RunTime:0.000000s ]
[ sql ] [ SQL ] SELECT SUM(number) AS tp_sum FROM `qr_code` LIMIT 1 [ RunTime:0.000000s ]
---------------------------------------------------------------
[ 2021-02-02T23:07:47+08:00 ] 60.13.226.83 POST /uploads/alipay.html
[ info ] qr.zy13.net/uploads/alipay.html [运行时间：7.706413s][吞吐率：0.13req/s] [内存消耗：3,395.76kb] [文件加载：89]
[ info ] [ LANG ] D:\wwwroot\qr\thinkphp\lang\zh-cn.php
[ info ] [ ROUTE ] array (
  'type' => 'module',
  'module' => 
  array (
    0 => NULL,
    1 => 'index',
    2 => 'uploads',
  ),
  'convert' => false,
)
[ info ] [ HEADER ] array (
  'accept-language' => 'zh-CN,zh;q=0.9,en-US;q=0.8,en;q=0.7',
  'accept-encoding' => 'gzip, deflate',
  'referer' => 'http://qr.zy13.net/',
  'origin' => 'http://qr.zy13.net',
  'content-type' => 'multipart/form-data; boundary=----WebKitFormBoundaryXOptM1Bwk4iBSsND',
  'user-agent' => 'Mozilla/5.0 (Linux; Android 10; MXW-AN00; HMSCore 5.1.0.309) AppleWebKit/537.36 (KHTML, like Gecko) Chrome/83.0.4103.106 HuaweiBrowser/11.0.6.301 Mobile Safari/537.36',
  'x-requested-with' => 'XMLHttpRequest',
  'accept' => 'application/json, text/javascript, */*; q=0.01',
  'content-length' => '276646',
  'connection' => 'close',
  'host' => 'qr.zy13.net',
)
[ info ] [ PARAM ] array (
  'pay' => 'alipay',
)
[ info ] [ RUN ] app\index\controller\Index->uploads[ D:\wwwroot\qr\application\index\controller\Index.php ]
[ info ] [ LOG ] INIT File
---------------------------------------------------------------
[ 2021-02-02T23:08:29+08:00 ] 60.13.226.83 POST /uploads/qq.html
[ info ] qr.zy13.net/uploads/qq.html [运行时间：3.572406s][吞吐率：0.28req/s] [内存消耗：3,395.73kb] [文件加载：89]
[ info ] [ LANG ] D:\wwwroot\qr\thinkphp\lang\zh-cn.php
[ info ] [ ROUTE ] array (
  'type' => 'module',
  'module' => 
  array (
    0 => NULL,
    1 => 'index',
    2 => 'uploads',
  ),
  'convert' => false,
)
[ info ] [ HEADER ] array (
  'accept-language' => 'zh-CN,zh;q=0.9,en-US;q=0.8,en;q=0.7',
  'accept-encoding' => 'gzip, deflate',
  'referer' => 'http://qr.zy13.net/',
  'origin' => 'http://qr.zy13.net',
  'content-type' => 'multipart/form-data; boundary=----WebKitFormBoundaryN7ocx0IVdu8MR2Br',
  'user-agent' => 'Mozilla/5.0 (Linux; Android 10; MXW-AN00; HMSCore 5.1.0.309) AppleWebKit/537.36 (KHTML, like Gecko) Chrome/83.0.4103.106 HuaweiBrowser/11.0.6.301 Mobile Safari/537.36',
  'x-requested-with' => 'XMLHttpRequest',
  'accept' => 'application/json, text/javascript, */*; q=0.01',
  'content-length' => '65649',
  'connection' => 'close',
  'host' => 'qr.zy13.net',
)
[ info ] [ PARAM ] array (
  'pay' => 'qq',
)
[ info ] [ RUN ] app\index\controller\Index->uploads[ D:\wwwroot\qr\application\index\controller\Index.php ]
[ info ] [ LOG ] INIT File
---------------------------------------------------------------
[ 2021-02-02T23:08:55+08:00 ] 60.13.226.83 POST /uploads/wechat.html
[ info ] qr.zy13.net/uploads/wechat.html [运行时间：7.784414s][吞吐率：0.13req/s] [内存消耗：3,395.28kb] [文件加载：89]
[ info ] [ LANG ] D:\wwwroot\qr\thinkphp\lang\zh-cn.php
[ info ] [ ROUTE ] array (
  'type' => 'module',
  'module' => 
  array (
    0 => NULL,
    1 => 'index',
    2 => 'uploads',
  ),
  'convert' => false,
)
[ info ] [ HEADER ] array (
  'accept-language' => 'zh-CN,zh;q=0.9,en-US;q=0.8,en;q=0.7',
  'accept-encoding' => 'gzip, deflate',
  'referer' => 'http://qr.zy13.net/',
  'origin' => 'http://qr.zy13.net',
  'content-type' => 'multipart/form-data; boundary=----WebKitFormBoundaryW3E7uVv9KcBLDBEA',
  'user-agent' => 'Mozilla/5.0 (Linux; Android 10; MXW-AN00; HMSCore 5.1.0.309) AppleWebKit/537.36 (KHTML, like Gecko) Chrome/83.0.4103.106 HuaweiBrowser/11.0.6.301 Mobile Safari/537.36',
  'x-requested-with' => 'XMLHttpRequest',
  'accept' => 'application/json, text/javascript, */*; q=0.01',
  'content-length' => '123722',
  'connection' => 'close',
  'host' => 'qr.zy13.net',
)
[ info ] [ PARAM ] array (
  'pay' => 'wechat',
)
[ info ] [ RUN ] app\index\controller\Index->uploads[ D:\wwwroot\qr\application\index\controller\Index.php ]
[ info ] [ LOG ] INIT File
---------------------------------------------------------------
[ 2021-02-02T23:09:32+08:00 ] 60.13.226.83 POST /make.html
[ info ] qr.zy13.net/make.html [运行时间：0.702002s][吞吐率：1.42req/s] [内存消耗：2,590.41kb] [文件加载：51]
[ info ] [ LANG ] D:\wwwroot\qr\thinkphp\lang\zh-cn.php
[ info ] [ ROUTE ] array (
  'type' => 'module',
  'module' => 
  array (
    0 => NULL,
    1 => 'index',
    2 => 'make',
  ),
  'convert' => false,
)
[ info ] [ HEADER ] array (
  'accept-language' => 'zh-CN,zh;q=0.9,en-US;q=0.8,en;q=0.7',
  'accept-encoding' => 'gzip, deflate',
  'referer' => 'http://qr.zy13.net/',
  'origin' => 'http://qr.zy13.net',
  'content-type' => 'application/x-www-form-urlencoded; charset=UTF-8',
  'user-agent' => 'Mozilla/5.0 (Linux; Android 10; MXW-AN00; HMSCore 5.1.0.309) AppleWebKit/537.36 (KHTML, like Gecko) Chrome/83.0.4103.106 HuaweiBrowser/11.0.6.301 Mobile Safari/537.36',
  'x-requested-with' => 'XMLHttpRequest',
  'accept' => '*/*',
  'content-length' => '423',
  'connection' => 'close',
  'host' => 'qr.zy13.net',
)
[ info ] [ PARAM ] array (
  'alipay' => 'https://qr.alipay.com/fkx15255sjtmb2dkjhbp0fb',
  'qq' => 'https://i.qianbao.qq.com/wallet/sqrcode.htm?m=tenpay&f=wallet&a=1&ac=CAEQ3Pb93AoYoJTggAY%3D_xxx_sign&u=2879355740&n=%E5%92%8C%E5%B9%B3%E7%B2%BE%E8%8B%B1%E4%B8%93%E7%94%A8%E5%8F%B7',
  'wechat' => 'wxp://f2f0UNFqpjmARauFBEtPZLy0xkc9etjuwOtA',
  'name' => '张江涛',
  'template' => '002',
)
[ info ] [ RUN ] app\index\controller\Index->make[ D:\wwwroot\qr\application\index\controller\Index.php ]
[ info ] [ DB ] INIT mysql
[ info ] [ LOG ] INIT File
[ sql ] [ DB ] CONNECT:[ UseTime:0.015600s ] mysql:host=127.0.0.1;port=3306;dbname=pay_db;charset=utf8
[ sql ] [ SQL ] SHOW COLUMNS FROM `qr_code` [ RunTime:0.015600s ]
[ sql ] [ SQL ] INSERT INTO `qr_code` (`qr` , `alipay` , `qq` , `wechat` , `time` , `name` , `ip`) VALUES ('8b55ef58f72f8b8f7001181d9824ca05.png' , 'https://qr.alipay.com/fkx15255sjtmb2dkjhbp0fb' , 'https://i.qianbao.qq.com/wallet/sqrcode.htm?m=tenpay&f=wallet&a=1&ac=CAEQ3Pb93AoYoJTggAY%3D_xxx_sign&u=2879355740&n=%E5%92%8C%E5%B9%B3%E7%B2%BE%E8%8B%B1%E4%B8%93%E7%94%A8%E5%8F%B7' , 'wxp://f2f0UNFqpjmARauFBEtPZLy0xkc9etjuwOtA' , 1612278571 , '张江涛' , '60.13.226.83') [ RunTime:0.000000s ]
---------------------------------------------------------------
[ 2021-02-02T23:09:55+08:00 ] 60.13.226.83 GET /qr/51.html
[ info ] qr.zy13.net/qr/51.html [运行时间：0.124800s][吞吐率：8.01req/s] [内存消耗：2,038.93kb] [文件加载：51]
[ info ] [ LANG ] D:\wwwroot\qr\thinkphp\lang\zh-cn.php
[ info ] [ ROUTE ] array (
  'type' => 'module',
  'module' => 
  array (
    0 => NULL,
    1 => 'index',
    2 => 'qr',
  ),
  'convert' => false,
)
[ info ] [ HEADER ] array (
  'accept-language' => 'zh-CN,zh;q=0.9,en-US;q=0.8,en;q=0.7',
  'accept-encoding' => 'gzip, deflate',
  'x-requested-with' => 'com.tencent.mm',
  'accept' => 'text/html,application/xhtml+xml,application/xml;q=0.9,image/webp,image/apng,*/*;q=0.8,application/signed-exchange;v=b3',
  'user-agent' => 'Mozilla/5.0 (Linux; Android 10; MXW-AN00 Build/HONORMXW-AN00; wv) AppleWebKit/537.36 (KHTML, like Gecko) Version/4.0 Chrome/77.0.3865.120 MQQBrowser/6.2 TBS/045513 Mobile Safari/537.36 MMWEBID/9141 MicroMessenger/8.0.1840(0x2800003D) Process/tools WeChat/arm64 Weixin NetType/WIFI Language/zh_CN ABI/arm64',
  'upgrade-insecure-requests' => '1',
  'connection' => 'close',
  'host' => 'qr.zy13.net',
)
[ info ] [ PARAM ] array (
  'id' => '51',
)
[ info ] [ RUN ] app\index\controller\Index->qr[ D:\wwwroot\qr\application\index\controller\Index.php ]
[ info ] [ DB ] INIT mysql
[ info ] [ CACHE ] INIT File
[ info ] [ VIEW ] D:\wwwroot\qr\public/../application/index\view\index\wx.html [ array (
  0 => 'pay_url',
  1 => 'pay_name',
) ]
[ info ] [ LOG ] INIT File
[ sql ] [ DB ] CONNECT:[ UseTime:0.031200s ] mysql:host=127.0.0.1;port=3306;dbname=pay_db;charset=utf8
[ sql ] [ SQL ] SHOW COLUMNS FROM `qr_code` [ RunTime:0.000000s ]
[ sql ] [ SQL ] SELECT * FROM `qr_code` WHERE  `id` = 51 LIMIT 1 [ RunTime:0.000000s ]
[ sql ] [ SQL ] UPDATE `qr_code`  SET `number`=`number`+1  WHERE  `id` = 51 [ RunTime:0.000000s ]
---------------------------------------------------------------
[ 2021-02-02T23:09:55+08:00 ] 60.13.226.83 GET /api.html?text=wxp://f2f0UNFqpjmARauFBEtPZLy0xkc9etjuwOtA
[ info ] qr.zy13.net/api.html?text=wxp://f2f0UNFqpjmARauFBEtPZLy0xkc9etjuwOtA [运行时间：0.078001s][吞吐率：12.82req/s] [内存消耗：1,822.63kb] [文件加载：41]
[ info ] [ LANG ] D:\wwwroot\qr\thinkphp\lang\zh-cn.php
[ info ] [ ROUTE ] array (
  'type' => 'module',
  'module' => 
  array (
    0 => NULL,
    1 => 'index',
    2 => 'api',
  ),
  'convert' => false,
)
[ info ] [ HEADER ] array (
  'accept-language' => 'zh-CN,zh;q=0.9,en-US;q=0.8,en;q=0.7',
  'accept-encoding' => 'gzip, deflate',
  'referer' => 'http://qr.zy13.net/qr/51.html',
  'x-requested-with' => 'com.tencent.mm',
  'accept' => 'image/webp,image/wxpic,image/sharpp,image/apng,image/tpg,image/*,*/*;q=0.8',
  'user-agent' => 'Mozilla/5.0 (Linux; Android 10; MXW-AN00 Build/HONORMXW-AN00; wv) AppleWebKit/537.36 (KHTML, like Gecko) Version/4.0 Chrome/77.0.3865.120 MQQBrowser/6.2 TBS/045513 Mobile Safari/537.36 MMWEBID/9141 MicroMessenger/8.0.1840(0x2800003D) Process/tools WeChat/arm64 Weixin NetType/WIFI Language/zh_CN ABI/arm64',
  'connection' => 'close',
  'host' => 'qr.zy13.net',
)
[ info ] [ PARAM ] array (
  'text' => 'wxp://f2f0UNFqpjmARauFBEtPZLy0xkc9etjuwOtA',
)
[ info ] [ RUN ] app\index\controller\Index->api[ D:\wwwroot\qr\application\index\controller\Index.php ]
[ info ] [ LOG ] INIT File
---------------------------------------------------------------
[ 2021-02-02T23:10:29+08:00 ] 60.13.226.83 GET /
[ info ] qr.zy13.net/ [运行时间：0.109200s][吞吐率：9.16req/s] [内存消耗：2,031.69kb] [文件加载：50]
[ info ] [ LANG ] D:\wwwroot\qr\thinkphp\lang\zh-cn.php
[ info ] [ ROUTE ] array (
  'type' => 'module',
  'module' => 
  array (
    0 => NULL,
    1 => 'index',
    2 => 'index',
  ),
  'convert' => false,
)
[ info ] [ HEADER ] array (
  'accept-language' => 'zh-CN,zh;q=0.9,en-US;q=0.8,en;q=0.7',
  'accept-encoding' => 'gzip, deflate',
  'accept' => 'text/html,application/xhtml+xml,application/xml;q=0.9,image/webp,image/apng,*/*;q=0.8,application/signed-exchange;v=b3;q=0.9',
  'user-agent' => 'Mozilla/5.0 (Linux; Android 10; MXW-AN00; HMSCore 5.1.0.309) AppleWebKit/537.36 (KHTML, like Gecko) Chrome/83.0.4103.106 HuaweiBrowser/11.0.6.301 Mobile Safari/537.36',
  'upgrade-insecure-requests' => '1',
  'connection' => 'close',
  'host' => 'qr.zy13.net',
)
[ info ] [ PARAM ] array (
)
[ info ] [ RUN ] app\index\controller\Index->index[ D:\wwwroot\qr\application\index\controller\Index.php ]
[ info ] [ DB ] INIT mysql
[ info ] [ VIEW ] D:\wwwroot\qr\public/../application/index\view\index\index.html [ array (
  0 => 'count',
  1 => 'total',
  2 => 'number',
) ]
[ info ] [ LOG ] INIT File
[ sql ] [ DB ] CONNECT:[ UseTime:0.015600s ] mysql:host=127.0.0.1;port=3306;dbname=pay_db;charset=utf8
[ sql ] [ SQL ] SHOW COLUMNS FROM `qr_code` [ RunTime:0.000000s ]
[ sql ] [ SQL ] SELECT COUNT(*) AS tp_count FROM `qr_code` WHERE  ( `time` > 1612195200 AND `time` < 1612278629 ) LIMIT 1 [ RunTime:0.015600s ]
[ sql ] [ SQL ] SELECT COUNT(*) AS tp_count FROM `qr_code` LIMIT 1 [ RunTime:0.000000s ]
[ sql ] [ SQL ] SELECT SUM(number) AS tp_sum FROM `qr_code` LIMIT 1 [ RunTime:0.000000s ]
---------------------------------------------------------------
[ 2021-02-02T23:10:56+08:00 ] 101.91.60.105 GET /qr/51.html
[ info ] qr.zy13.net/qr/51.html [运行时间：0.124800s][吞吐率：8.01req/s] [内存消耗：2,037.48kb] [文件加载：51]
[ info ] [ LANG ] D:\wwwroot\qr\thinkphp\lang\zh-cn.php
[ info ] [ ROUTE ] array (
  'type' => 'module',
  'module' => 
  array (
    0 => NULL,
    1 => 'index',
    2 => 'qr',
  ),
  'convert' => false,
)
[ info ] [ HEADER ] array (
  'connection' => 'close',
  'host' => 'qr.zy13.net',
  'accept-language' => 'zh-CN,zh;q=0.8,en-US;q=0.6,en;q=0.4',
  'accept' => '*/*',
  'user-agent' => 'Mozilla/5.0 (Linux; Android 6.0.1; OPPO R9s Build/MMB29M) AppleWebKit/537.36 (KHTML, like Gecko) Version/4.0 Chrome/37.0.0.0 Mobile MQQBrowser/6.9 TBS/036906 Safari/537.36 MicroMessenger/6.5.4.1000 NetType/4G Language/zh_CN',
)
[ info ] [ PARAM ] array (
  'id' => '51',
)
[ info ] [ RUN ] app\index\controller\Index->qr[ D:\wwwroot\qr\application\index\controller\Index.php ]
[ info ] [ DB ] INIT mysql
[ info ] [ CACHE ] INIT File
[ info ] [ VIEW ] D:\wwwroot\qr\public/../application/index\view\index\wx.html [ array (
  0 => 'pay_url',
  1 => 'pay_name',
) ]
[ info ] [ LOG ] INIT File
[ sql ] [ DB ] CONNECT:[ UseTime:0.000000s ] mysql:host=127.0.0.1;port=3306;dbname=pay_db;charset=utf8
[ sql ] [ SQL ] SHOW COLUMNS FROM `qr_code` [ RunTime:0.000000s ]
[ sql ] [ SQL ] SELECT * FROM `qr_code` WHERE  `id` = 51 LIMIT 1 [ RunTime:0.000000s ]
[ sql ] [ SQL ] UPDATE `qr_code`  SET `number`=`number`+1  WHERE  `id` = 51 [ RunTime:0.000000s ]
---------------------------------------------------------------
[ 2021-02-02T23:12:37+08:00 ] 115.53.22.133 GET /
[ info ] qr.zy13.net/ [运行时间：0.140400s][吞吐率：7.12req/s] [内存消耗：2,031.96kb] [文件加载：50]
[ info ] [ LANG ] D:\wwwroot\qr\thinkphp\lang\zh-cn.php
[ info ] [ ROUTE ] array (
  'type' => 'module',
  'module' => 
  array (
    0 => NULL,
    1 => 'index',
    2 => 'index',
  ),
  'convert' => false,
)
[ info ] [ HEADER ] array (
  'accept-language' => 'zh-CN,zh;q=0.9,en-US;q=0.8,en;q=0.7',
  'accept-encoding' => 'gzip, deflate',
  'referer' => 'https://blog.csdn.net/qq15577969/article/details/105181958',
  'accept' => 'text/html,application/xhtml+xml,application/xml;q=0.9,image/webp,image/apng,*/*;q=0.8,application/signed-exchange;v=b3;q=0.9',
  'user-agent' => 'Mozilla/5.0 (Linux; Android 10; NOH-AN00; HMSCore 5.1.0.309) AppleWebKit/537.36 (KHTML, like Gecko) Chrome/83.0.4103.106 HuaweiBrowser/11.0.6.302 Mobile Safari/537.36',
  'upgrade-insecure-requests' => '1',
  'connection' => 'close',
  'host' => 'qr.zy13.net',
)
[ info ] [ PARAM ] array (
)
[ info ] [ RUN ] app\index\controller\Index->index[ D:\wwwroot\qr\application\index\controller\Index.php ]
[ info ] [ DB ] INIT mysql
[ info ] [ VIEW ] D:\wwwroot\qr\public/../application/index\view\index\index.html [ array (
  0 => 'count',
  1 => 'total',
  2 => 'number',
) ]
[ info ] [ LOG ] INIT File
[ sql ] [ DB ] CONNECT:[ UseTime:0.015600s ] mysql:host=127.0.0.1;port=3306;dbname=pay_db;charset=utf8
[ sql ] [ SQL ] SHOW COLUMNS FROM `qr_code` [ RunTime:0.015600s ]
[ sql ] [ SQL ] SELECT COUNT(*) AS tp_count FROM `qr_code` WHERE  ( `time` > 1612195200 AND `time` < 1612278757 ) LIMIT 1 [ RunTime:0.000000s ]
[ sql ] [ SQL ] SELECT COUNT(*) AS tp_count FROM `qr_code` LIMIT 1 [ RunTime:0.000000s ]
[ sql ] [ SQL ] SELECT SUM(number) AS tp_sum FROM `qr_code` LIMIT 1 [ RunTime:0.000000s ]
