---------------------------------------------------------------
[ 2021-02-12T01:12:45+08:00 ] 223.104.90.26 GET /qr/56.html
[ info ] qr.zy13.net/qr/56.html [运行时间：0.093600s][吞吐率：10.68req/s] [内存消耗：2,039.42kb] [文件加载：51]
[ info ] [ LANG ] D:\wwwroot\qr\thinkphp\lang\zh-cn.php
[ info ] [ ROUTE ] array (
  'type' => 'module',
  'module' => 
  array (
    0 => NULL,
    1 => 'index',
    2 => 'qr',
  ),
  'convert' => false,
)
[ info ] [ HEADER ] array (
  'accept-language' => 'zh-CN,zh;q=0.9,en-US;q=0.8,en;q=0.7',
  'accept-encoding' => 'gzip, deflate',
  'x-requested-with' => 'com.tencent.mobileqq',
  'accept' => 'text/html,application/xhtml+xml,application/xml;q=0.9,image/webp,image/apng,*/*;q=0.8,application/signed-exchange;v=b3',
  'user-agent' => 'Mozilla/5.0 (Linux; Android 9; V1816A Build/PKQ1.180819.001; wv) AppleWebKit/537.36 (KHTML, like Gecko) Version/4.0 Chrome/77.0.3865.120 MQQBrowser/6.2 TBS/045438 Mobile Safari/537.36 V1_AND_SQ_8.5.5_1630_YYB_D A_8050500 PA QQ/8.5.5.5105 NetType/4G WebP/0.3.0 Pixel/1080 StatusBarHeight/84 SimpleUISwitch/0 QQTheme/1000 InMagicWin/0',
  'upgrade-insecure-requests' => '1',
  'connection' => 'close',
  'host' => 'qr.zy13.net',
)
[ info ] [ PARAM ] array (
  'id' => '56',
)
[ info ] [ RUN ] app\index\controller\Index->qr[ D:\wwwroot\qr\application\index\controller\Index.php ]
[ info ] [ DB ] INIT mysql
[ info ] [ CACHE ] INIT File
[ info ] [ VIEW ] D:\wwwroot\qr\public/../application/index\view\index\qq.html [ array (
  0 => 'pay_url',
  1 => 'pay_name',
) ]
[ info ] [ LOG ] INIT File
[ sql ] [ DB ] CONNECT:[ UseTime:0.000000s ] mysql:host=127.0.0.1;port=3306;dbname=pay_db;charset=utf8
[ sql ] [ SQL ] SHOW COLUMNS FROM `qr_code` [ RunTime:0.015600s ]
[ sql ] [ SQL ] SELECT * FROM `qr_code` WHERE  `id` = 56 LIMIT 1 [ RunTime:0.000000s ]
[ sql ] [ SQL ] UPDATE `qr_code`  SET `number`=`number`+1  WHERE  `id` = 56 [ RunTime:0.000000s ]
---------------------------------------------------------------
[ 2021-02-12T01:12:46+08:00 ] 223.104.90.26 GET /api.html?text=https%3A%2F%2Fi.qianbao.qq.com%2Fwallet%2Fsqrcode.htm%3Fm%3Dtenpay%26f%3Dwallet%26a%3D1%26ac%3DCAEQubj7ywoYyd2TgQY%253D_xxx_sign%26u%3D2843663417%26n%3D%25E5%2587%2580.
[ info ] qr.zy13.net/api.html?text=https%3A%2F%2Fi.qianbao.qq.com%2Fwallet%2Fsqrcode.htm%3Fm%3Dtenpay%26f%3Dwallet%26a%3D1%26ac%3DCAEQubj7ywoYyd2TgQY%253D_xxx_sign%26u%3D2843663417%26n%3D%25E5%2587%2580. [运行时间：0.109200s][吞吐率：9.16req/s] [内存消耗：1,826.25kb] [文件加载：41]
[ info ] [ LANG ] D:\wwwroot\qr\thinkphp\lang\zh-cn.php
[ info ] [ ROUTE ] array (
  'type' => 'module',
  'module' => 
  array (
    0 => NULL,
    1 => 'index',
    2 => 'api',
  ),
  'convert' => false,
)
[ info ] [ HEADER ] array (
  'accept-language' => 'zh-CN,zh;q=0.9,en-US;q=0.8,en;q=0.7',
  'accept-encoding' => 'gzip, deflate',
  'referer' => 'http://qr.zy13.net/qr/56.html',
  'x-requested-with' => 'com.tencent.mobileqq',
  'accept' => 'image/webp,image/sharpp,image/apng,image/tpg,image/*,*/*;q=0.8',
  'user-agent' => 'Mozilla/5.0 (Linux; Android 9; V1816A Build/PKQ1.180819.001; wv) AppleWebKit/537.36 (KHTML, like Gecko) Version/4.0 Chrome/77.0.3865.120 MQQBrowser/6.2 TBS/045438 Mobile Safari/537.36 V1_AND_SQ_8.5.5_1630_YYB_D A_8050500 PA QQ/8.5.5.5105 NetType/4G WebP/0.3.0 Pixel/1080 StatusBarHeight/84 SimpleUISwitch/0 QQTheme/1000 InMagicWin/0',
  'connection' => 'close',
  'host' => 'qr.zy13.net',
)
[ info ] [ PARAM ] array (
  'text' => 'https://i.qianbao.qq.com/wallet/sqrcode.htm?m=tenpay&f=wallet&a=1&ac=CAEQubj7ywoYyd2TgQY%3D_xxx_sign&u=2843663417&n=%E5%87%80.',
)
[ info ] [ RUN ] app\index\controller\Index->api[ D:\wwwroot\qr\application\index\controller\Index.php ]
[ info ] [ LOG ] INIT File
---------------------------------------------------------------
[ 2021-02-12T01:12:49+08:00 ] 223.104.90.26 GET /api.html?text=https%3A%2F%2Fi.qianbao.qq.com%2Fwallet%2Fsqrcode.htm%3Fm%3Dtenpay%26f%3Dwallet%26a%3D1%26ac%3DCAEQubj7ywoYyd2TgQY%253D_xxx_sign%26u%3D2843663417%26n%3D%25E5%2587%2580.
[ info ] qr.zy13.net/api.html?text=https%3A%2F%2Fi.qianbao.qq.com%2Fwallet%2Fsqrcode.htm%3Fm%3Dtenpay%26f%3Dwallet%26a%3D1%26ac%3DCAEQubj7ywoYyd2TgQY%253D_xxx_sign%26u%3D2843663417%26n%3D%25E5%2587%2580. [运行时间：0.093600s][吞吐率：10.68req/s] [内存消耗：1,823.48kb] [文件加载：41]
[ info ] [ LANG ] D:\wwwroot\qr\thinkphp\lang\zh-cn.php
[ info ] [ ROUTE ] array (
  'type' => 'module',
  'module' => 
  array (
    0 => NULL,
    1 => 'index',
    2 => 'api',
  ),
  'convert' => false,
)
[ info ] [ HEADER ] array (
  'user-agent' => 'AndroidSDK_28_PD1816_9',
  'host' => 'qr.zy13.net',
  'connection' => 'close',
  'accept-encoding' => 'gzip',
)
[ info ] [ PARAM ] array (
  'text' => 'https://i.qianbao.qq.com/wallet/sqrcode.htm?m=tenpay&f=wallet&a=1&ac=CAEQubj7ywoYyd2TgQY%3D_xxx_sign&u=2843663417&n=%E5%87%80.',
)
[ info ] [ RUN ] app\index\controller\Index->api[ D:\wwwroot\qr\application\index\controller\Index.php ]
[ info ] [ LOG ] INIT File
---------------------------------------------------------------
[ 2021-02-12T05:27:05+08:00 ] 117.83.168.146 GET /
[ info ] qr.zy13.net/ [运行时间：0.124800s][吞吐率：8.01req/s] [内存消耗：2,032.83kb] [文件加载：50]
[ info ] [ LANG ] D:\wwwroot\qr\thinkphp\lang\zh-cn.php
[ info ] [ ROUTE ] array (
  'type' => 'module',
  'module' => 
  array (
    0 => NULL,
    1 => 'index',
    2 => 'index',
  ),
  'convert' => false,
)
[ info ] [ HEADER ] array (
  'accept-language' => 'zh-CN,zh;q=0.9,en-US;q=0.8,en;q=0.7',
  'accept-encoding' => 'gzip, deflate',
  'referer' => 'https://blog.csdn.net/qq15577969/article/details/105181958',
  'x-requested-with' => 'com.baidu.searchbox',
  'accept' => 'text/html,application/xhtml+xml,application/xml;q=0.9,image/webp,image/apng,*/*;q=0.8,application/signed-exchange;v=b3',
  'user-agent' => 'Mozilla/5.0 (Linux; Android 10; JER-AN20 Build/HUAWEIJER-AN20; wv) AppleWebKit/537.36 (KHTML, like Gecko) Version/4.0 Chrome/76.0.3809.89 Mobile Safari/537.36 T7/12.9 SP-engine/2.28.0 baiduboxapp/12.9.0.11 (Baidu; P1 10) NABar/1.0',
  'upgrade-insecure-requests' => '1',
  'cache-control' => 'no-cache',
  'pragma' => 'no-cache',
  'connection' => 'close',
  'host' => 'qr.zy13.net',
)
[ info ] [ PARAM ] array (
)
[ info ] [ RUN ] app\index\controller\Index->index[ D:\wwwroot\qr\application\index\controller\Index.php ]
[ info ] [ DB ] INIT mysql
[ info ] [ VIEW ] D:\wwwroot\qr\public/../application/index\view\index\index.html [ array (
  0 => 'count',
  1 => 'total',
  2 => 'number',
) ]
[ info ] [ LOG ] INIT File
[ sql ] [ DB ] CONNECT:[ UseTime:0.015600s ] mysql:host=127.0.0.1;port=3306;dbname=pay_db;charset=utf8
[ sql ] [ SQL ] SHOW COLUMNS FROM `qr_code` [ RunTime:0.000000s ]
[ sql ] [ SQL ] SELECT COUNT(*) AS tp_count FROM `qr_code` WHERE  ( `time` > 1613059200 AND `time` < 1613078825 ) LIMIT 1 [ RunTime:0.015600s ]
[ sql ] [ SQL ] SELECT COUNT(*) AS tp_count FROM `qr_code` LIMIT 1 [ RunTime:0.000000s ]
[ sql ] [ SQL ] SELECT SUM(number) AS tp_sum FROM `qr_code` LIMIT 1 [ RunTime:0.000000s ]
---------------------------------------------------------------
[ 2021-02-12T05:27:18+08:00 ] 117.83.168.146 GET /
[ info ] qr.zy13.net/ [运行时间：0.124800s][吞吐率：8.01req/s] [内存消耗：2,032.83kb] [文件加载：50]
[ info ] [ LANG ] D:\wwwroot\qr\thinkphp\lang\zh-cn.php
[ info ] [ ROUTE ] array (
  'type' => 'module',
  'module' => 
  array (
    0 => NULL,
    1 => 'index',
    2 => 'index',
  ),
  'convert' => false,
)
[ info ] [ HEADER ] array (
  'accept-language' => 'zh-CN,zh;q=0.9,en-US;q=0.8,en;q=0.7',
  'accept-encoding' => 'gzip, deflate',
  'referer' => 'https://blog.csdn.net/qq15577969/article/details/105181958',
  'x-requested-with' => 'com.baidu.searchbox',
  'accept' => 'text/html,application/xhtml+xml,application/xml;q=0.9,image/webp,image/apng,*/*;q=0.8,application/signed-exchange;v=b3',
  'user-agent' => 'Mozilla/5.0 (Linux; Android 10; JER-AN20 Build/HUAWEIJER-AN20; wv) AppleWebKit/537.36 (KHTML, like Gecko) Version/4.0 Chrome/76.0.3809.89 Mobile Safari/537.36 T7/12.9 SP-engine/2.28.0 baiduboxapp/12.9.0.11 (Baidu; P1 10) NABar/1.0',
  'upgrade-insecure-requests' => '1',
  'cache-control' => 'no-cache',
  'pragma' => 'no-cache',
  'connection' => 'close',
  'host' => 'qr.zy13.net',
)
[ info ] [ PARAM ] array (
)
[ info ] [ RUN ] app\index\controller\Index->index[ D:\wwwroot\qr\application\index\controller\Index.php ]
[ info ] [ DB ] INIT mysql
[ info ] [ VIEW ] D:\wwwroot\qr\public/../application/index\view\index\index.html [ array (
  0 => 'count',
  1 => 'total',
  2 => 'number',
) ]
[ info ] [ LOG ] INIT File
[ sql ] [ DB ] CONNECT:[ UseTime:0.000000s ] mysql:host=127.0.0.1;port=3306;dbname=pay_db;charset=utf8
[ sql ] [ SQL ] SHOW COLUMNS FROM `qr_code` [ RunTime:0.015600s ]
[ sql ] [ SQL ] SELECT COUNT(*) AS tp_count FROM `qr_code` WHERE  ( `time` > 1613059200 AND `time` < 1613078838 ) LIMIT 1 [ RunTime:0.000000s ]
[ sql ] [ SQL ] SELECT COUNT(*) AS tp_count FROM `qr_code` LIMIT 1 [ RunTime:0.000000s ]
[ sql ] [ SQL ] SELECT SUM(number) AS tp_sum FROM `qr_code` LIMIT 1 [ RunTime:0.000000s ]
---------------------------------------------------------------
[ 2021-02-12T06:05:20+08:00 ] 66.249.64.189 GET /
[ info ] qr.zy13.net/ [运行时间：0.124800s][吞吐率：8.01req/s] [内存消耗：2,031.08kb] [文件加载：50]
[ info ] [ LANG ] D:\wwwroot\qr\thinkphp\lang\zh-cn.php
[ info ] [ ROUTE ] array (
  'type' => 'module',
  'module' => 
  array (
    0 => NULL,
    1 => 'index',
    2 => 'index',
  ),
  'convert' => false,
)
[ info ] [ HEADER ] array (
  'accept-encoding' => 'gzip,deflate,br',
  'user-agent' => 'Mozilla/5.0 (compatible; Googlebot/2.1; +http://www.google.com/bot.html)',
  'from' => 'googlebot(at)googlebot.com',
  'accept' => 'text/html,application/xhtml+xml,application/signed-exchange;v=b3,application/xml;q=0.9,*/*;q=0.8',
  'connection' => 'close',
  'host' => 'qr.zy13.net',
)
[ info ] [ PARAM ] array (
)
[ info ] [ RUN ] app\index\controller\Index->index[ D:\wwwroot\qr\application\index\controller\Index.php ]
[ info ] [ DB ] INIT mysql
[ info ] [ VIEW ] D:\wwwroot\qr\public/../application/index\view\index\index.html [ array (
  0 => 'count',
  1 => 'total',
  2 => 'number',
) ]
[ info ] [ LOG ] INIT File
[ sql ] [ DB ] CONNECT:[ UseTime:0.000000s ] mysql:host=127.0.0.1;port=3306;dbname=pay_db;charset=utf8
[ sql ] [ SQL ] SHOW COLUMNS FROM `qr_code` [ RunTime:0.015600s ]
[ sql ] [ SQL ] SELECT COUNT(*) AS tp_count FROM `qr_code` WHERE  ( `time` > 1613059200 AND `time` < 1613081120 ) LIMIT 1 [ RunTime:0.000000s ]
[ sql ] [ SQL ] SELECT COUNT(*) AS tp_count FROM `qr_code` LIMIT 1 [ RunTime:0.000000s ]
[ sql ] [ SQL ] SELECT SUM(number) AS tp_sum FROM `qr_code` LIMIT 1 [ RunTime:0.000000s ]
---------------------------------------------------------------
[ 2021-02-12T06:15:28+08:00 ] 66.249.64.160 GET /
[ info ] qr.zy13.net/ [运行时间：0.140400s][吞吐率：7.12req/s] [内存消耗：2,031.63kb] [文件加载：50]
[ info ] [ LANG ] D:\wwwroot\qr\thinkphp\lang\zh-cn.php
[ info ] [ ROUTE ] array (
  'type' => 'module',
  'module' => 
  array (
    0 => NULL,
    1 => 'index',
    2 => 'index',
  ),
  'convert' => false,
)
[ info ] [ HEADER ] array (
  'accept-encoding' => 'gzip,deflate,br',
  'user-agent' => 'Mozilla/5.0 (Linux; Android 6.0.1; Nexus 5X Build/MMB29P) AppleWebKit/537.36 (KHTML, like Gecko) Chrome/88.0.4324.153 Mobile Safari/537.36 (compatible; Googlebot/2.1; +http://www.google.com/bot.html)',
  'from' => 'googlebot(at)googlebot.com',
  'accept' => 'text/html,application/xhtml+xml,application/signed-exchange;v=b3,application/xml;q=0.9,*/*;q=0.8',
  'connection' => 'close',
  'amp-cache-transform' => 'google;v="1..5"',
  'host' => 'qr.zy13.net',
)
[ info ] [ PARAM ] array (
)
[ info ] [ RUN ] app\index\controller\Index->index[ D:\wwwroot\qr\application\index\controller\Index.php ]
[ info ] [ DB ] INIT mysql
[ info ] [ VIEW ] D:\wwwroot\qr\public/../application/index\view\index\index.html [ array (
  0 => 'count',
  1 => 'total',
  2 => 'number',
) ]
[ info ] [ LOG ] INIT File
[ sql ] [ DB ] CONNECT:[ UseTime:0.015600s ] mysql:host=127.0.0.1;port=3306;dbname=pay_db;charset=utf8
[ sql ] [ SQL ] SHOW COLUMNS FROM `qr_code` [ RunTime:0.015600s ]
[ sql ] [ SQL ] SELECT COUNT(*) AS tp_count FROM `qr_code` WHERE  ( `time` > 1613059200 AND `time` < 1613081728 ) LIMIT 1 [ RunTime:0.000000s ]
[ sql ] [ SQL ] SELECT COUNT(*) AS tp_count FROM `qr_code` LIMIT 1 [ RunTime:0.015600s ]
[ sql ] [ SQL ] SELECT SUM(number) AS tp_sum FROM `qr_code` LIMIT 1 [ RunTime:0.000000s ]
---------------------------------------------------------------
[ 2021-02-12T13:15:09+08:00 ] 223.104.246.113 GET /
[ info ] qr.zy13.net/ [运行时间：0.156000s][吞吐率：6.41req/s] [内存消耗：2,031.81kb] [文件加载：50]
[ info ] [ LANG ] D:\wwwroot\qr\thinkphp\lang\zh-cn.php
[ info ] [ ROUTE ] array (
  'type' => 'module',
  'module' => 
  array (
    0 => NULL,
    1 => 'index',
    2 => 'index',
  ),
  'convert' => false,
)
[ info ] [ HEADER ] array (
  'accept-language' => 'zh-CN,en-US;q=0.9',
  'accept-encoding' => 'gzip, deflate',
  'referer' => 'https://blog.csdn.net/qq15577969/article/details/105181958',
  'accept' => 'text/html,application/xhtml+xml,application/xml;q=0.9,image/webp,image/apng,*/*;q=0.8',
  'user-agent' => 'Mozilla/5.0 (Linux; Android 10; ELS-AN00) AppleWebKit/537.36 (KHTML, like Gecko) Chrome/70.0.3538.64 HuaweiBrowser/10.0.2.305 Mobile Safari/537.36',
  'upgrade-insecure-requests' => '1',
  'connection' => 'close',
  'host' => 'qr.zy13.net',
)
[ info ] [ PARAM ] array (
)
[ info ] [ RUN ] app\index\controller\Index->index[ D:\wwwroot\qr\application\index\controller\Index.php ]
[ info ] [ DB ] INIT mysql
[ info ] [ VIEW ] D:\wwwroot\qr\public/../application/index\view\index\index.html [ array (
  0 => 'count',
  1 => 'total',
  2 => 'number',
) ]
[ info ] [ LOG ] INIT File
[ sql ] [ DB ] CONNECT:[ UseTime:0.015600s ] mysql:host=127.0.0.1;port=3306;dbname=pay_db;charset=utf8
[ sql ] [ SQL ] SHOW COLUMNS FROM `qr_code` [ RunTime:0.015600s ]
[ sql ] [ SQL ] SELECT COUNT(*) AS tp_count FROM `qr_code` WHERE  ( `time` > 1613059200 AND `time` < 1613106909 ) LIMIT 1 [ RunTime:0.000000s ]
[ sql ] [ SQL ] SELECT COUNT(*) AS tp_count FROM `qr_code` LIMIT 1 [ RunTime:0.000000s ]
[ sql ] [ SQL ] SELECT SUM(number) AS tp_sum FROM `qr_code` LIMIT 1 [ RunTime:0.015600s ]
---------------------------------------------------------------
[ 2021-02-12T13:45:41+08:00 ] 117.154.148.106 GET /
[ info ] qr.zy13.net/ [运行时间：0.109200s][吞吐率：9.16req/s] [内存消耗：2,032.04kb] [文件加载：50]
[ info ] [ LANG ] D:\wwwroot\qr\thinkphp\lang\zh-cn.php
[ info ] [ ROUTE ] array (
  'type' => 'module',
  'module' => 
  array (
    0 => NULL,
    1 => 'index',
    2 => 'index',
  ),
  'convert' => false,
)
[ info ] [ HEADER ] array (
  'accept-language' => 'zh-CN,zh;q=0.9,en-US;q=0.8,en;q=0.7',
  'accept-encoding' => 'gzip, deflate',
  'referer' => 'https://blog.csdn.net/qq15577969/article/details/105181958',
  'accept' => 'text/html,application/xhtml+xml,application/xml;q=0.9,image/webp,image/apng,*/*;q=0.8,application/signed-exchange;v=b3;q=0.9',
  'user-agent' => 'Mozilla/5.0 (Linux; Android 10; BKL-AL20; HMSCore 5.1.0.309; GMSCore 17.7.86) AppleWebKit/537.36 (KHTML, like Gecko) Chrome/83.0.4103.106 HuaweiBrowser/11.0.7.303 Mobile Safari/537.36',
  'upgrade-insecure-requests' => '1',
  'connection' => 'close',
  'host' => 'qr.zy13.net',
)
[ info ] [ PARAM ] array (
)
[ info ] [ RUN ] app\index\controller\Index->index[ D:\wwwroot\qr\application\index\controller\Index.php ]
[ info ] [ DB ] INIT mysql
[ info ] [ VIEW ] D:\wwwroot\qr\public/../application/index\view\index\index.html [ array (
  0 => 'count',
  1 => 'total',
  2 => 'number',
) ]
[ info ] [ LOG ] INIT File
[ sql ] [ DB ] CONNECT:[ UseTime:0.000000s ] mysql:host=127.0.0.1;port=3306;dbname=pay_db;charset=utf8
[ sql ] [ SQL ] SHOW COLUMNS FROM `qr_code` [ RunTime:0.015600s ]
[ sql ] [ SQL ] SELECT COUNT(*) AS tp_count FROM `qr_code` WHERE  ( `time` > 1613059200 AND `time` < 1613108741 ) LIMIT 1 [ RunTime:0.000000s ]
[ sql ] [ SQL ] SELECT COUNT(*) AS tp_count FROM `qr_code` LIMIT 1 [ RunTime:0.000000s ]
[ sql ] [ SQL ] SELECT SUM(number) AS tp_sum FROM `qr_code` LIMIT 1 [ RunTime:0.015600s ]
---------------------------------------------------------------
[ 2021-02-12T14:48:30+08:00 ] 66.249.64.160 GET /
[ info ] qr.zy13.net/ [运行时间：0.124801s][吞吐率：8.01req/s] [内存消耗：2,031.08kb] [文件加载：50]
[ info ] [ LANG ] D:\wwwroot\qr\thinkphp\lang\zh-cn.php
[ info ] [ ROUTE ] array (
  'type' => 'module',
  'module' => 
  array (
    0 => NULL,
    1 => 'index',
    2 => 'index',
  ),
  'convert' => false,
)
[ info ] [ HEADER ] array (
  'accept-encoding' => 'gzip,deflate,br',
  'user-agent' => 'Mozilla/5.0 (compatible; Googlebot/2.1; +http://www.google.com/bot.html)',
  'from' => 'googlebot(at)googlebot.com',
  'accept' => 'text/html,application/xhtml+xml,application/signed-exchange;v=b3,application/xml;q=0.9,*/*;q=0.8',
  'connection' => 'close',
  'host' => 'qr.zy13.net',
)
[ info ] [ PARAM ] array (
)
[ info ] [ RUN ] app\index\controller\Index->index[ D:\wwwroot\qr\application\index\controller\Index.php ]
[ info ] [ DB ] INIT mysql
[ info ] [ VIEW ] D:\wwwroot\qr\public/../application/index\view\index\index.html [ array (
  0 => 'count',
  1 => 'total',
  2 => 'number',
) ]
[ info ] [ LOG ] INIT File
[ sql ] [ DB ] CONNECT:[ UseTime:0.015600s ] mysql:host=127.0.0.1;port=3306;dbname=pay_db;charset=utf8
[ sql ] [ SQL ] SHOW COLUMNS FROM `qr_code` [ RunTime:0.000000s ]
[ sql ] [ SQL ] SELECT COUNT(*) AS tp_count FROM `qr_code` WHERE  ( `time` > 1613059200 AND `time` < 1613112510 ) LIMIT 1 [ RunTime:0.015601s ]
[ sql ] [ SQL ] SELECT COUNT(*) AS tp_count FROM `qr_code` LIMIT 1 [ RunTime:0.000000s ]
[ sql ] [ SQL ] SELECT SUM(number) AS tp_sum FROM `qr_code` LIMIT 1 [ RunTime:0.000000s ]
---------------------------------------------------------------
[ 2021-02-12T15:18:28+08:00 ] 66.249.64.191 GET /
[ info ] qr.zy13.net/ [运行时间：0.109201s][吞吐率：9.16req/s] [内存消耗：2,031.63kb] [文件加载：50]
[ info ] [ LANG ] D:\wwwroot\qr\thinkphp\lang\zh-cn.php
[ info ] [ ROUTE ] array (
  'type' => 'module',
  'module' => 
  array (
    0 => NULL,
    1 => 'index',
    2 => 'index',
  ),
  'convert' => false,
)
[ info ] [ HEADER ] array (
  'accept-encoding' => 'gzip,deflate,br',
  'user-agent' => 'Mozilla/5.0 (Linux; Android 6.0.1; Nexus 5X Build/MMB29P) AppleWebKit/537.36 (KHTML, like Gecko) Chrome/88.0.4324.153 Mobile Safari/537.36 (compatible; Googlebot/2.1; +http://www.google.com/bot.html)',
  'from' => 'googlebot(at)googlebot.com',
  'accept' => 'text/html,application/xhtml+xml,application/signed-exchange;v=b3,application/xml;q=0.9,*/*;q=0.8',
  'connection' => 'close',
  'amp-cache-transform' => 'google;v="1..5"',
  'host' => 'qr.zy13.net',
)
[ info ] [ PARAM ] array (
)
[ info ] [ RUN ] app\index\controller\Index->index[ D:\wwwroot\qr\application\index\controller\Index.php ]
[ info ] [ DB ] INIT mysql
[ info ] [ VIEW ] D:\wwwroot\qr\public/../application/index\view\index\index.html [ array (
  0 => 'count',
  1 => 'total',
  2 => 'number',
) ]
[ info ] [ LOG ] INIT File
[ sql ] [ DB ] CONNECT:[ UseTime:0.015600s ] mysql:host=127.0.0.1;port=3306;dbname=pay_db;charset=utf8
[ sql ] [ SQL ] SHOW COLUMNS FROM `qr_code` [ RunTime:0.000000s ]
[ sql ] [ SQL ] SELECT COUNT(*) AS tp_count FROM `qr_code` WHERE  ( `time` > 1613059200 AND `time` < 1613114308 ) LIMIT 1 [ RunTime:0.015601s ]
[ sql ] [ SQL ] SELECT COUNT(*) AS tp_count FROM `qr_code` LIMIT 1 [ RunTime:0.000000s ]
[ sql ] [ SQL ] SELECT SUM(number) AS tp_sum FROM `qr_code` LIMIT 1 [ RunTime:0.000000s ]
---------------------------------------------------------------
[ 2021-02-12T16:55:53+08:00 ] 101.248.235.10 GET /
[ info ] qr.zy13.net/ [运行时间：0.109201s][吞吐率：9.16req/s] [内存消耗：2,032.73kb] [文件加载：50]
[ info ] [ LANG ] D:\wwwroot\qr\thinkphp\lang\zh-cn.php
[ info ] [ ROUTE ] array (
  'type' => 'module',
  'module' => 
  array (
    0 => NULL,
    1 => 'index',
    2 => 'index',
  ),
  'convert' => false,
)
[ info ] [ HEADER ] array (
  'hadesurlheader' => '',
  'accept-language' => 'zh-cn',
  'referer' => 'https://m.baidu.com/searchframe?tn=zbios&preload=1&pu=cuid%40658B69DF36ACC5B30C231BF2B3A2736BD8D029324FBPJBADQSF%2Ccua%401125_2436_iphone_12.7.0.10_0%2Ccut%40iPhone13%2C2_14.4%2Cosname%40baiduboxapp%2Cctv%401%2Ccfrom%401099a%2Ccud%40OUNBNjBGMkItNzIxMS00M0Y4LTg2QkUtQzgxOTI5QTk2Njg2&network=1_0&t_samp=preload_4_1004&from=1099a',
  'user-agent' => 'Mozilla/5.0 (iPhone; CPU iPhone OS 14_4 like Mac OS X) AppleWebKit/605.1.15 (KHTML, like Gecko) Mobile/15E148 SP-engine/2.27.0 main%2F1.0 baiduboxapp/12.7.0.10 (Baidu; P2 14.4) NABar/1.0',
  'accept' => 'text/html,application/xhtml+xml,application/xml;q=0.9,*/*;q=0.8',
  'upgrade-insecure-requests' => '1',
  'connection' => 'close',
  'accept-encoding' => 'gzip, deflate',
  'host' => 'qr.zy13.net',
)
[ info ] [ PARAM ] array (
)
[ info ] [ RUN ] app\index\controller\Index->index[ D:\wwwroot\qr\application\index\controller\Index.php ]
[ info ] [ DB ] INIT mysql
[ info ] [ VIEW ] D:\wwwroot\qr\public/../application/index\view\index\index.html [ array (
  0 => 'count',
  1 => 'total',
  2 => 'number',
) ]
[ info ] [ LOG ] INIT File
[ sql ] [ DB ] CONNECT:[ UseTime:0.000000s ] mysql:host=127.0.0.1;port=3306;dbname=pay_db;charset=utf8
[ sql ] [ SQL ] SHOW COLUMNS FROM `qr_code` [ RunTime:0.015600s ]
[ sql ] [ SQL ] SELECT COUNT(*) AS tp_count FROM `qr_code` WHERE  ( `time` > 1613059200 AND `time` < 1613120153 ) LIMIT 1 [ RunTime:0.000000s ]
[ sql ] [ SQL ] SELECT COUNT(*) AS tp_count FROM `qr_code` LIMIT 1 [ RunTime:0.000000s ]
[ sql ] [ SQL ] SELECT SUM(number) AS tp_sum FROM `qr_code` LIMIT 1 [ RunTime:0.015600s ]
---------------------------------------------------------------
[ 2021-02-12T16:58:26+08:00 ] 117.182.83.111 GET /
[ info ] qr.zy13.net/ [运行时间：0.124800s][吞吐率：8.01req/s] [内存消耗：2,031.96kb] [文件加载：50]
[ info ] [ LANG ] D:\wwwroot\qr\thinkphp\lang\zh-cn.php
[ info ] [ ROUTE ] array (
  'type' => 'module',
  'module' => 
  array (
    0 => NULL,
    1 => 'index',
    2 => 'index',
  ),
  'convert' => false,
)
[ info ] [ HEADER ] array (
  'accept-language' => 'zh-CN,zh;q=0.9,en-US;q=0.8,en;q=0.7',
  'accept-encoding' => 'gzip, deflate',
  'referer' => 'https://blog.csdn.net/qq15577969/article/details/105181958',
  'accept' => 'text/html,application/xhtml+xml,application/xml;q=0.9,image/webp,image/apng,*/*;q=0.8,application/signed-exchange;v=b3;q=0.9',
  'user-agent' => 'Mozilla/5.0 (Linux; Android 10; CDY-AN00; HMSCore 5.1.0.309) AppleWebKit/537.36 (KHTML, like Gecko) Chrome/83.0.4103.106 HuaweiBrowser/11.0.4.300 Mobile Safari/537.36',
  'upgrade-insecure-requests' => '1',
  'connection' => 'close',
  'host' => 'qr.zy13.net',
)
[ info ] [ PARAM ] array (
)
[ info ] [ RUN ] app\index\controller\Index->index[ D:\wwwroot\qr\application\index\controller\Index.php ]
[ info ] [ DB ] INIT mysql
[ info ] [ VIEW ] D:\wwwroot\qr\public/../application/index\view\index\index.html [ array (
  0 => 'count',
  1 => 'total',
  2 => 'number',
) ]
[ info ] [ LOG ] INIT File
[ sql ] [ DB ] CONNECT:[ UseTime:0.015600s ] mysql:host=127.0.0.1;port=3306;dbname=pay_db;charset=utf8
[ sql ] [ SQL ] SHOW COLUMNS FROM `qr_code` [ RunTime:0.000000s ]
[ sql ] [ SQL ] SELECT COUNT(*) AS tp_count FROM `qr_code` WHERE  ( `time` > 1613059200 AND `time` < 1613120306 ) LIMIT 1 [ RunTime:0.015600s ]
[ sql ] [ SQL ] SELECT COUNT(*) AS tp_count FROM `qr_code` LIMIT 1 [ RunTime:0.000000s ]
[ sql ] [ SQL ] SELECT SUM(number) AS tp_sum FROM `qr_code` LIMIT 1 [ RunTime:0.000000s ]
---------------------------------------------------------------
[ 2021-02-12T17:33:51+08:00 ] 182.85.99.5 GET /
[ info ] qr.zy13.net/ [运行时间：0.109200s][吞吐率：9.16req/s] [内存消耗：2,031.81kb] [文件加载：50]
[ info ] [ LANG ] D:\wwwroot\qr\thinkphp\lang\zh-cn.php
[ info ] [ ROUTE ] array (
  'type' => 'module',
  'module' => 
  array (
    0 => NULL,
    1 => 'index',
    2 => 'index',
  ),
  'convert' => false,
)
[ info ] [ HEADER ] array (
  'accept-language' => 'zh-CN,en-US;q=0.9',
  'accept-encoding' => 'gzip, deflate',
  'referer' => 'https://blog.csdn.net/qq15577969/article/details/105181958',
  'accept' => 'text/html,application/xhtml+xml,application/xml;q=0.9,image/webp,image/apng,*/*;q=0.8',
  'user-agent' => 'Mozilla/5.0 (Linux; U; Android 10; zh-cn; MI 8 Build/QKQ1.190828.002) AppleWebKit/537.36 (KHTML, like Gecko) Version/4.0 Chrome/71.0.3578.141 Mobile Safari/537.36 XiaoMi/MiuiBrowser/12.6.22',
  'upgrade-insecure-requests' => '1',
  'connection' => 'close',
  'host' => 'qr.zy13.net',
)
[ info ] [ PARAM ] array (
)
[ info ] [ RUN ] app\index\controller\Index->index[ D:\wwwroot\qr\application\index\controller\Index.php ]
[ info ] [ DB ] INIT mysql
[ info ] [ VIEW ] D:\wwwroot\qr\public/../application/index\view\index\index.html [ array (
  0 => 'count',
  1 => 'total',
  2 => 'number',
) ]
[ info ] [ LOG ] INIT File
[ sql ] [ DB ] CONNECT:[ UseTime:0.015600s ] mysql:host=127.0.0.1;port=3306;dbname=pay_db;charset=utf8
[ sql ] [ SQL ] SHOW COLUMNS FROM `qr_code` [ RunTime:0.000000s ]
[ sql ] [ SQL ] SELECT COUNT(*) AS tp_count FROM `qr_code` WHERE  ( `time` > 1613059200 AND `time` < 1613122431 ) LIMIT 1 [ RunTime:0.015600s ]
[ sql ] [ SQL ] SELECT COUNT(*) AS tp_count FROM `qr_code` LIMIT 1 [ RunTime:0.000000s ]
[ sql ] [ SQL ] SELECT SUM(number) AS tp_sum FROM `qr_code` LIMIT 1 [ RunTime:0.000000s ]
---------------------------------------------------------------
[ 2021-02-12T17:34:52+08:00 ] 101.89.19.149 GET /
[ info ] qr.zy13.net/ [运行时间：0.124801s][吞吐率：8.01req/s] [内存消耗：2,030.77kb] [文件加载：50]
[ info ] [ LANG ] D:\wwwroot\qr\thinkphp\lang\zh-cn.php
[ info ] [ ROUTE ] array (
  'type' => 'module',
  'module' => 
  array (
    0 => NULL,
    1 => 'index',
    2 => 'index',
  ),
  'convert' => false,
)
[ info ] [ HEADER ] array (
  'connection' => 'close',
  'host' => 'qr.zy13.net',
  'accept-language' => 'zh-CN,zh;q=0.8,en-US;q=0.6,en;q=0.4',
  'accept' => '*/*',
  'user-agent' => 'Mozilla/5.0 (Windows NT 6.1; WOW64; rv:50.0) Gecko/20100101 Firefox/50.0',
)
[ info ] [ PARAM ] array (
)
[ info ] [ RUN ] app\index\controller\Index->index[ D:\wwwroot\qr\application\index\controller\Index.php ]
[ info ] [ DB ] INIT mysql
[ info ] [ VIEW ] D:\wwwroot\qr\public/../application/index\view\index\index.html [ array (
  0 => 'count',
  1 => 'total',
  2 => 'number',
) ]
[ info ] [ LOG ] INIT File
[ sql ] [ DB ] CONNECT:[ UseTime:0.000000s ] mysql:host=127.0.0.1;port=3306;dbname=pay_db;charset=utf8
[ sql ] [ SQL ] SHOW COLUMNS FROM `qr_code` [ RunTime:0.015600s ]
[ sql ] [ SQL ] SELECT COUNT(*) AS tp_count FROM `qr_code` WHERE  ( `time` > 1613059200 AND `time` < 1613122492 ) LIMIT 1 [ RunTime:0.000000s ]
[ sql ] [ SQL ] SELECT COUNT(*) AS tp_count FROM `qr_code` LIMIT 1 [ RunTime:0.000000s ]
[ sql ] [ SQL ] SELECT SUM(number) AS tp_sum FROM `qr_code` LIMIT 1 [ RunTime:0.000000s ]
---------------------------------------------------------------
[ 2021-02-12T20:08:17+08:00 ] 117.141.86.146 GET /qr/39.html
[ info ] qr.zy13.net/qr/39.html [运行时间：0.109200s][吞吐率：9.16req/s] [内存消耗：2,039.02kb] [文件加载：51]
[ info ] [ LANG ] D:\wwwroot\qr\thinkphp\lang\zh-cn.php
[ info ] [ ROUTE ] array (
  'type' => 'module',
  'module' => 
  array (
    0 => NULL,
    1 => 'index',
    2 => 'qr',
  ),
  'convert' => false,
)
[ info ] [ HEADER ] array (
  'accept-language' => 'zh-CN,zh;q=0.9,en-US;q=0.8,en;q=0.7',
  'accept-encoding' => 'gzip, deflate',
  'x-requested-with' => 'com.tencent.mm',
  'accept' => 'text/html,application/xhtml+xml,application/xml;q=0.9,image/webp,image/apng,*/*;q=0.8,application/signed-exchange;v=b3',
  'user-agent' => 'Mozilla/5.0 (Linux; Android 8.1.0; vivo Y71A Build/OPM1.171019.011; wv) AppleWebKit/537.36 (KHTML, like Gecko) Version/4.0 Chrome/77.0.3865.120 MQQBrowser/6.2 TBS/045513 Mobile Safari/537.36 MMWEBID/5473 MicroMessenger/7.0.21.1800(0x270015D5) Process/tools WeChat/arm64 Weixin NetType/WIFI Language/zh_CN ABI/arm64',
  'upgrade-insecure-requests' => '1',
  'connection' => 'close',
  'host' => 'qr.zy13.net',
)
[ info ] [ PARAM ] array (
  'id' => '39',
)
[ info ] [ RUN ] app\index\controller\Index->qr[ D:\wwwroot\qr\application\index\controller\Index.php ]
[ info ] [ DB ] INIT mysql
[ info ] [ CACHE ] INIT File
[ info ] [ VIEW ] D:\wwwroot\qr\public/../application/index\view\index\wx.html [ array (
  0 => 'pay_url',
  1 => 'pay_name',
) ]
[ info ] [ LOG ] INIT File
[ sql ] [ DB ] CONNECT:[ UseTime:0.000000s ] mysql:host=127.0.0.1;port=3306;dbname=pay_db;charset=utf8
[ sql ] [ SQL ] SHOW COLUMNS FROM `qr_code` [ RunTime:0.015600s ]
[ sql ] [ SQL ] SELECT * FROM `qr_code` WHERE  `id` = 39 LIMIT 1 [ RunTime:0.000000s ]
[ sql ] [ SQL ] UPDATE `qr_code`  SET `number`=`number`+1  WHERE  `id` = 39 [ RunTime:0.000000s ]
---------------------------------------------------------------
[ 2021-02-12T20:09:00+08:00 ] 117.141.86.146 GET /qr/39.html
[ info ] qr.zy13.net/qr/39.html [运行时间：0.187200s][吞吐率：5.34req/s] [内存消耗：2,039.02kb] [文件加载：51]
[ info ] [ LANG ] D:\wwwroot\qr\thinkphp\lang\zh-cn.php
[ info ] [ ROUTE ] array (
  'type' => 'module',
  'module' => 
  array (
    0 => NULL,
    1 => 'index',
    2 => 'qr',
  ),
  'convert' => false,
)
[ info ] [ HEADER ] array (
  'accept-language' => 'zh-CN,zh;q=0.9,en-US;q=0.8,en;q=0.7',
  'accept-encoding' => 'gzip, deflate',
  'x-requested-with' => 'com.tencent.mm',
  'accept' => 'text/html,application/xhtml+xml,application/xml;q=0.9,image/webp,image/apng,*/*;q=0.8,application/signed-exchange;v=b3',
  'user-agent' => 'Mozilla/5.0 (Linux; Android 8.1.0; vivo Y71A Build/OPM1.171019.011; wv) AppleWebKit/537.36 (KHTML, like Gecko) Version/4.0 Chrome/77.0.3865.120 MQQBrowser/6.2 TBS/045513 Mobile Safari/537.36 MMWEBID/5473 MicroMessenger/7.0.21.1800(0x270015D5) Process/tools WeChat/arm64 Weixin NetType/WIFI Language/zh_CN ABI/arm64',
  'upgrade-insecure-requests' => '1',
  'connection' => 'close',
  'host' => 'qr.zy13.net',
)
[ info ] [ PARAM ] array (
  'id' => '39',
)
[ info ] [ RUN ] app\index\controller\Index->qr[ D:\wwwroot\qr\application\index\controller\Index.php ]
[ info ] [ DB ] INIT mysql
[ info ] [ CACHE ] INIT File
[ info ] [ VIEW ] D:\wwwroot\qr\public/../application/index\view\index\wx.html [ array (
  0 => 'pay_url',
  1 => 'pay_name',
) ]
[ info ] [ LOG ] INIT File
[ sql ] [ DB ] CONNECT:[ UseTime:0.000000s ] mysql:host=127.0.0.1;port=3306;dbname=pay_db;charset=utf8
[ sql ] [ SQL ] SHOW COLUMNS FROM `qr_code` [ RunTime:0.015600s ]
[ sql ] [ SQL ] SELECT * FROM `qr_code` WHERE  `id` = 39 LIMIT 1 [ RunTime:0.015600s ]
[ sql ] [ SQL ] UPDATE `qr_code`  SET `number`=`number`+1  WHERE  `id` = 39 [ RunTime:0.109200s ]
---------------------------------------------------------------
[ 2021-02-12T20:09:01+08:00 ] 117.141.86.146 GET /api.html?text=wxp://f2f0d8_xjUzDwdQnjsm1bkqAZ6OeokunqSGGoAWiF8QvTKU=
[ info ] qr.zy13.net/api.html?text=wxp://f2f0d8_xjUzDwdQnjsm1bkqAZ6OeokunqSGGoAWiF8QvTKU= [运行时间：0.124800s][吞吐率：8.01req/s] [内存消耗：1,823.98kb] [文件加载：41]
[ info ] [ LANG ] D:\wwwroot\qr\thinkphp\lang\zh-cn.php
[ info ] [ ROUTE ] array (
  'type' => 'module',
  'module' => 
  array (
    0 => NULL,
    1 => 'index',
    2 => 'api',
  ),
  'convert' => false,
)
[ info ] [ HEADER ] array (
  'accept-language' => 'zh-CN,zh;q=0.9,en-US;q=0.8,en;q=0.7',
  'accept-encoding' => 'gzip, deflate',
  'referer' => 'http://qr.zy13.net/qr/39.html',
  'x-requested-with' => 'com.tencent.mm',
  'accept' => 'image/webp,image/wxpic,image/sharpp,image/apng,image/tpg,image/*,*/*;q=0.8',
  'user-agent' => 'Mozilla/5.0 (Linux; Android 8.1.0; vivo Y71A Build/OPM1.171019.011; wv) AppleWebKit/537.36 (KHTML, like Gecko) Version/4.0 Chrome/77.0.3865.120 MQQBrowser/6.2 TBS/045513 Mobile Safari/537.36 MMWEBID/5473 MicroMessenger/7.0.21.1800(0x270015D5) Process/tools WeChat/arm64 Weixin NetType/WIFI Language/zh_CN ABI/arm64',
  'connection' => 'close',
  'host' => 'qr.zy13.net',
)
[ info ] [ PARAM ] array (
  'text' => 'wxp://f2f0d8_xjUzDwdQnjsm1bkqAZ6OeokunqSGGoAWiF8QvTKU=',
)
[ info ] [ RUN ] app\index\controller\Index->api[ D:\wwwroot\qr\application\index\controller\Index.php ]
[ info ] [ LOG ] INIT File
---------------------------------------------------------------
[ 2021-02-12T23:44:59+08:00 ] 66.249.64.160 GET /
[ info ] qr.zy13.net/ [运行时间：0.109200s][吞吐率：9.16req/s] [内存消耗：2,031.08kb] [文件加载：50]
[ info ] [ LANG ] D:\wwwroot\qr\thinkphp\lang\zh-cn.php
[ info ] [ ROUTE ] array (
  'type' => 'module',
  'module' => 
  array (
    0 => NULL,
    1 => 'index',
    2 => 'index',
  ),
  'convert' => false,
)
[ info ] [ HEADER ] array (
  'accept-encoding' => 'gzip,deflate,br',
  'user-agent' => 'Mozilla/5.0 (compatible; Googlebot/2.1; +http://www.google.com/bot.html)',
  'from' => 'googlebot(at)googlebot.com',
  'accept' => 'text/html,application/xhtml+xml,application/signed-exchange;v=b3,application/xml;q=0.9,*/*;q=0.8',
  'connection' => 'close',
  'host' => 'qr.zy13.net',
)
[ info ] [ PARAM ] array (
)
[ info ] [ RUN ] app\index\controller\Index->index[ D:\wwwroot\qr\application\index\controller\Index.php ]
[ info ] [ DB ] INIT mysql
[ info ] [ VIEW ] D:\wwwroot\qr\public/../application/index\view\index\index.html [ array (
  0 => 'count',
  1 => 'total',
  2 => 'number',
) ]
[ info ] [ LOG ] INIT File
[ sql ] [ DB ] CONNECT:[ UseTime:0.015600s ] mysql:host=127.0.0.1;port=3306;dbname=pay_db;charset=utf8
[ sql ] [ SQL ] SHOW COLUMNS FROM `qr_code` [ RunTime:0.000000s ]
[ sql ] [ SQL ] SELECT COUNT(*) AS tp_count FROM `qr_code` WHERE  ( `time` > 1613059200 AND `time` < 1613144699 ) LIMIT 1 [ RunTime:0.015600s ]
[ sql ] [ SQL ] SELECT COUNT(*) AS tp_count FROM `qr_code` LIMIT 1 [ RunTime:0.000000s ]
[ sql ] [ SQL ] SELECT SUM(number) AS tp_sum FROM `qr_code` LIMIT 1 [ RunTime:0.000000s ]
